[    0.00] Initializing mpi-sppy
[    0.65] Initializing SPBase
[    3.08] Initializing PHBase
[    3.13] Starting spcomm.main()
[    3.23] Creating solvers
Set parameter Username
Set parameter Username
Set parameter Username
Set parameter Username
Set parameter Username
Set parameter Username
Set parameter Username
Set parameter Username
Set parameter Username
Academic license - for non-commercial use only - expires 2023-01-25
Academic license - for non-commercial use only - expires 2023-01-25
Academic license - for non-commercial use only - expires 2023-01-25
Academic license - for non-commercial use only - expires 2023-01-25
Academic license - for non-commercial use only - expires 2023-01-25
Academic license - for non-commercial use only - expires 2023-01-25
Academic license - for non-commercial use only - expires 2023-01-25
Academic license - for non-commercial use only - expires 2023-01-25
Academic license - for non-commercial use only - expires 2023-01-25
[    3.86] Entering solve loop in PHBase.Iter0
[    4.32] Iter.           Best Bound  Best Incumbent      Rel. Gap        Abs. Gap
[    4.32]     1  L         1726.7143             inf           inf%             inf
[    4.85]     2  L X       1727.0151       1892.5801         9.587%        165.5649
[    5.37]     3    X       1727.0151       1848.6937         7.046%        121.6786
[    5.90]     4            1727.0151       1848.6937         7.046%        121.6786
[    6.41]     5  L         1728.3214       1848.6937         6.965%        120.3723
[    6.91]     6  L X       1728.4260       1815.8662         5.059%         87.4402
[    7.41]     7            1728.4260       1815.8662         5.059%         87.4402
[    7.92]     8            1728.4260       1815.8662         5.059%         87.4402
[    8.44]     9    X       1728.4260       1788.4203         3.471%         59.9944
[    8.94]    10    X       1728.4260       1783.3252         3.176%         54.8993
[    9.46]    11    X       1728.4260       1776.3839         2.775%         47.9579
[    9.97]    12            1728.4260       1776.3839         2.775%         47.9579
[   10.48]    13            1728.4260       1776.3839         2.775%         47.9579
[   11.00]    14    X       1728.4260       1764.4178         2.082%         35.9918
[   11.51]    15            1728.4260       1764.4178         2.082%         35.9918
[   12.04]    16            1728.4260       1764.4178         2.082%         35.9918
[   12.56]    17    X       1728.4260       1757.3752         1.675%         28.9493
[   13.08]    18    X       1728.4260       1757.2211         1.666%         28.7951
[   13.60]    19            1728.4260       1757.2211         1.666%         28.7951
[   14.12]    20            1728.4260       1757.2211         1.666%         28.7951
[   14.66]    21            1728.4260       1757.2211         1.666%         28.7951
[   15.18]    22            1728.4260       1757.2211         1.666%         28.7951
[   15.70]    23            1728.4260       1757.2211         1.666%         28.7951
[   16.23]    24            1728.4260       1757.2211         1.666%         28.7951
[   16.75]    25            1728.4260       1757.2211         1.666%         28.7951
[   17.33]    26    X       1728.4260       1753.4068         1.445%         24.9808
[   17.85]    27            1728.4260       1753.4068         1.445%         24.9808
[   18.36]    28            1728.4260       1753.4068         1.445%         24.9808
[   18.87]    29            1728.4260       1753.4068         1.445%         24.9808
[   19.38]    30            1728.4260       1753.4068         1.445%         24.9808
[   19.90]    31            1728.4260       1753.4068         1.445%         24.9808
[   20.45]    32            1728.4260       1753.4068         1.445%         24.9808
[   20.96]    33    X       1728.4260       1753.2289         1.435%         24.8029
[   21.48]    34            1728.4260       1753.2289         1.435%         24.8029
[   22.00]    35            1728.4260       1753.2289         1.435%         24.8029
[   22.49]    36            1728.4260       1753.2289         1.435%         24.8029
[   23.02]    37            1728.4260       1753.2289         1.435%         24.8029
[   23.56]    38            1728.4260       1753.2289         1.435%         24.8029
[   24.07]    39            1728.4260       1753.2289         1.435%         24.8029
[   24.59]    40            1728.4260       1753.2289         1.435%         24.8029
[   25.13]    41            1728.4260       1753.2289         1.435%         24.8029
[   25.65]    42            1728.4260       1753.2289         1.435%         24.8029
[   26.18]    43            1728.4260       1753.2289         1.435%         24.8029
[   26.71]    44            1728.4260       1753.2289         1.435%         24.8029
[   27.23]    45            1728.4260       1753.2289         1.435%         24.8029
[   27.76]    46            1728.4260       1753.2289         1.435%         24.8029
[   28.28]    47            1728.4260       1753.2289         1.435%         24.8029
[   28.77]    48    X       1728.4260       1751.8340         1.354%         23.4081
[   29.29]    49            1728.4260       1751.8340         1.354%         23.4081
[   29.82]    50            1728.4260       1751.8340         1.354%         23.4081
[   30.34]    51            1728.4260       1751.8340         1.354%         23.4081
[   30.92]    52    X       1728.4260       1751.8322         1.354%         23.4062
[   31.41]    53            1728.4260       1751.8322         1.354%         23.4062
[   31.93]    54            1728.4260       1751.8322         1.354%         23.4062
[   32.46]    55    X       1728.4260       1751.8248         1.354%         23.3988
[   32.98]    56            1728.4260       1751.8248         1.354%         23.3988
[   33.50]    57            1728.4260       1751.8248         1.354%         23.3988
[   34.03]    58            1728.4260       1751.8248         1.354%         23.3988
[   34.57]    59            1728.4260       1751.8248         1.354%         23.3988
[   35.06]    60            1728.4260       1751.8248         1.354%         23.3988
[   35.58]    61            1728.4260       1751.8248         1.354%         23.3988
[   36.11]    62            1728.4260       1751.8248         1.354%         23.3988
[   36.64]    63            1728.4260       1751.8248         1.354%         23.3988
[   37.18]    64    X       1728.4260       1751.7550         1.350%         23.3291
[   37.72]    65    X       1728.4260       1751.4690         1.333%         23.0431
[   38.25]    66            1728.4260       1751.4690         1.333%         23.0431
[   38.75]    67            1728.4260       1751.4690         1.333%         23.0431
[   39.29]    68            1728.4260       1751.4690         1.333%         23.0431
[   39.81]    69            1728.4260       1751.4690         1.333%         23.0431
[   40.34]    70            1728.4260       1751.4690         1.333%         23.0431
[   40.88]    71            1728.4260       1751.4690         1.333%         23.0431
[   41.37]    72            1728.4260       1751.4690         1.333%         23.0431
[   41.91]    73            1728.4260       1751.4690         1.333%         23.0431
[   42.44]    74            1728.4260       1751.4690         1.333%         23.0431
[   42.97]    75            1728.4260       1751.4690         1.333%         23.0431
[   43.50]    76            1728.4260       1751.4690         1.333%         23.0431
[   44.02]    77            1728.4260       1751.4690         1.333%         23.0431
[   44.57]    78            1728.4260       1751.4690         1.333%         23.0431
[   45.11]    79            1728.4260       1751.4690         1.333%         23.0431
[   45.64]    80            1728.4260       1751.4690         1.333%         23.0431
[   46.17]    81            1728.4260       1751.4690         1.333%         23.0431
[   46.70]    82            1728.4260       1751.4690         1.333%         23.0431
[   47.23]    83            1728.4260       1751.4690         1.333%         23.0431
[   47.71]    84            1728.4260       1751.4690         1.333%         23.0431
[   48.24]    85            1728.4260       1751.4690         1.333%         23.0431
[   48.77]    86            1728.4260       1751.4690         1.333%         23.0431
[   49.30]    87            1728.4260       1751.4690         1.333%         23.0431
[   49.83]    88            1728.4260       1751.4690         1.333%         23.0431
[   50.31]    89            1728.4260       1751.4690         1.333%         23.0431
[   50.84]    90            1728.4260       1751.4690         1.333%         23.0431
[   51.37]    91    X       1728.4260       1751.4150         1.330%         22.9890
[   51.90]    92            1728.4260       1751.4150         1.330%         22.9890
[   52.43]    93            1728.4260       1751.4150         1.330%         22.9890
[   52.95]    94            1728.4260       1751.4150         1.330%         22.9890
[   53.48]    95            1728.4260       1751.4150         1.330%         22.9890
[   53.97]    96            1728.4260       1751.4150         1.330%         22.9890
[   54.50]    97            1728.4260       1751.4150         1.330%         22.9890
[   55.05]    98            1728.4260       1751.4150         1.330%         22.9890
[   55.58]    99            1728.4260       1751.4150         1.330%         22.9890
[   56.12]   100    X       1728.4260       1751.3661         1.327%         22.9401
[   56.58] Reached user-specified limit=100 on number of PH iterations
[   56.62] Hub algorithm PH complete, waiting for spoke finalization
[   56.84] Spoke XhatShuffleInnerBound finalized
[   56.96] Spoke LagrangianOuterBound finalized
[   56.96] Statistics at termination
[   56.96] Iter.           Best Bound  Best Incumbent      Rel. Gap        Abs. Gap
[   56.96]   100            1728.4260       1751.3661         1.327%         22.9401
[   56.96] Windows freed
BestInnerBound=1751.3660962405788 and BestOuterBound=1728.425964314963
Writing first stage solution to aircond_cyl_nonants.npy
