[    0.00] Initializing mpi-sppy
[    6.55] Start SPBase.__init__
Using license file /usr/gapps/ppp/gurobi/gurobi.lic
Set parameter TokenServer to value elsie3.llnl.gov
Set parameter TSPort to value 28522
Using license file /usr/gapps/ppp/gurobi/gurobi.lic
Set parameter TokenServer to value elsie3.llnl.gov
Set parameter TSPort to value 28522
Using license file /usr/gapps/ppp/gurobi/gurobi.lic
Set parameter TokenServer to value elsie3.llnl.gov
Set parameter TSPort to value 28522
Using license file /usr/gapps/ppp/gurobi/gurobi.lic
Set parameter TokenServer to value elsie3.llnl.gov
Set parameter TSPort to value 28522
Using license file /usr/gapps/ppp/gurobi/gurobi.lic
Using license file /usr/gapps/ppp/gurobi/gurobi.lic
Using license file /usr/gapps/ppp/gurobi/gurobi.lic
Using license file /usr/gapps/ppp/gurobi/gurobi.lic
Set parameter TokenServer to value elsie3.llnl.gov
Set parameter TokenServer to value elsie3.llnl.gov
Set parameter TokenServer to value elsie3.llnl.gov
Set parameter TokenServer to value elsie3.llnl.gov
Set parameter TSPort to value 28522
Set parameter TSPort to value 28522
Set parameter TSPort to value 28522
Set parameter TSPort to value 28522
Using license file /usr/gapps/ppp/gurobi/gurobi.lic
Using license file /usr/gapps/ppp/gurobi/gurobi.lic
Set parameter TokenServer to value elsie3.llnl.gov
Using license file /usr/gapps/ppp/gurobi/gurobi.lic
Using license file /usr/gapps/ppp/gurobi/gurobi.lic
Using license file /usr/gapps/ppp/gurobi/gurobi.lic
Set parameter TSPort to value 28522
Set parameter TokenServer to value elsie3.llnl.gov
Set parameter TokenServer to value elsie3.llnl.gov
Set parameter TokenServer to value elsie3.llnl.gov
Set parameter TSPort to value 28522
Set parameter TSPort to value 28522
Set parameter TSPort to value 28522
[   13.98] Start PHBase.__init__
Using license file /usr/gapps/ppp/gurobi/gurobi.lic
Set parameter TokenServer to value elsie3.llnl.gov
Set parameter TSPort to value 28522
Using license file /usr/gapps/ppp/gurobi/gurobi.lic
Set parameter TokenServer to value elsie3.llnl.gov
Set parameter TSPort to value 28522
Using license file /usr/gapps/ppp/gurobi/gurobi.lic
Set parameter TokenServer to value elsie3.llnl.gov
Using license file /usr/gapps/ppp/gurobi/gurobi.lic
Set parameter TSPort to value 28522
Using license file /usr/gapps/ppp/gurobi/gurobi.lic
Set parameter TokenServer to value elsie3.llnl.gov
Set parameter TSPort to value 28522
Using license file /usr/gapps/ppp/gurobi/gurobi.lic
Set parameter TokenServer to value elsie3.llnl.gov
Set parameter TSPort to value 28522
Set parameter TokenServer to value elsie3.llnl.gov
Set parameter TSPort to value 28522
Using license file /usr/gapps/ppp/gurobi/gurobi.lic
Set parameter TokenServer to value elsie3.llnl.gov
Set parameter TSPort to value 28522
Using license file /usr/gapps/ppp/gurobi/gurobi.lic
Set parameter TokenServer to value elsie3.llnl.gov
Set parameter TSPort to value 28522
Using license file /usr/gapps/ppp/gurobi/gurobi.lic
Set parameter TokenServer to value elsie3.llnl.gov
Set parameter TSPort to value 28522
Using license file /usr/gapps/ppp/gurobi/gurobi.lic
Set parameter TokenServer to value elsie3.llnl.gov
Set parameter TSPort to value 28522
Using license file /usr/gapps/ppp/gurobi/gurobi.lic
Set parameter TokenServer to value elsie3.llnl.gov
Set parameter TSPort to value 28522
Using license file /usr/gapps/ppp/gurobi/gurobi.lic
Set parameter TokenServer to value elsie3.llnl.gov
Set parameter TSPort to value 28522
Using license file /usr/gapps/ppp/gurobi/gurobi.lic
Set parameter TokenServer to value elsie3.llnl.gov
Set parameter TSPort to value 28522
Using license file /usr/gapps/ppp/gurobi/gurobi.lic
Set parameter TokenServer to value elsie3.llnl.gov
Set parameter TSPort to value 28522
Set parameter TokenServer to value elsie3.llnl.gov
Set parameter TSPort to value 28522
Using license file /usr/gapps/ppp/gurobi/gurobi.lic
Using license file /usr/gapps/ppp/gurobi/gurobi.lic
Set parameter TokenServer to value elsie3.llnl.gov
Set parameter TSPort to value 28522
Set parameter TokenServer to value elsie3.llnl.gov
Set parameter TSPort to value 28522
Using license file /usr/gapps/ppp/gurobi/gurobi.lic
Set parameter TokenServer to value elsie3.llnl.gov
Set parameter TSPort to value 28522
Using license file /usr/gapps/ppp/gurobi/gurobi.lic
Using license file /usr/gapps/ppp/gurobi/gurobi.lic
Using license file /usr/gapps/ppp/gurobi/gurobi.lic
Using license file /usr/gapps/ppp/gurobi/gurobi.lic
Set parameter TokenServer to value elsie3.llnl.gov
Set parameter TSPort to value 28522
Set parameter TokenServer to value elsie3.llnl.gov
Set parameter TokenServer to value elsie3.llnl.gov
Set parameter TokenServer to value elsie3.llnl.gov
Using license file /usr/gapps/ppp/gurobi/gurobi.lic
Set parameter TokenServer to value elsie3.llnl.gov
Set parameter TSPort to value 28522
Set parameter TSPort to value 28522
Set parameter TSPort to value 28522
Set parameter TSPort to value 28522
Using license file /usr/gapps/ppp/gurobi/gurobi.lic
Set parameter TokenServer to value elsie3.llnl.gov
Set parameter TSPort to value 28522
Using license file /usr/gapps/ppp/gurobi/gurobi.lic
Using license file /usr/gapps/ppp/gurobi/gurobi.lic
Set parameter TokenServer to value elsie3.llnl.gov
Using license file /usr/gapps/ppp/gurobi/gurobi.lic
Set parameter TokenServer to value elsie3.llnl.gov
Using license file /usr/gapps/ppp/gurobi/gurobi.lic
Set parameter TSPort to value 28522
Using license file /usr/gapps/ppp/gurobi/gurobi.lic
Set parameter TSPort to value 28522
Set parameter TokenServer to value elsie3.llnl.gov
Set parameter TokenServer to value elsie3.llnl.gov
Set parameter TSPort to value 28522
Set parameter TokenServer to value elsie3.llnl.gov
Set parameter TSPort to value 28522
Set parameter TSPort to value 28522
Using license file /usr/gapps/ppp/gurobi/gurobi.lic
Set parameter TokenServer to value elsie3.llnl.gov
Set parameter TSPort to value 28522
Using license file /usr/gapps/ppp/gurobi/gurobi.lic
Set parameter TokenServer to value elsie3.llnl.gov
Set parameter TSPort to value 28522
Using license file /usr/gapps/ppp/gurobi/gurobi.lic
Set parameter TokenServer to value elsie3.llnl.gov
Set parameter TSPort to value 28522
Using license file /usr/gapps/ppp/gurobi/gurobi.lic
Set parameter TokenServer to value elsie3.llnl.gov
Set parameter TSPort to value 28522
Using license file /usr/gapps/ppp/gurobi/gurobi.lic
Set parameter TokenServer to value elsie3.llnl.gov
Using license file /usr/gapps/ppp/gurobi/gurobi.lic
Set parameter TokenServer to value elsie3.llnl.gov
Set parameter TSPort to value 28522
Set parameter TSPort to value 28522
Using license file /usr/gapps/ppp/gurobi/gurobi.lic
Using license file /usr/gapps/ppp/gurobi/gurobi.lic
Set parameter TokenServer to value elsie3.llnl.gov
Using license file /usr/gapps/ppp/gurobi/gurobi.lic
Set parameter TokenServer to value elsie3.llnl.gov
Set parameter TSPort to value 28522
Set parameter TSPort to value 28522
Using license file /usr/gapps/ppp/gurobi/gurobi.lic
Set parameter TokenServer to value elsie3.llnl.gov
Set parameter TSPort to value 28522
Set parameter TokenServer to value elsie3.llnl.gov
Set parameter TSPort to value 28522
Using license file /usr/gapps/ppp/gurobi/gurobi.lic
Set parameter TokenServer to value elsie3.llnl.gov
Set parameter TSPort to value 28522
Using license file /usr/gapps/ppp/gurobi/gurobi.lic
Set parameter TokenServer to value elsie3.llnl.gov
Set parameter TSPort to value 28522
Using license file /usr/gapps/ppp/gurobi/gurobi.lic
Set parameter TokenServer to value elsie3.llnl.gov
Set parameter TSPort to value 28522
Using license file /usr/gapps/ppp/gurobi/gurobi.lic
Using license file /usr/gapps/ppp/gurobi/gurobi.lic
Set parameter TokenServer to value elsie3.llnl.gov
Set parameter TSPort to value 28522
[   14.06] Starting spcomm.main()
Using license file /usr/gapps/ppp/gurobi/gurobi.lic
Set parameter TokenServer to value elsie3.llnl.gov
Set parameter TSPort to value 28522
Using license file /usr/gapps/ppp/gurobi/gurobi.lic
Using license file /usr/gapps/ppp/gurobi/gurobi.lic
Set parameter TokenServer to value elsie3.llnl.gov
Set parameter TSPort to value 28522
Set parameter TokenServer to value elsie3.llnl.gov
Set parameter TSPort to value 28522
Using license file /usr/gapps/ppp/gurobi/gurobi.lic
Set parameter TokenServer to value elsie3.llnl.gov
Set parameter TSPort to value 28522
Using license file /usr/gapps/ppp/gurobi/gurobi.lic
Set parameter TokenServer to value elsie3.llnl.gov
Set parameter TSPort to value 28522
Using license file /usr/gapps/ppp/gurobi/gurobi.lic
Set parameter TokenServer to value elsie3.llnl.gov
Set parameter TSPort to value 28522
Using license file /usr/gapps/ppp/gurobi/gurobi.lic
Set parameter TokenServer to value elsie3.llnl.gov
Set parameter TSPort to value 28522
Using license file /usr/gapps/ppp/gurobi/gurobi.lic
Set parameter TokenServer to value elsie3.llnl.gov
Set parameter TSPort to value 28522
Using license file /usr/gapps/ppp/gurobi/gurobi.lic
Using license file /usr/gapps/ppp/gurobi/gurobi.lic
Set parameter TokenServer to value elsie3.llnl.gov
Set parameter TSPort to value 28522
Using license file /usr/gapps/ppp/gurobi/gurobi.lic
Set parameter TokenServer to value elsie3.llnl.gov
Set parameter TokenServer to value elsie3.llnl.gov
Set parameter TSPort to value 28522
Set parameter TSPort to value 28522
Using license file /usr/gapps/ppp/gurobi/gurobi.lic
Set parameter TokenServer to value elsie3.llnl.gov
Set parameter TSPort to value 28522
Using license file /usr/gapps/ppp/gurobi/gurobi.lic
Using license file /usr/gapps/ppp/gurobi/gurobi.lic
Set parameter TokenServer to value elsie3.llnl.gov
Set parameter TSPort to value 28522
Set parameter TokenServer to value elsie3.llnl.gov
Set parameter TSPort to value 28522
Using license file /usr/gapps/ppp/gurobi/gurobi.lic
Set parameter TokenServer to value elsie3.llnl.gov
Set parameter TSPort to value 28522
Set parameter TokenServer to value elsie3.llnl.gov
Set parameter TSPort to value 28522
Using license file /usr/gapps/ppp/gurobi/gurobi.lic
Using license file /usr/gapps/ppp/gurobi/gurobi.lic
Set parameter TokenServer to value elsie3.llnl.gov
Set parameter TokenServer to value elsie3.llnl.gov
Using license file /usr/gapps/ppp/gurobi/gurobi.lic
Set parameter TSPort to value 28522
Set parameter TSPort to value 28522
Set parameter TokenServer to value elsie3.llnl.gov
Using license file /usr/gapps/ppp/gurobi/gurobi.lic
Set parameter TokenServer to value elsie3.llnl.gov
Using license file /usr/gapps/ppp/gurobi/gurobi.lic
Set parameter TSPort to value 28522
Set parameter TSPort to value 28522
Using license file /usr/gapps/ppp/gurobi/gurobi.lic
Set parameter TokenServer to value elsie3.llnl.gov
Set parameter TokenServer to value elsie3.llnl.gov
Set parameter TSPort to value 28522
Set parameter TSPort to value 28522
Using license file /usr/gapps/ppp/gurobi/gurobi.lic
Set parameter TokenServer to value elsie3.llnl.gov
Set parameter TSPort to value 28522
Using license file /usr/gapps/ppp/gurobi/gurobi.lic
Set parameter TokenServer to value elsie3.llnl.gov
Set parameter TSPort to value 28522
Using license file /usr/gapps/ppp/gurobi/gurobi.lic
Using license file /usr/gapps/ppp/gurobi/gurobi.lic
Using license file /usr/gapps/ppp/gurobi/gurobi.lic
Set parameter TokenServer to value elsie3.llnl.gov
Set parameter TSPort to value 28522
Using license file /usr/gapps/ppp/gurobi/gurobi.lic
Set parameter TokenServer to value elsie3.llnl.gov
Set parameter TSPort to value 28522
Set parameter TokenServer to value elsie3.llnl.gov
Set parameter TSPort to value 28522
Using license file /usr/gapps/ppp/gurobi/gurobi.lic
Set parameter TokenServer to value elsie3.llnl.gov
Set parameter TSPort to value 28522
Using license file /usr/gapps/ppp/gurobi/gurobi.lic
Set parameter TokenServer to value elsie3.llnl.gov
Set parameter TSPort to value 28522
Using license file /usr/gapps/ppp/gurobi/gurobi.lic
Set parameter TokenServer to value elsie3.llnl.gov
Set parameter TSPort to value 28522
Using license file /usr/gapps/ppp/gurobi/gurobi.lic
Using license file /usr/gapps/ppp/gurobi/gurobi.lic
Set parameter TokenServer to value elsie3.llnl.gov
Set parameter TSPort to value 28522
Set parameter TokenServer to value elsie3.llnl.gov
Set parameter TSPort to value 28522
Using license file /usr/gapps/ppp/gurobi/gurobi.lic
Set parameter TokenServer to value elsie3.llnl.gov
Set parameter TSPort to value 28522
Using license file /usr/gapps/ppp/gurobi/gurobi.lic
Set parameter TokenServer to value elsie3.llnl.gov
Set parameter TSPort to value 28522
Using license file /usr/gapps/ppp/gurobi/gurobi.lic
Set parameter TokenServer to value elsie3.llnl.gov
Set parameter TSPort to value 28522
Using license file /usr/gapps/ppp/gurobi/gurobi.lic
Set parameter TokenServer to value elsie3.llnl.gov
Set parameter TSPort to value 28522
Using license file /usr/gapps/ppp/gurobi/gurobi.lic
Set parameter TokenServer to value elsie3.llnl.gov
Set parameter TSPort to value 28522
Using license file /usr/gapps/ppp/gurobi/gurobi.lic
Using license file /usr/gapps/ppp/gurobi/gurobi.lic
Using license file /usr/gapps/ppp/gurobi/gurobi.lic
Set parameter TokenServer to value elsie3.llnl.gov
Set parameter TSPort to value 28522
Set parameter TokenServer to value elsie3.llnl.gov
Set parameter TokenServer to value elsie3.llnl.gov
Set parameter TSPort to value 28522
Set parameter TSPort to value 28522
Using license file /usr/gapps/ppp/gurobi/gurobi.lic
Set parameter TokenServer to value elsie3.llnl.gov
Set parameter TSPort to value 28522
Using license file /usr/gapps/ppp/gurobi/gurobi.lic
Set parameter TokenServer to value elsie3.llnl.gov
Set parameter TSPort to value 28522
Using license file /usr/gapps/ppp/gurobi/gurobi.lic
Using license file /usr/gapps/ppp/gurobi/gurobi.lic
Set parameter TokenServer to value elsie3.llnl.gov
Using license file /usr/gapps/ppp/gurobi/gurobi.lic
Set parameter TSPort to value 28522
Set parameter TokenServer to value elsie3.llnl.gov
Set parameter TSPort to value 28522
Set parameter TokenServer to value elsie3.llnl.gov
Using license file /usr/gapps/ppp/gurobi/gurobi.lic
Set parameter TSPort to value 28522
Set parameter TokenServer to value elsie3.llnl.gov
Set parameter TSPort to value 28522
Using license file /usr/gapps/ppp/gurobi/gurobi.lic
Set parameter TokenServer to value elsie3.llnl.gov
Set parameter TSPort to value 28522
Using license file /usr/gapps/ppp/gurobi/gurobi.lic
Set parameter TokenServer to value elsie3.llnl.gov
Set parameter TSPort to value 28522
Using license file /usr/gapps/ppp/gurobi/gurobi.lic
Set parameter TokenServer to value elsie3.llnl.gov
Set parameter TSPort to value 28522
Using license file /usr/gapps/ppp/gurobi/gurobi.lic
Set parameter TokenServer to value elsie3.llnl.gov
Set parameter TSPort to value 28522
Using license file /usr/gapps/ppp/gurobi/gurobi.lic
Using license file /usr/gapps/ppp/gurobi/gurobi.lic
Set parameter TokenServer to value elsie3.llnl.gov
Set parameter TokenServer to value elsie3.llnl.gov
Set parameter TSPort to value 28522
Set parameter TSPort to value 28522
Using license file /usr/gapps/ppp/gurobi/gurobi.lic
Set parameter TokenServer to value elsie3.llnl.gov
Using license file /usr/gapps/ppp/gurobi/gurobi.lic
Set parameter TokenServer to value elsie3.llnl.gov
Set parameter TSPort to value 28522
Using license file /usr/gapps/ppp/gurobi/gurobi.lic
Set parameter TokenServer to value elsie3.llnl.gov
Using license file /usr/gapps/ppp/gurobi/gurobi.lic
Set parameter TokenServer to value elsie3.llnl.gov
Set parameter TSPort to value 28522
Using license file /usr/gapps/ppp/gurobi/gurobi.lic
Using license file /usr/gapps/ppp/gurobi/gurobi.lic
Set parameter TokenServer to value elsie3.llnl.gov
Set parameter TSPort to value 28522
Set parameter TSPort to value 28522
Set parameter TokenServer to value elsie3.llnl.gov
Set parameter TSPort to value 28522
Using license file /usr/gapps/ppp/gurobi/gurobi.lic
Set parameter TokenServer to value elsie3.llnl.gov
Set parameter TSPort to value 28522
Using license file /usr/gapps/ppp/gurobi/gurobi.lic
Using license file /usr/gapps/ppp/gurobi/gurobi.lic
Set parameter TokenServer to value elsie3.llnl.gov
Set parameter TSPort to value 28522
Set parameter TokenServer to value elsie3.llnl.gov
Using license file /usr/gapps/ppp/gurobi/gurobi.lic
Set parameter TSPort to value 28522
Set parameter TokenServer to value elsie3.llnl.gov
Set parameter TSPort to value 28522
Using license file /usr/gapps/ppp/gurobi/gurobi.lic
Set parameter TokenServer to value elsie3.llnl.gov
Set parameter TSPort to value 28522
Using license file /usr/gapps/ppp/gurobi/gurobi.lic
Set parameter TokenServer to value elsie3.llnl.gov
Set parameter TSPort to value 28522
Using license file /usr/gapps/ppp/gurobi/gurobi.lic
Set parameter TokenServer to value elsie3.llnl.gov
Set parameter TSPort to value 28522
Using license file /usr/gapps/ppp/gurobi/gurobi.lic
Set parameter TokenServer to value elsie3.llnl.gov
Set parameter TSPort to value 28522
Using license file /usr/gapps/ppp/gurobi/gurobi.lic
Set parameter TokenServer to value elsie3.llnl.gov
Set parameter TSPort to value 28522
Using license file /usr/gapps/ppp/gurobi/gurobi.lic
Set parameter TokenServer to value elsie3.llnl.gov
Set parameter TSPort to value 28522
Using license file /usr/gapps/ppp/gurobi/gurobi.lic
Set parameter TokenServer to value elsie3.llnl.gov
Set parameter TSPort to value 28522
Using license file /usr/gapps/ppp/gurobi/gurobi.lic
Set parameter TokenServer to value elsie3.llnl.gov
Set parameter TSPort to value 28522
Using license file /usr/gapps/ppp/gurobi/gurobi.lic
Set parameter TokenServer to value elsie3.llnl.gov
Set parameter TSPort to value 28522
Using license file /usr/gapps/ppp/gurobi/gurobi.lic
Set parameter TokenServer to value elsie3.llnl.gov
Set parameter TSPort to value 28522
Using license file /usr/gapps/ppp/gurobi/gurobi.lic
Set parameter TokenServer to value elsie3.llnl.gov
Set parameter TSPort to value 28522
Using license file /usr/gapps/ppp/gurobi/gurobi.lic
Set parameter TokenServer to value elsie3.llnl.gov
Set parameter TSPort to value 28522
Set parameter TokenServer to value elsie3.llnl.gov
Set parameter TSPort to value 28522
Using license file /usr/gapps/ppp/gurobi/gurobi.lic
Using license file /usr/gapps/ppp/gurobi/gurobi.lic
Set parameter TokenServer to value elsie3.llnl.gov
Set parameter TSPort to value 28522
Set parameter TokenServer to value elsie3.llnl.gov
Set parameter TSPort to value 28522
Using license file /usr/gapps/ppp/gurobi/gurobi.lic
Set parameter TokenServer to value elsie3.llnl.gov
Set parameter TSPort to value 28522
Using license file /usr/gapps/ppp/gurobi/gurobi.lic
Set parameter TokenServer to value elsie3.llnl.gov
Set parameter TSPort to value 28522
Using license file /usr/gapps/ppp/gurobi/gurobi.lic
Set parameter TokenServer to value elsie3.llnl.gov
Using license file /usr/gapps/ppp/gurobi/gurobi.lic
Set parameter TSPort to value 28522
Set parameter TokenServer to value elsie3.llnl.gov
Set parameter TSPort to value 28522
Using license file /usr/gapps/ppp/gurobi/gurobi.lic
Set parameter TokenServer to value elsie3.llnl.gov
Set parameter TSPort to value 28522
Using license file /usr/gapps/ppp/gurobi/gurobi.lic
Set parameter TokenServer to value elsie3.llnl.gov
Set parameter TSPort to value 28522
Using license file /usr/gapps/ppp/gurobi/gurobi.lic
Set parameter TokenServer to value elsie3.llnl.gov
Set parameter TSPort to value 28522
Using license file /usr/gapps/ppp/gurobi/gurobi.lic
Using license file /usr/gapps/ppp/gurobi/gurobi.lic
Set parameter TokenServer to value elsie3.llnl.gov
Set parameter TSPort to value 28522
Set parameter TokenServer to value elsie3.llnl.gov
Set parameter TSPort to value 28522
Using license file /usr/gapps/ppp/gurobi/gurobi.lic
Set parameter TokenServer to value elsie3.llnl.gov
Set parameter TSPort to value 28522
Using license file /usr/gapps/ppp/gurobi/gurobi.lic
Set parameter TokenServer to value elsie3.llnl.gov
Set parameter TSPort to value 28522
Using license file /usr/gapps/ppp/gurobi/gurobi.lic
Set parameter TSPort to value 28522
Using license file /usr/gapps/ppp/gurobi/gurobi.lic
Set parameter TokenServer to value elsie3.llnl.gov
Set parameter TSPort to value 28522
Using license file /usr/gapps/ppp/gurobi/gurobi.lic
Set parameter TokenServer to value elsie3.llnl.gov
Set parameter TSPort to value 28522
Set parameter TokenServer to value elsie3.llnl.gov
Using license file /usr/gapps/ppp/gurobi/gurobi.lic
Set parameter TSPort to value 28522
Set parameter TokenServer to value elsie3.llnl.gov
Set parameter TSPort to value 28522
Using license file /usr/gapps/ppp/gurobi/gurobi.lic
Set parameter TokenServer to value elsie3.llnl.gov
Set parameter TSPort to value 28522
Using license file /usr/gapps/ppp/gurobi/gurobi.lic
Using license file /usr/gapps/ppp/gurobi/gurobi.lic
Set parameter TokenServer to value elsie3.llnl.gov
Set parameter TokenServer to value elsie3.llnl.gov
Set parameter TSPort to value 28522
Set parameter TSPort to value 28522
Using license file /usr/gapps/ppp/gurobi/gurobi.lic
Set parameter TokenServer to value elsie3.llnl.gov
Set parameter TSPort to value 28522
Using license file /usr/gapps/ppp/gurobi/gurobi.lic
Set parameter TokenServer to value elsie3.llnl.gov
Set parameter TSPort to value 28522
Using license file /usr/gapps/ppp/gurobi/gurobi.lic
Set parameter TokenServer to value elsie3.llnl.gov
Set parameter TSPort to value 28522
Using license file /usr/gapps/ppp/gurobi/gurobi.lic
Set parameter TokenServer to value elsie3.llnl.gov
Set parameter TSPort to value 28522
Using license file /usr/gapps/ppp/gurobi/gurobi.lic
Using license file /usr/gapps/ppp/gurobi/gurobi.lic
Set parameter TokenServer to value elsie3.llnl.gov
Set parameter TSPort to value 28522
Set parameter TokenServer to value elsie3.llnl.gov
Set parameter TSPort to value 28522
Using license file /usr/gapps/ppp/gurobi/gurobi.lic
Using license file /usr/gapps/ppp/gurobi/gurobi.lic
Set parameter TokenServer to value elsie3.llnl.gov
Set parameter TokenServer to value elsie3.llnl.gov
Set parameter TSPort to value 28522
Using license file /usr/gapps/ppp/gurobi/gurobi.lic
Using license file /usr/gapps/ppp/gurobi/gurobi.lic
Set parameter TokenServer to value elsie3.llnl.gov
Set parameter TSPort to value 28522
Set parameter TSPort to value 28522
Set parameter TokenServer to value elsie3.llnl.gov
Set parameter TSPort to value 28522
Using license file /usr/gapps/ppp/gurobi/gurobi.lic
Set parameter TokenServer to value elsie3.llnl.gov
Set parameter TSPort to value 28522
Using license file /usr/gapps/ppp/gurobi/gurobi.lic
Using license file /usr/gapps/ppp/gurobi/gurobi.lic
Set parameter TokenServer to value elsie3.llnl.gov
Set parameter TSPort to value 28522
Using license file /usr/gapps/ppp/gurobi/gurobi.lic
Set parameter TokenServer to value elsie3.llnl.gov
Set parameter TSPort to value 28522
Using license file /usr/gapps/ppp/gurobi/gurobi.lic
Set parameter TokenServer to value elsie3.llnl.gov
Set parameter TSPort to value 28522
Using license file /usr/gapps/ppp/gurobi/gurobi.lic
Set parameter TokenServer to value elsie3.llnl.gov
Set parameter TSPort to value 28522
Set parameter TokenServer to value elsie3.llnl.gov
Set parameter TSPort to value 28522
Using license file /usr/gapps/ppp/gurobi/gurobi.lic
Set parameter TokenServer to value elsie3.llnl.gov
Set parameter TSPort to value 28522
Using license file /usr/gapps/ppp/gurobi/gurobi.lic
Set parameter TokenServer to value elsie3.llnl.gov
Set parameter TSPort to value 28522
Using license file /usr/gapps/ppp/gurobi/gurobi.lic
Set parameter TokenServer to value elsie3.llnl.gov
Set parameter TSPort to value 28522
Using license file /usr/gapps/ppp/gurobi/gurobi.lic
Set parameter TokenServer to value elsie3.llnl.gov
Set parameter TSPort to value 28522
Using license file /usr/gapps/ppp/gurobi/gurobi.lic
Set parameter TokenServer to value elsie3.llnl.gov
Set parameter TSPort to value 28522
Using license file /usr/gapps/ppp/gurobi/gurobi.lic
Set parameter TokenServer to value elsie3.llnl.gov
Set parameter TSPort to value 28522
Using license file /usr/gapps/ppp/gurobi/gurobi.lic
Set parameter TokenServer to value elsie3.llnl.gov
Set parameter TSPort to value 28522
Using license file /usr/gapps/ppp/gurobi/gurobi.lic
Set parameter TokenServer to value elsie3.llnl.gov
Set parameter TSPort to value 28522
Using license file /usr/gapps/ppp/gurobi/gurobi.lic
Set parameter TokenServer to value elsie3.llnl.gov
Set parameter TSPort to value 28522
Using license file /usr/gapps/ppp/gurobi/gurobi.lic
Set parameter TokenServer to value elsie3.llnl.gov
Set parameter TSPort to value 28522
Using license file /usr/gapps/ppp/gurobi/gurobi.lic
Set parameter TokenServer to value elsie3.llnl.gov
Set parameter TSPort to value 28522
Using license file /usr/gapps/ppp/gurobi/gurobi.lic
Set parameter TokenServer to value elsie3.llnl.gov
Set parameter TSPort to value 28522
Using license file /usr/gapps/ppp/gurobi/gurobi.lic
Set parameter TokenServer to value elsie3.llnl.gov
Set parameter TSPort to value 28522
Using license file /usr/gapps/ppp/gurobi/gurobi.lic
Set parameter TokenServer to value elsie3.llnl.gov
Set parameter TSPort to value 28522
Using license file /usr/gapps/ppp/gurobi/gurobi.lic
Set parameter TokenServer to value elsie3.llnl.gov
Set parameter TSPort to value 28522
Using license file /usr/gapps/ppp/gurobi/gurobi.lic
Set parameter TokenServer to value elsie3.llnl.gov
Set parameter TSPort to value 28522
Using license file /usr/gapps/ppp/gurobi/gurobi.lic
Set parameter TokenServer to value elsie3.llnl.gov
Set parameter TSPort to value 28522
Using license file /usr/gapps/ppp/gurobi/gurobi.lic
Set parameter TokenServer to value elsie3.llnl.gov
Set parameter TSPort to value 28522
Using license file /usr/gapps/ppp/gurobi/gurobi.lic
Set parameter TokenServer to value elsie3.llnl.gov
Set parameter TSPort to value 28522
Using license file /usr/gapps/ppp/gurobi/gurobi.lic
Set parameter TokenServer to value elsie3.llnl.gov
Set parameter TSPort to value 28522
Using license file /usr/gapps/ppp/gurobi/gurobi.lic
Set parameter TokenServer to value elsie3.llnl.gov
Set parameter TSPort to value 28522
Using license file /usr/gapps/ppp/gurobi/gurobi.lic
Using license file /usr/gapps/ppp/gurobi/gurobi.lic
Set parameter TokenServer to value elsie3.llnl.gov
Set parameter TokenServer to value elsie3.llnl.gov
Set parameter TSPort to value 28522
Set parameter TSPort to value 28522
Using license file /usr/gapps/ppp/gurobi/gurobi.lic
Set parameter TokenServer to value elsie3.llnl.gov
Set parameter TSPort to value 28522
Using license file /usr/gapps/ppp/gurobi/gurobi.lic
Set parameter TokenServer to value elsie3.llnl.gov
Set parameter TSPort to value 28522
Using license file /usr/gapps/ppp/gurobi/gurobi.lic
Set parameter TokenServer to value elsie3.llnl.gov
Set parameter TSPort to value 28522
Using license file /usr/gapps/ppp/gurobi/gurobi.lic
Set parameter TokenServer to value elsie3.llnl.gov
Set parameter TSPort to value 28522
Using license file /usr/gapps/ppp/gurobi/gurobi.lic
Set parameter TokenServer to value elsie3.llnl.gov
Set parameter TSPort to value 28522
Using license file /usr/gapps/ppp/gurobi/gurobi.lic
Set parameter TokenServer to value elsie3.llnl.gov
Set parameter TSPort to value 28522
Using license file /usr/gapps/ppp/gurobi/gurobi.lic
Set parameter TokenServer to value elsie3.llnl.gov
Set parameter TSPort to value 28522
Using license file /usr/gapps/ppp/gurobi/gurobi.lic
Set parameter TokenServer to value elsie3.llnl.gov
Set parameter TSPort to value 28522
Using license file /usr/gapps/ppp/gurobi/gurobi.lic
Set parameter TokenServer to value elsie3.llnl.gov
Set parameter TSPort to value 28522
Using license file /usr/gapps/ppp/gurobi/gurobi.lic
Set parameter TokenServer to value elsie3.llnl.gov
Set parameter TSPort to value 28522
Using license file /usr/gapps/ppp/gurobi/gurobi.lic
Set parameter TokenServer to value elsie3.llnl.gov
Set parameter TSPort to value 28522
Using license file /usr/gapps/ppp/gurobi/gurobi.lic
Set parameter TokenServer to value elsie3.llnl.gov
Set parameter TSPort to value 28522
Using license file /usr/gapps/ppp/gurobi/gurobi.lic
Set parameter TokenServer to value elsie3.llnl.gov
Set parameter TSPort to value 28522
Using license file /usr/gapps/ppp/gurobi/gurobi.lic
Set parameter TokenServer to value elsie3.llnl.gov
Set parameter TSPort to value 28522
Using license file /usr/gapps/ppp/gurobi/gurobi.lic
Set parameter TokenServer to value elsie3.llnl.gov
Set parameter TSPort to value 28522
Using license file /usr/gapps/ppp/gurobi/gurobi.lic
Set parameter TokenServer to value elsie3.llnl.gov
Set parameter TSPort to value 28522
Using license file /usr/gapps/ppp/gurobi/gurobi.lic
Set parameter TokenServer to value elsie3.llnl.gov
Set parameter TSPort to value 28522
Using license file /usr/gapps/ppp/gurobi/gurobi.lic
Set parameter TokenServer to value elsie3.llnl.gov
Set parameter TSPort to value 28522
Using license file /usr/gapps/ppp/gurobi/gurobi.lic
Set parameter TokenServer to value elsie3.llnl.gov
Set parameter TSPort to value 28522
Using license file /usr/gapps/ppp/gurobi/gurobi.lic
Set parameter TokenServer to value elsie3.llnl.gov
Set parameter TSPort to value 28522
Using license file /usr/gapps/ppp/gurobi/gurobi.lic
Set parameter TokenServer to value elsie3.llnl.gov
Set parameter TSPort to value 28522
Using license file /usr/gapps/ppp/gurobi/gurobi.lic
Set parameter TokenServer to value elsie3.llnl.gov
Set parameter TSPort to value 28522
Using license file /usr/gapps/ppp/gurobi/gurobi.lic
Set parameter TokenServer to value elsie3.llnl.gov
Set parameter TSPort to value 28522
Using license file /usr/gapps/ppp/gurobi/gurobi.lic
Set parameter TokenServer to value elsie3.llnl.gov
Set parameter TSPort to value 28522
Using license file /usr/gapps/ppp/gurobi/gurobi.lic
Set parameter TokenServer to value elsie3.llnl.gov
Set parameter TSPort to value 28522
Using license file /usr/gapps/ppp/gurobi/gurobi.lic
Set parameter TokenServer to value elsie3.llnl.gov
Set parameter TSPort to value 28522
Using license file /usr/gapps/ppp/gurobi/gurobi.lic
Set parameter TokenServer to value elsie3.llnl.gov
Set parameter TSPort to value 28522
Using license file /usr/gapps/ppp/gurobi/gurobi.lic
Set parameter TokenServer to value elsie3.llnl.gov
Set parameter TSPort to value 28522
Using license file /usr/gapps/ppp/gurobi/gurobi.lic
Set parameter TokenServer to value elsie3.llnl.gov
Set parameter TSPort to value 28522
Using license file /usr/gapps/ppp/gurobi/gurobi.lic
Set parameter TokenServer to value elsie3.llnl.gov
Set parameter TSPort to value 28522
Using license file /usr/gapps/ppp/gurobi/gurobi.lic
Set parameter TokenServer to value elsie3.llnl.gov
Set parameter TSPort to value 28522
Using license file /usr/gapps/ppp/gurobi/gurobi.lic
Set parameter TokenServer to value elsie3.llnl.gov
Set parameter TSPort to value 28522
Using license file /usr/gapps/ppp/gurobi/gurobi.lic
Set parameter TokenServer to value elsie3.llnl.gov
Set parameter TSPort to value 28522
Using license file /usr/gapps/ppp/gurobi/gurobi.lic
Set parameter TokenServer to value elsie3.llnl.gov
Set parameter TSPort to value 28522
Using license file /usr/gapps/ppp/gurobi/gurobi.lic
Set parameter TokenServer to value elsie3.llnl.gov
Set parameter TSPort to value 28522
Using license file /usr/gapps/ppp/gurobi/gurobi.lic
Set parameter TokenServer to value elsie3.llnl.gov
Set parameter TSPort to value 28522
Using license file /usr/gapps/ppp/gurobi/gurobi.lic
Set parameter TokenServer to value elsie3.llnl.gov
Set parameter TSPort to value 28522
Using license file /usr/gapps/ppp/gurobi/gurobi.lic
Set parameter TokenServer to value elsie3.llnl.gov
Set parameter TSPort to value 28522
Using license file /usr/gapps/ppp/gurobi/gurobi.lic
Set parameter TokenServer to value elsie3.llnl.gov
Set parameter TSPort to value 28522
Using license file /usr/gapps/ppp/gurobi/gurobi.lic
Set parameter TokenServer to value elsie3.llnl.gov
Set parameter TSPort to value 28522
Using license file /usr/gapps/ppp/gurobi/gurobi.lic
Set parameter TokenServer to value elsie3.llnl.gov
Set parameter TSPort to value 28522
Using license file /usr/gapps/ppp/gurobi/gurobi.lic
Set parameter TokenServer to value elsie3.llnl.gov
Set parameter TSPort to value 28522
Using license file /usr/gapps/ppp/gurobi/gurobi.lic
Set parameter TokenServer to value elsie3.llnl.gov
Set parameter TSPort to value 28522
Using license file /usr/gapps/ppp/gurobi/gurobi.lic
Set parameter TokenServer to value elsie3.llnl.gov
Set parameter TSPort to value 28522
Using license file /usr/gapps/ppp/gurobi/gurobi.lic
Set parameter TokenServer to value elsie3.llnl.gov
Set parameter TSPort to value 28522
Using license file /usr/gapps/ppp/gurobi/gurobi.lic
Set parameter TokenServer to value elsie3.llnl.gov
Set parameter TSPort to value 28522
Using license file /usr/gapps/ppp/gurobi/gurobi.lic
Set parameter TokenServer to value elsie3.llnl.gov
Set parameter TSPort to value 28522
Using license file /usr/gapps/ppp/gurobi/gurobi.lic
Set parameter TokenServer to value elsie3.llnl.gov
Set parameter TSPort to value 28522
Using license file /usr/gapps/ppp/gurobi/gurobi.lic
Set parameter TokenServer to value elsie3.llnl.gov
Set parameter TSPort to value 28522
Using license file /usr/gapps/ppp/gurobi/gurobi.lic
Set parameter TokenServer to value elsie3.llnl.gov
Set parameter TSPort to value 28522
Using license file /usr/gapps/ppp/gurobi/gurobi.lic
Set parameter TokenServer to value elsie3.llnl.gov
Set parameter TSPort to value 28522
Using license file /usr/gapps/ppp/gurobi/gurobi.lic
Set parameter TokenServer to value elsie3.llnl.gov
Set parameter TSPort to value 28522
Using license file /usr/gapps/ppp/gurobi/gurobi.lic
Set parameter TokenServer to value elsie3.llnl.gov
Set parameter TSPort to value 28522
Using license file /usr/gapps/ppp/gurobi/gurobi.lic
Set parameter TokenServer to value elsie3.llnl.gov
Set parameter TSPort to value 28522
Using license file /usr/gapps/ppp/gurobi/gurobi.lic
Set parameter TokenServer to value elsie3.llnl.gov
Set parameter TSPort to value 28522
Using license file /usr/gapps/ppp/gurobi/gurobi.lic
Set parameter TokenServer to value elsie3.llnl.gov
Set parameter TSPort to value 28522
Using license file /usr/gapps/ppp/gurobi/gurobi.lic
Set parameter TokenServer to value elsie3.llnl.gov
Set parameter TSPort to value 28522
Using license file /usr/gapps/ppp/gurobi/gurobi.lic
Set parameter TokenServer to value elsie3.llnl.gov
Set parameter TSPort to value 28522
Using license file /usr/gapps/ppp/gurobi/gurobi.lic
Set parameter TokenServer to value elsie3.llnl.gov
Set parameter TSPort to value 28522
Using license file /usr/gapps/ppp/gurobi/gurobi.lic
Set parameter TokenServer to value elsie3.llnl.gov
Set parameter TSPort to value 28522
Using license file /usr/gapps/ppp/gurobi/gurobi.lic
Set parameter TokenServer to value elsie3.llnl.gov
Set parameter TSPort to value 28522
Using license file /usr/gapps/ppp/gurobi/gurobi.lic
Set parameter TokenServer to value elsie3.llnl.gov
Set parameter TSPort to value 28522
Using license file /usr/gapps/ppp/gurobi/gurobi.lic
Set parameter TokenServer to value elsie3.llnl.gov
Set parameter TSPort to value 28522
Using license file /usr/gapps/ppp/gurobi/gurobi.lic
Set parameter TokenServer to value elsie3.llnl.gov
Set parameter TSPort to value 28522
Using license file /usr/gapps/ppp/gurobi/gurobi.lic
Set parameter TokenServer to value elsie3.llnl.gov
Set parameter TSPort to value 28522
Using license file /usr/gapps/ppp/gurobi/gurobi.lic
Set parameter TokenServer to value elsie3.llnl.gov
Set parameter TSPort to value 28522
Using license file /usr/gapps/ppp/gurobi/gurobi.lic
Set parameter TokenServer to value elsie3.llnl.gov
Set parameter TSPort to value 28522
Using license file /usr/gapps/ppp/gurobi/gurobi.lic
Set parameter TokenServer to value elsie3.llnl.gov
Set parameter TSPort to value 28522
Using license file /usr/gapps/ppp/gurobi/gurobi.lic
Set parameter TokenServer to value elsie3.llnl.gov
Set parameter TSPort to value 28522
Using license file /usr/gapps/ppp/gurobi/gurobi.lic
Set parameter TokenServer to value elsie3.llnl.gov
Set parameter TSPort to value 28522
Using license file /usr/gapps/ppp/gurobi/gurobi.lic
Set parameter TokenServer to value elsie3.llnl.gov
Set parameter TSPort to value 28522
Using license file /usr/gapps/ppp/gurobi/gurobi.lic
Set parameter TokenServer to value elsie3.llnl.gov
Set parameter TSPort to value 28522
Using license file /usr/gapps/ppp/gurobi/gurobi.lic
Set parameter TokenServer to value elsie3.llnl.gov
Set parameter TSPort to value 28522
Using license file /usr/gapps/ppp/gurobi/gurobi.lic
Set parameter TokenServer to value elsie3.llnl.gov
Set parameter TSPort to value 28522
Using license file /usr/gapps/ppp/gurobi/gurobi.lic
Set parameter TokenServer to value elsie3.llnl.gov
Set parameter TSPort to value 28522
Using license file /usr/gapps/ppp/gurobi/gurobi.lic
Set parameter TokenServer to value elsie3.llnl.gov
Set parameter TSPort to value 28522
Using license file /usr/gapps/ppp/gurobi/gurobi.lic
Set parameter TokenServer to value elsie3.llnl.gov
Set parameter TSPort to value 28522
Using license file /usr/gapps/ppp/gurobi/gurobi.lic
Set parameter TokenServer to value elsie3.llnl.gov
Set parameter TSPort to value 28522
Using license file /usr/gapps/ppp/gurobi/gurobi.lic
Set parameter TokenServer to value elsie3.llnl.gov
Set parameter TSPort to value 28522
Using license file /usr/gapps/ppp/gurobi/gurobi.lic
Set parameter TokenServer to value elsie3.llnl.gov
Set parameter TSPort to value 28522
Using license file /usr/gapps/ppp/gurobi/gurobi.lic
Set parameter TokenServer to value elsie3.llnl.gov
Set parameter TSPort to value 28522
Using license file /usr/gapps/ppp/gurobi/gurobi.lic
Set parameter TokenServer to value elsie3.llnl.gov
Set parameter TSPort to value 28522
Using license file /usr/gapps/ppp/gurobi/gurobi.lic
Set parameter TokenServer to value elsie3.llnl.gov
Set parameter TSPort to value 28522
Using license file /usr/gapps/ppp/gurobi/gurobi.lic
Set parameter TokenServer to value elsie3.llnl.gov
Set parameter TSPort to value 28522
Using license file /usr/gapps/ppp/gurobi/gurobi.lic
Set parameter TokenServer to value elsie3.llnl.gov
Set parameter TSPort to value 28522
Using license file /usr/gapps/ppp/gurobi/gurobi.lic
Set parameter TokenServer to value elsie3.llnl.gov
Set parameter TSPort to value 28522
Using license file /usr/gapps/ppp/gurobi/gurobi.lic
Set parameter TokenServer to value elsie3.llnl.gov
Set parameter TSPort to value 28522
Using license file /usr/gapps/ppp/gurobi/gurobi.lic
Set parameter TokenServer to value elsie3.llnl.gov
Set parameter TSPort to value 28522
Using license file /usr/gapps/ppp/gurobi/gurobi.lic
Set parameter TokenServer to value elsie3.llnl.gov
Set parameter TSPort to value 28522
Using license file /usr/gapps/ppp/gurobi/gurobi.lic
Set parameter TokenServer to value elsie3.llnl.gov
Set parameter TSPort to value 28522
Using license file /usr/gapps/ppp/gurobi/gurobi.lic
Set parameter TokenServer to value elsie3.llnl.gov
Set parameter TSPort to value 28522
Using license file /usr/gapps/ppp/gurobi/gurobi.lic
Set parameter TokenServer to value elsie3.llnl.gov
Set parameter TSPort to value 28522
Using license file /usr/gapps/ppp/gurobi/gurobi.lic
Set parameter TokenServer to value elsie3.llnl.gov
Set parameter TSPort to value 28522
Using license file /usr/gapps/ppp/gurobi/gurobi.lic
Set parameter TokenServer to value elsie3.llnl.gov
Set parameter TSPort to value 28522
Using license file /usr/gapps/ppp/gurobi/gurobi.lic
Set parameter TokenServer to value elsie3.llnl.gov
Set parameter TSPort to value 28522
Using license file /usr/gapps/ppp/gurobi/gurobi.lic
Set parameter TokenServer to value elsie3.llnl.gov
Set parameter TSPort to value 28522
Using license file /usr/gapps/ppp/gurobi/gurobi.lic
Set parameter TokenServer to value elsie3.llnl.gov
Set parameter TSPort to value 28522
Using license file /usr/gapps/ppp/gurobi/gurobi.lic
Set parameter TokenServer to value elsie3.llnl.gov
Set parameter TSPort to value 28522
Using license file /usr/gapps/ppp/gurobi/gurobi.lic
Set parameter TokenServer to value elsie3.llnl.gov
Set parameter TSPort to value 28522
Using license file /usr/gapps/ppp/gurobi/gurobi.lic
Set parameter TokenServer to value elsie3.llnl.gov
Set parameter TSPort to value 28522
Using license file /usr/gapps/ppp/gurobi/gurobi.lic
Set parameter TokenServer to value elsie3.llnl.gov
Set parameter TSPort to value 28522
Using license file /usr/gapps/ppp/gurobi/gurobi.lic
Set parameter TokenServer to value elsie3.llnl.gov
Set parameter TSPort to value 28522
Using license file /usr/gapps/ppp/gurobi/gurobi.lic
Set parameter TokenServer to value elsie3.llnl.gov
Set parameter TSPort to value 28522
Using license file /usr/gapps/ppp/gurobi/gurobi.lic
Set parameter TokenServer to value elsie3.llnl.gov
Set parameter TSPort to value 28522
Using license file /usr/gapps/ppp/gurobi/gurobi.lic
Set parameter TokenServer to value elsie3.llnl.gov
Set parameter TSPort to value 28522
Using license file /usr/gapps/ppp/gurobi/gurobi.lic
Set parameter TokenServer to value elsie3.llnl.gov
Set parameter TSPort to value 28522
Using license file /usr/gapps/ppp/gurobi/gurobi.lic
Set parameter TokenServer to value elsie3.llnl.gov
Set parameter TSPort to value 28522
[   14.62] Creating solvers
Using license file /usr/gapps/ppp/gurobi/gurobi.lic
Set parameter TokenServer to value elsie3.llnl.gov
Set parameter TSPort to value 28522
Using license file /usr/gapps/ppp/gurobi/gurobi.lic
Set parameter TokenServer to value elsie3.llnl.gov
Set parameter TSPort to value 28522
Using license file /usr/gapps/ppp/gurobi/gurobi.lic
Set parameter TokenServer to value elsie3.llnl.gov
Set parameter TSPort to value 28522
Using license file /usr/gapps/ppp/gurobi/gurobi.lic
Set parameter TokenServer to value elsie3.llnl.gov
Set parameter TSPort to value 28522
[   25.27] Entering solve loop in PHBase.Iter0
[   31.61] Iter.           Best Bound  Best Incumbent      Rel. Gap        Abs. Gap
[   31.61]     1  L X      61075.4478      61118.8189        0.0710         43.3711
[   35.20]     2           61075.4478      61118.8189        0.0710         43.3711
[   40.10]     3           61075.4478      61118.8189        0.0710         43.3711
[   42.80]     4           61075.4478      61118.8189        0.0710         43.3711
[   46.78]     5    X      61075.4478      61118.5625        0.0706         43.1146
[   49.81]     6    X      61075.4478      61116.6683        0.0675         41.2205
[   52.21]     7    X      61075.4478      61116.4688        0.0672         41.0210
[   57.33]     8    X      61075.4478      61116.3973        0.0670         40.9495
[   58.51]     9           61075.4478      61116.3973        0.0670         40.9495
[   59.49]    10           61075.4478      61116.3973        0.0670         40.9495
[   60.38]    11           61075.4478      61116.3973        0.0670         40.9495
[   61.23]    12           61075.4478      61116.3973        0.0670         40.9495
[    0.00] Initializing mpi-sppy
4478      61116.3973        0.0670         40.9495
[   62.71]    14           61075.4478      61116.3973        0.0670         40.9495
[   63.43]    15           61075.4478      61116.3973        0.0670         40.9495
[   64.16]    16           61075.4478      61116.3973        0.0670         40.9495
[   64.88]    17           61075.4478      61116.3973        0.0670         40.9495
[   65.60]    18    X      61075.4478      61116.3707        0.0670         40.9229
[   66.34]    19           61075.4478      61116.3707        0.0670         40.9229
[   67.08]    20           61075.4478      61116.3707        0.0670         40.9229
[   67.84]    21           61075.4478      61116.3707        0.0670         40.9229
[   68.59]    22           61075.4478      61116.3707        0.0670         40.9229
[   69.32]    23           61075.4478      61116.3707        0.0670         40.9229
[   70.03]    24           61075.4478      61116.3707        0.0670         40.9229
[   70.75]    25           61075.4478      61116.3707        0.0670         40.9229
[   71.45]    26           61075.4478      61116.3707        0.0670         40.9229
[   72.17]    27           61075.4478      61116.3707        0.0670         40.9229
[   72.89]    28           61075.4478      61116.3707        0.0670         40.9229
[   73.62]    29           61075.4478      61116.3707        0.0670         40.9229
[   74.35]    30           61075.4478      61116.3707        0.0670         40.9229
[   75.09]    31           61075.4478      61116.3707        0.0670         40.9229
[   75.81]    32           61075.4478      61116.3707        0.0670         40.9229
[   76.54]    33           61075.4478      61116.3707        0.0670         40.9229
[   77.27]    34           61075.4478      61116.3707        0.0670         40.9229
[   78.01]    35           61075.4478      61116.3707        0.0670         40.9229
[   78.74]    36           61075.4478      61116.3707        0.0670         40.9229
[   79.49]    37           61075.4478      61116.3707        0.0670         40.9229
[   80.22]    38           61075.4478      61116.3707        0.0670         40.9229
[   80.96]    39           61075.4478      61116.3707        0.0670         40.9229
[   81.69]    40           61075.4478      61116.3707        0.0670         40.9229
[   82.41]    41           61075.4478      61116.3707        0.0670         40.9229
[   83.13]    42           61075.4478      61116.3707        0.0670         40.9229
[   83.84]    43           61075.4478      61116.3707        0.0670         40.9229
[   84.55]    44           61075.4478      61116.3707        0.0670         40.9229
[   85.27]    45           61075.4478      61116.3707        0.0670         40.9229
[   85.98]    46           61075.4478      61116.3707        0.0670         40.9229
[   86.72]    47           61075.4478      61116.3707        0.0670         40.9229
[   87.46]    48           61075.4478      61116.3707        0.0670         40.9229
[   88.20]    49           61075.4478      61116.3707        0.0670         40.9229
[   88.95]    50           61075.4478      61116.3707        0.0670         40.9229
[   89.68]    51           61075.4478      61116.3707        0.0670         40.9229
[   90.39]    52           61075.4478      61116.3707        0.0670         40.9229
[   91.10]    53           61075.4478      61116.3707        0.0670         40.9229
[   91.81]    54           61075.4478      61116.3707        0.0670         40.9229
[   92.53]    55           61075.4478      61116.3707        0.0670         40.9229
[   93.25]    56           61075.4478      61116.3707        0.0670         40.9229
[   93.98]    57           61075.4478      61116.3707        0.0670         40.9229
[   94.70]    58           61075.4478      61116.3707        0.0670         40.9229
[   95.42]    59           61075.4478      61116.3707        0.0670         40.9229
[   96.16]    60           61075.4478      61116.3707        0.0670         40.9229
[   96.88]    61           61075.4478      61116.3707        0.0670         40.9229
[   97.63]    62           61075.4478      61116.3707        0.0670         40.9229
[   98.39]    63           61075.4478      61116.3707        0.0670         40.9229
[   99.14]    64           61075.4478      61116.3707        0.0670         40.9229
[   99.88]    65           61075.4478      61116.3707        0.0670         40.9229
[  100.61]    66           61075.4478      61116.3707        0.0670         40.9229
[  101.33]    67           61075.4478      61116.3707        0.0670         40.9229
[  102.05]    68           61075.4478      61116.3707        0.0670         40.9229
[  102.77]    69           61075.4478      61116.3707        0.0670         40.9229
[  103.48]    70           61075.4478      61116.3707        0.0670         40.9229
[  104.19]    71           61075.4478      61116.3707        0.0670         40.9229
[  104.92]    72           61075.4478      61116.3707        0.0670         40.9229
[  105.65]    73           61075.4478      61116.3707        0.0670         40.9229
[  106.40]    74           61075.4478      61116.3707        0.0670         40.9229
[  107.16]    75           61075.4478      61116.3707        0.0670         40.9229
[  107.90]    76           61075.4478      61116.3707        0.0670         40.9229
[  108.62]    77           61075.4478      61116.3707        0.0670         40.9229
[  109.34]    78           61075.4478      61116.3707        0.0670         40.9229
[  110.05]    79           61075.4478      61116.3707        0.0670         40.9229
[  110.77]    80           61075.4478      61116.3707        0.0670         40.9229
[  111.48]    81           61075.4478      61116.3707        0.0670         40.9229
[  112.21]    82           61075.4478      61116.3707        0.0670         40.9229
[  112.93]    83           61075.4478      61116.3707        0.0670         40.9229
[  113.66]    84           61075.4478      61116.3707        0.0670         40.9229
[  114.41]    85           61075.4478      61116.3707        0.0670         40.9229
[  115.14]    86           61075.4478      61116.3707        0.0670         40.9229
[  115.90]    87           61075.4478      61116.3707        0.0670         40.9229
[  116.64]    88           61075.4478      61116.3707        0.0670         40.9229
[  117.36]    89           61075.4478      61116.3707        0.0670         40.9229
[  118.06]    90           61075.4478      61116.3707        0.0670         40.9229
[  118.78]    91           61075.4478      61116.3707        0.0670         40.9229
[  119.50]    92           61075.4478      61116.3707        0.0670         40.9229
[  120.23]    93           61075.4478      61116.3707        0.0670         40.9229
[  120.96]    94           61075.4478      61116.3707        0.0670         40.9229
[  121.69]    95           61075.4478      61116.3707        0.0670         40.9229
[  122.41]    96           61075.4478      61116.3707        0.0670         40.9229
rameter TSPort to value 28522
Using license file /usr/gapps/ppp/gurobi/gurobi.lic
Using license file /usr/gapps/ppp/gurobi/gurobi.lic
Set parameter TokenServer to value elsie3.llnl.gov
Using license file /usr/gapps/ppp/gurobi/gurobi.lic
Using license file /usr/gapps/ppp/gurobi/gurobi.lic
Set parameter TokenServer to value elsie3.llnl.gov
Set parameter TSPort to value 28522
Set parameter TokenServer to value elsie3.llnl.gov
Using license file /usr/gapps/ppp/gurobi/gurobi.lic
Set parameter TokenServer to value elsie3.llnl.gov
Using license file /usr/gapps/ppp/gurobi/gurobi.lic
Set parameter TokenServer to value elsie3.llnl.gov
Set parameter TSPort to value 28522
Set parameter TokenServer to value elsie3.llnl.gov
Set parameter TokenServer to value elsie3.llnl.gov
Set parameter TSPort to value 28522
Set parameter TSPort to value 28522
Set parameter TSPort to value 28522
Using license file /usr/gapps/ppp/gurobi/gurobi.lic
Set parameter TSPort to value 28522
Using license file /usr/gapps/ppp/gurobi/gurobi.lic
Set parameter TSPort to value 28522
Set parameter TokenServer to value elsie3.llnl.gov
Set parameter TSPort to value 28522
Using license file /usr/gapps/ppp/gurobi/gurobi.lic
Set parameter TokenServer to value elsie3.llnl.gov
Set parameter TokenServer to value elsie3.llnl.gov
Set parameter TSPort to value 28522
Set parameter TSPort to value 28522
Using license file /usr/gapps/ppp/gurobi/gurobi.lic
Set parameter TokenServer to value elsie3.llnl.gov
Set parameter TSPort to value 28522
Using license file /usr/gapps/ppp/gurobi/gurobi.lic
Set parameter TokenServer to value elsie3.llnl.gov
Set parameter TSPort to value 28522
Using license file /usr/gapps/ppp/gurobi/gurobi.lic
Set parameter TokenServer to value elsie3.llnl.gov
Set parameter TSPort to value 28522
Using license file /usr/gapps/ppp/gurobi/gurobi.lic
Using license file /usr/gapps/ppp/gurobi/gurobi.lic
Set parameter TokenServer to value elsie3.llnl.gov
Set parameter TSPort to value 28522
Using license file /usr/gapps/ppp/gurobi/gurobi.lic
Set parameter TokenServer to value elsie3.llnl.gov
Set parameter TSPort to value 28522
Set parameter TokenServer to value elsie3.llnl.gov
Using license file /usr/gapps/ppp/gurobi/gurobi.lic
Set parameter TokenServer to value elsie3.llnl.gov
Set parameter TSPort to value 28522
Set parameter TSPort to value 28522
Set parameter TokenServer to value elsie3.llnl.gov
Set parameter TSPort to value 28522
Using license file /usr/gapps/ppp/gurobi/gurobi.lic
Set parameter TokenServer to value elsie3.llnl.gov
Set parameter TSPort to value 28522
Using license file /usr/gapps/ppp/gurobi/gurobi.lic
Set parameter TokenServer to value elsie3.llnl.gov
Set parameter TSPort to value 28522
Using license file /usr/gapps/ppp/gurobi/gurobi.lic
Set parameter TokenServer to value elsie3.llnl.gov
Set parameter TSPort to value 28522
Using license file /usr/gapps/ppp/gurobi/gurobi.lic
Using license file /usr/gapps/ppp/gurobi/gurobi.lic
Using license file /usr/gapps/ppp/gurobi/gurobi.lic
Using license file /usr/gapps/ppp/gurobi/gurobi.lic
Set parameter TokenServer to value elsie3.llnl.gov
Set parameter TSPort to value 28522
Using license file /usr/gapps/ppp/gurobi/gurobi.lic
Set parameter TokenServer to value elsie3.llnl.gov
Set parameter TokenServer to value elsie3.llnl.gov
Set parameter TSPort to value 28522
Using license file /usr/gapps/ppp/gurobi/gurobi.lic
Set parameter TokenServer to value elsie3.llnl.gov
Set parameter TSPort to value 28522
Set parameter TokenServer to value elsie3.llnl.gov
Set parameter TSPort to value 28522
Set parameter TSPort to value 28522
Using license file /usr/gapps/ppp/gurobi/gurobi.lic
Set parameter TokenServer to value elsie3.llnl.gov
Set parameter TSPort to value 28522
Using license file /usr/gapps/ppp/gurobi/gurobi.lic
Set parameter TokenServer to value elsie3.llnl.gov
Set parameter TSPort to value 28522
Using license file /usr/gapps/ppp/gurobi/gurobi.lic
Set parameter TokenServer to value elsie3.llnl.gov
Set parameter TSPort to value 28522
Using license file /usr/gapps/ppp/gurobi/gurobi.lic
Set parameter TokenServer to value elsie3.llnl.gov
Set parameter TSPort to value 28522
Using license file /usr/gapps/ppp/gurobi/gurobi.lic
Set parameter TokenServer to value elsie3.llnl.gov
Set parameter TSPort to value 28522
Using license file /usr/gapps/ppp/gurobi/gurobi.lic
Set parameter TokenServer to value elsie3.llnl.gov
Set parameter TSPort to value 28522
Using license file /usr/gapps/ppp/gurobi/gurobi.lic
Set parameter TokenServer to value elsie3.llnl.gov
Set parameter TSPort to value 28522
Using license file /usr/gapps/ppp/gurobi/gurobi.lic
Set parameter TokenServer to value elsie3.llnl.gov
Set parameter TSPort to value 28522
Using license file /usr/gapps/ppp/gurobi/gurobi.lic
Using license file /usr/gapps/ppp/gurobi/gurobi.lic
Set parameter TokenServer to value elsie3.llnl.gov
Set parameter TokenServer to value elsie3.llnl.gov
Set parameter TSPort to value 28522
Set parameter TSPort to value 28522
Using license file /usr/gapps/ppp/gurobi/gurobi.lic
Set parameter TokenServer to value elsie3.llnl.gov
Set parameter TSPort to value 28522
Using license file /usr/gapps/ppp/gurobi/gurobi.lic
Using license file /usr/gapps/ppp/gurobi/gurobi.lic
Using license file /usr/gapps/ppp/gurobi/gurobi.lic
Set parameter TokenServer to value elsie3.llnl.gov
Set parameter TokenServer to value elsie3.llnl.gov
Set parameter TSPort to value 28522
Set parameter TokenServer to value elsie3.llnl.gov
Set parameter TSPort to value 28522
Set parameter TSPort to value 28522
Using license file /usr/gapps/ppp/gurobi/gurobi.lic
Set parameter TokenServer to value elsie3.llnl.gov
Set parameter TSPort to value 28522
Using license file /usr/gapps/ppp/gurobi/gurobi.lic
Set parameter TokenServer to value elsie3.llnl.gov
Set parameter TSPort to value 28522
Using license file /usr/gapps/ppp/gurobi/gurobi.lic
Set parameter TokenServer to value elsie3.llnl.gov
Set parameter TSPort to value 28522
Using license file /usr/gapps/ppp/gurobi/gurobi.lic
Set parameter TokenServer to value elsie3.llnl.gov
Set parameter TSPort to value 28522
Using license file /usr/gapps/ppp/gurobi/gurobi.lic
Set parameter TokenServer to value elsie3.llnl.gov
Set parameter TSPort to value 28522
Set parameter TokenServer to value elsie3.llnl.gov
Set parameter TSPort to value 28522
Using license file /usr/gapps/ppp/gurobi/gurobi.lic
Using license file /usr/gapps/ppp/gurobi/gurobi.lic
Set parameter TokenServer to value elsie3.llnl.gov
Set parameter TSPort to value 28522
Using license file /usr/gapps/ppp/gurobi/gurobi.lic
Set parameter TokenServer to value elsie3.llnl.gov
Set parameter TSPort to value 28522
Set parameter TokenServer to value elsie3.llnl.gov
Set parameter TSPort to value 28522
Using license file /usr/gapps/ppp/gurobi/gurobi.lic
Set parameter TokenServer to value elsie3.llnl.gov
Set parameter TSPort to value 28522
Using license file /usr/gapps/ppp/gurobi/gurobi.lic
Set parameter TokenServer to value elsie3.llnl.gov
Set parameter TSPort to value 28522
Using license file /usr/gapps/ppp/gurobi/gurobi.lic
Using license file /usr/gapps/ppp/gurobi/gurobi.lic
Set parameter TokenServer to value elsie3.llnl.gov
Set parameter TSPort to value 28522
Set parameter TokenServer to value elsie3.llnl.gov
Set parameter TSPort to value 28522
Using license file /usr/gapps/ppp/gurobi/gurobi.lic
Set parameter TokenServer to value elsie3.llnl.gov
Set parameter TSPort to value 28522
Using license file /usr/gapps/ppp/gurobi/gurobi.lic
Set parameter TokenServer to value elsie3.llnl.gov
Set parameter TSPort to value 28522
Using license file /usr/gapps/ppp/gurobi/gurobi.lic
Set parameter TokenServer to value elsie3.llnl.gov
Set parameter TSPort to value 28522
Using license file /usr/gapps/ppp/gurobi/gurobi.lic
Set parameter TokenServer to value elsie3.llnl.gov
Set parameter TSPort to value 28522
Set parameter TokenServer to value elsie3.llnl.gov
Set parameter TSPort to value 28522
Using license file /usr/gapps/ppp/gurobi/gurobi.lic
Set parameter TokenServer to value elsie3.llnl.gov
Set parameter TSPort to value 28522
Using license file /usr/gapps/ppp/gurobi/gurobi.lic
Set parameter TokenServer to value elsie3.llnl.gov
Set parameter TSPort to value 28522
Using license file /usr/gapps/ppp/gurobi/gurobi.lic
Set parameter TokenServer to value elsie3.llnl.gov
Set parameter TSPort to value 28522
Using license file /usr/gapps/ppp/gurobi/gurobi.lic
Set parameter TokenServer to value elsie3.llnl.gov
Set parameter TSPort to value 28522
Using license file /usr/gapps/ppp/gurobi/gurobi.lic
Set parameter TokenServer to value elsie3.llnl.gov
Set parameter TSPort to value 28522
Using license file /usr/gapps/ppp/gurobi/gurobi.lic
Set parameter TokenServer to value elsie3.llnl.gov
Set parameter TSPort to value 28522
Using license file /usr/gapps/ppp/gurobi/gurobi.lic
Set parameter TokenServer to value elsie3.llnl.gov
Set parameter TSPort to value 28522
[   14.21] Starting spcomm.main()
Using license file /usr/gapps/ppp/gurobi/gurobi.lic
Set parameter TokenServer to value elsie3.llnl.gov
Set parameter TSPort to value 28522
Using license file /usr/gapps/ppp/gurobi/gurobi.lic
Set parameter TokenServer to value elsie3.llnl.gov
Set parameter TSPort to value 28522
Using license file /usr/gapps/ppp/gurobi/gurobi.lic
Set parameter TokenServer to value elsie3.llnl.gov
Set parameter TSPort to value 28522
Using license file /usr/gapps/ppp/gurobi/gurobi.lic
Set parameter TokenServer to value elsie3.llnl.gov
Set parameter TSPort to value 28522
Using license file /usr/gapps/ppp/gurobi/gurobi.lic
Set parameter TokenServer to value elsie3.llnl.gov
Set parameter TSPort to value 28522
Using license file /usr/gapps/ppp/gurobi/gurobi.lic
Set parameter TokenServer to value elsie3.llnl.gov
Set parameter TSPort to value 28522
Using license file /usr/gapps/ppp/gurobi/gurobi.lic
Set parameter TokenServer to value elsie3.llnl.gov
Set parameter TSPort to value 28522
Using license file /usr/gapps/ppp/gurobi/gurobi.lic
Set parameter TokenServer to value elsie3.llnl.gov
Set parameter TSPort to value 28522
Using license file /usr/gapps/ppp/gurobi/gurobi.lic
Set parameter TokenServer to value elsie3.llnl.gov
Set parameter TSPort to value 28522
Using license file /usr/gapps/ppp/gurobi/gurobi.lic
Using license file /usr/gapps/ppp/gurobi/gurobi.lic
Set parameter TokenServer to value elsie3.llnl.gov
Set parameter TSPort to value 28522
Using license file /usr/gapps/ppp/gurobi/gurobi.lic
Set parameter TokenServer to value elsie3.llnl.gov
Set parameter TSPort to value 28522
Set parameter TokenServer to value elsie3.llnl.gov
Using license file /usr/gapps/ppp/gurobi/gurobi.lic
Set parameter TokenServer to value elsie3.llnl.gov
Set parameter TSPort to value 28522
Set parameter TSPort to value 28522
Using license file /usr/gapps/ppp/gurobi/gurobi.lic
Set parameter TokenServer to value elsie3.llnl.gov
Set parameter TSPort to value 28522
Using license file /usr/gapps/ppp/gurobi/gurobi.lic
Set parameter TokenServer to value elsie3.llnl.gov
Set parameter TSPort to value 28522
Using license file /usr/gapps/ppp/gurobi/gurobi.lic
Set parameter TokenServer to value elsie3.llnl.gov
Set parameter TSPort to value 28522
Using license file /usr/gapps/ppp/gurobi/gurobi.lic
Set parameter TokenServer to value elsie3.llnl.gov
Set parameter TSPort to value 28522
Using license file /usr/gapps/ppp/gurobi/gurobi.lic
Set parameter TokenServer to value elsie3.llnl.gov
Set parameter TSPort to value 28522
Using license file /usr/gapps/ppp/gurobi/gurobi.lic
Set parameter TokenServer to value elsie3.llnl.gov
Set parameter TSPort to value 28522
Using license file /usr/gapps/ppp/gurobi/gurobi.lic
Set parameter TokenServer to value elsie3.llnl.gov
Set parameter TSPort to value 28522
Using license file /usr/gapps/ppp/gurobi/gurobi.lic
Set parameter TokenServer to value elsie3.llnl.gov
Set parameter TSPort to value 28522
Using license file /usr/gapps/ppp/gurobi/gurobi.lic
Set parameter TokenServer to value elsie3.llnl.gov
Set parameter TSPort to value 28522
Using license file /usr/gapps/ppp/gurobi/gurobi.lic
Set parameter TokenServer to value elsie3.llnl.gov
Set parameter TSPort to value 28522
Using license file /usr/gapps/ppp/gurobi/gurobi.lic
Set parameter TokenServer to value elsie3.llnl.gov
Set parameter TSPort to value 28522
Using license file /usr/gapps/ppp/gurobi/gurobi.lic
Using license file /usr/gapps/ppp/gurobi/gurobi.lic
Using license file /usr/gapps/ppp/gurobi/gurobi.lic
Set parameter TokenServer to value elsie3.llnl.gov
Set parameter TSPort to value 28522
Set parameter TokenServer to value elsie3.llnl.gov
Set parameter TokenServer to value elsie3.llnl.gov
Set parameter TSPort to value 28522
Set parameter TSPort to value 28522
Using license file /usr/gapps/ppp/gurobi/gurobi.lic
Set parameter TokenServer to value elsie3.llnl.gov
Set parameter TSPort to value 28522
Using license file /usr/gapps/ppp/gurobi/gurobi.lic
Set parameter TokenServer to value elsie3.llnl.gov
Set parameter TSPort to value 28522
Using license file /usr/gapps/ppp/gurobi/gurobi.lic
Using license file /usr/gapps/ppp/gurobi/gurobi.lic
Set parameter TokenServer to value elsie3.llnl.gov
Set parameter TokenServer to value elsie3.llnl.gov
Set parameter TSPort to value 28522
Using license file /usr/gapps/ppp/gurobi/gurobi.lic
Set parameter TSPort to value 28522
Using license file /usr/gapps/ppp/gurobi/gurobi.lic
Set parameter TokenServer to value elsie3.llnl.gov
Set parameter TokenServer to value elsie3.llnl.gov
Set parameter TSPort to value 28522
Set parameter TSPort to value 28522
Using license file /usr/gapps/ppp/gurobi/gurobi.lic
Set parameter TokenServer to value elsie3.llnl.gov
Using license file /usr/gapps/ppp/gurobi/gurobi.lic
Set parameter TokenServer to value elsie3.llnl.gov
Set parameter TSPort to value 28522
Using license file /usr/gapps/ppp/gurobi/gurobi.lic
Set parameter TokenServer to value elsie3.llnl.gov
Set parameter TSPort to value 28522
Using license file /usr/gapps/ppp/gurobi/gurobi.lic
Set parameter TokenServer to value elsie3.llnl.gov
Using license file /usr/gapps/ppp/gurobi/gurobi.lic
Set parameter TokenServer to value elsie3.llnl.gov
Set parameter TSPort to value 28522
Using license file /usr/gapps/ppp/gurobi/gurobi.lic
Set parameter TokenServer to value elsie3.llnl.gov
Using license file /usr/gapps/ppp/gurobi/gurobi.lic
Using license file /usr/gapps/ppp/gurobi/gurobi.lic
Set parameter TokenServer to value elsie3.llnl.gov
Set parameter TSPort to value 28522
Set parameter TSPort to value 28522
Set parameter TokenServer to value elsie3.llnl.gov
Set parameter TSPort to value 28522
Using license file /usr/gapps/ppp/gurobi/gurobi.lic
Set parameter TokenServer to value elsie3.llnl.gov
Set parameter TSPort to value 28522
Using license file /usr/gapps/ppp/gurobi/gurobi.lic
Set parameter TokenServer to value elsie3.llnl.gov
Set parameter TSPort to value 28522
Set parameter TSPort to value 28522
Using license file /usr/gapps/ppp/gurobi/gurobi.lic
Set parameter TokenServer to value elsie3.llnl.gov
Set parameter TSPort to value 28522
Using license file /usr/gapps/ppp/gurobi/gurobi.lic
Set parameter TokenServer to value elsie3.llnl.gov
Set parameter TSPort to value 28522
Using license file /usr/gapps/ppp/gurobi/gurobi.lic
Set parameter TokenServer to value elsie3.llnl.gov
Set parameter TSPort to value 28522
Using license file /usr/gapps/ppp/gurobi/gurobi.lic
Set parameter TokenServer to value elsie3.llnl.gov
Set parameter TSPort to value 28522
Using license file /usr/gapps/ppp/gurobi/gurobi.lic
Set parameter TokenServer to value elsie3.llnl.gov
Set parameter TSPort to value 28522
Using license file /usr/gapps/ppp/gurobi/gurobi.lic
Set parameter TokenServer to value elsie3.llnl.gov
Set parameter TSPort to value 28522
Using license file /usr/gapps/ppp/gurobi/gurobi.lic
Set parameter TokenServer to value elsie3.llnl.gov
Set parameter TSPort to value 28522
Using license file /usr/gapps/ppp/gurobi/gurobi.lic
Set parameter TokenServer to value elsie3.llnl.gov
Set parameter TSPort to value 28522
Using license file /usr/gapps/ppp/gurobi/gurobi.lic
Set parameter TokenServer to value elsie3.llnl.gov
Set parameter TSPort to value 28522
Using license file /usr/gapps/ppp/gurobi/gurobi.lic
Set parameter TokenServer to value elsie3.llnl.gov
Set parameter TSPort to value 28522
Using license file /usr/gapps/ppp/gurobi/gurobi.lic
Using license file /usr/gapps/ppp/gurobi/gurobi.lic
Using license file /usr/gapps/ppp/gurobi/gurobi.lic
Set parameter TokenServer to value elsie3.llnl.gov
Set parameter TSPort to value 28522
Set parameter TokenServer to value elsie3.llnl.gov
Set parameter TokenServer to value elsie3.llnl.gov
Set parameter TSPort to value 28522
Set parameter TSPort to value 28522
Using license file /usr/gapps/ppp/gurobi/gurobi.lic
Set parameter TokenServer to value elsie3.llnl.gov
Set parameter TSPort to value 28522
Using license file /usr/gapps/ppp/gurobi/gurobi.lic
Using license file /usr/gapps/ppp/gurobi/gurobi.lic
Set parameter TokenServer to value elsie3.llnl.gov
Set parameter TSPort to value 28522
Using license file /usr/gapps/ppp/gurobi/gurobi.lic
Set parameter TokenServer to value elsie3.llnl.gov
Set parameter TokenServer to value elsie3.llnl.gov
Set parameter TSPort to value 28522
Set parameter TSPort to value 28522
Using license file /usr/gapps/ppp/gurobi/gurobi.lic
Set parameter TokenServer to value elsie3.llnl.gov
Set parameter TSPort to value 28522
Using license file /usr/gapps/ppp/gurobi/gurobi.lic
Set parameter TokenServer to value elsie3.llnl.gov
Set parameter TSPort to value 28522
Using license file /usr/gapps/ppp/gurobi/gurobi.lic
Using license file /usr/gapps/ppp/gurobi/gurobi.lic
Set parameter TokenServer to value elsie3.llnl.gov
Set parameter TSPort to value 28522
Set parameter TokenServer to value elsie3.llnl.gov
Set parameter TSPort to value 28522
Using license file /usr/gapps/ppp/gurobi/gurobi.lic
Set parameter TokenServer to value elsie3.llnl.gov
Using license file /usr/gapps/ppp/gurobi/gurobi.lic
Set parameter TSPort to value 28522
Set parameter TokenServer to value elsie3.llnl.gov
Set parameter TSPort to value 28522
Using license file /usr/gapps/ppp/gurobi/gurobi.lic
Set parameter TokenServer to value elsie3.llnl.gov
Set parameter TSPort to value 28522
Using license file /usr/gapps/ppp/gurobi/gurobi.lic
Set parameter TokenServer to value elsie3.llnl.gov
Using license file /usr/gapps/ppp/gurobi/gurobi.lic
Set parameter TSPort to value 28522
Set parameter TokenServer to value elsie3.llnl.gov
Set parameter TSPort to value 28522
Using license file /usr/gapps/ppp/gurobi/gurobi.lic
Set parameter TokenServer to value elsie3.llnl.gov
Set parameter TSPort to value 28522
Using license file /usr/gapps/ppp/gurobi/gurobi.lic
Set parameter TokenServer to value elsie3.llnl.gov
Using license file /usr/gapps/ppp/gurobi/gurobi.lic
Set parameter TokenServer to value elsie3.llnl.gov
Set parameter TSPort to value 28522
Set parameter TSPort to value 28522
Using license file /usr/gapps/ppp/gurobi/gurobi.lic
Set parameter TokenServer to value elsie3.llnl.gov
Set parameter TSPort to value 28522
Using license file /usr/gapps/ppp/gurobi/gurobi.lic
Using license file /usr/gapps/ppp/gurobi/gurobi.lic
Set parameter TokenServer to value elsie3.llnl.gov
Set parameter TSPort to value 28522
Using license file /usr/gapps/ppp/gurobi/gurobi.lic
Set parameter TokenServer to value elsie3.llnl.gov
Set parameter TSPort to value 28522
Set parameter TokenServer to value elsie3.llnl.gov
Set parameter TSPort to value 28522
Using license file /usr/gapps/ppp/gurobi/gurobi.lic
Set parameter TokenServer to value elsie3.llnl.gov
Set parameter TSPort to value 28522
Using license file /usr/gapps/ppp/gurobi/gurobi.lic
Set parameter TokenServer to value elsie3.llnl.gov
Set parameter TSPort to value 28522
Using license file /usr/gapps/ppp/gurobi/gurobi.lic
Set parameter TokenServer to value elsie3.llnl.gov
Using license file /usr/gapps/ppp/gurobi/gurobi.lic
Set parameter TSPort to value 28522
Set parameter TokenServer to value elsie3.llnl.gov
Set parameter TSPort to value 28522
Using license file /usr/gapps/ppp/gurobi/gurobi.lic
Set parameter TokenServer to value elsie3.llnl.gov
Set parameter TSPort to value 28522
Using license file /usr/gapps/ppp/gurobi/gurobi.lic
Set parameter TokenServer to value elsie3.llnl.gov
Set parameter TSPort to value 28522
Using license file /usr/gapps/ppp/gurobi/gurobi.lic
Using license file /usr/gapps/ppp/gurobi/gurobi.lic
Set parameter TokenServer to value elsie3.llnl.gov
Set parameter TSPort to value 28522
Set parameter TSPort to value 28522
Using license file /usr/gapps/ppp/gurobi/gurobi.lic
Set parameter TokenServer to value elsie3.llnl.gov
Set parameter TSPort to value 28522
Using license file /usr/gapps/ppp/gurobi/gurobi.lic
Set parameter TokenServer to value elsie3.llnl.gov
Set parameter TSPort to value 28522
Using license file /usr/gapps/ppp/gurobi/gurobi.lic
Set parameter TokenServer to value elsie3.llnl.gov
Set parameter TSPort to value 28522
Using license file /usr/gapps/ppp/gurobi/gurobi.lic
Using license file /usr/gapps/ppp/gurobi/gurobi.lic
Set parameter TokenServer to value elsie3.llnl.gov
Set parameter TSPort to value 28522
Set parameter TokenServer to value elsie3.llnl.gov
Set parameter TSPort to value 28522
Using license file /usr/gapps/ppp/gurobi/gurobi.lic
Set parameter TokenServer to value elsie3.llnl.gov
Set parameter TSPort to value 28522
Using license file /usr/gapps/ppp/gurobi/gurobi.lic
Set parameter TokenServer to value elsie3.llnl.gov
Set parameter TSPort to value 28522
Using license file /usr/gapps/ppp/gurobi/gurobi.lic
Set parameter TokenServer to value elsie3.llnl.gov
Set parameter TSPort to value 28522
Using license file /usr/gapps/ppp/gurobi/gurobi.lic
Set parameter TokenServer to value elsie3.llnl.gov
Set parameter TSPort to value 28522
Using license file /usr/gapps/ppp/gurobi/gurobi.lic
Set parameter TokenServer to value elsie3.llnl.gov
Set parameter TSPort to value 28522
Set parameter TokenServer to value elsie3.llnl.gov
Set parameter TSPort to value 28522
Using license file /usr/gapps/ppp/gurobi/gurobi.lic
Set parameter TokenServer to value elsie3.llnl.gov
Set parameter TSPort to value 28522
Using license file /usr/gapps/ppp/gurobi/gurobi.lic
Set parameter TokenServer to value elsie3.llnl.gov
Set parameter TSPort to value 28522
Using license file /usr/gapps/ppp/gurobi/gurobi.lic
Set parameter TokenServer to value elsie3.llnl.gov
Set parameter TSPort to value 28522
Using license file /usr/gapps/ppp/gurobi/gurobi.lic
Set parameter TokenServer to value elsie3.llnl.gov
Using license file /usr/gapps/ppp/gurobi/gurobi.lic
Set parameter TokenServer to value elsie3.llnl.gov
Set parameter TSPort to value 28522
Set parameter TSPort to value 28522
Using license file /usr/gapps/ppp/gurobi/gurobi.lic
Set parameter TokenServer to value elsie3.llnl.gov
Set parameter TSPort to value 28522
Using license file /usr/gapps/ppp/gurobi/gurobi.lic
Set parameter TokenServer to value elsie3.llnl.gov
Using license file /usr/gapps/ppp/gurobi/gurobi.lic
Set parameter TokenServer to value elsie3.llnl.gov
Set parameter TSPort to value 28522
Using license file /usr/gapps/ppp/gurobi/gurobi.lic
Set parameter TokenServer to value elsie3.llnl.gov
Set parameter TSPort to value 28522
Using license file /usr/gapps/ppp/gurobi/gurobi.lic
Set parameter TokenServer to value elsie3.llnl.gov
Set parameter TSPort to value 28522
Set parameter TSPort to value 28522
Using license file /usr/gapps/ppp/gurobi/gurobi.lic
Set parameter TokenServer to value elsie3.llnl.gov
Set parameter TSPort to value 28522
Using license file /usr/gapps/ppp/gurobi/gurobi.lic
Set parameter TokenServer to value elsie3.llnl.gov
Set parameter TSPort to value 28522
Using license file /usr/gapps/ppp/gurobi/gurobi.lic
Set parameter TokenServer to value elsie3.llnl.gov
Set parameter TSPort to value 28522
Using license file /usr/gapps/ppp/gurobi/gurobi.lic
Set parameter TokenServer to value elsie3.llnl.gov
Set parameter TSPort to value 28522
Using license file /usr/gapps/ppp/gurobi/gurobi.lic
Set parameter TokenServer to value elsie3.llnl.gov
Using license file /usr/gapps/ppp/gurobi/gurobi.lic
Set parameter TokenServer to value elsie3.llnl.gov
Set parameter TSPort to value 28522
Set parameter TSPort to value 28522
Using license file /usr/gapps/ppp/gurobi/gurobi.lic
Set parameter TokenServer to value elsie3.llnl.gov
Set parameter TSPort to value 28522
Using license file /usr/gapps/ppp/gurobi/gurobi.lic
Set parameter TokenServer to value elsie3.llnl.gov
Set parameter TSPort to value 28522
Using license file /usr/gapps/ppp/gurobi/gurobi.lic
Set parameter TokenServer to value elsie3.llnl.gov
Set parameter TSPort to value 28522
Using license file /usr/gapps/ppp/gurobi/gurobi.lic
Set parameter TokenServer to value elsie3.llnl.gov
Set parameter TSPort to value 28522
Using license file /usr/gapps/ppp/gurobi/gurobi.lic
Set parameter TokenServer to value elsie3.llnl.gov
Set parameter TSPort to value 28522
Using license file /usr/gapps/ppp/gurobi/gurobi.lic
Set parameter TokenServer to value elsie3.llnl.gov
Set parameter TSPort to value 28522
Using license file /usr/gapps/ppp/gurobi/gurobi.lic
Set parameter TokenServer to value elsie3.llnl.gov
Set parameter TSPort to value 28522
Using license file /usr/gapps/ppp/gurobi/gurobi.lic
Set parameter TokenServer to value elsie3.llnl.gov
Set parameter TSPort to value 28522
Using license file /usr/gapps/ppp/gurobi/gurobi.lic
Set parameter TokenServer to value elsie3.llnl.gov
Set parameter TSPort to value 28522
Using license file /usr/gapps/ppp/gurobi/gurobi.lic
Set parameter TokenServer to value elsie3.llnl.gov
Set parameter TSPort to value 28522
Using license file /usr/gapps/ppp/gurobi/gurobi.lic
Set parameter TokenServer to value elsie3.llnl.gov
Set parameter TSPort to value 28522
Using license file /usr/gapps/ppp/gurobi/gurobi.lic
Set parameter TokenServer to value elsie3.llnl.gov
Set parameter TSPort to value 28522
Using license file /usr/gapps/ppp/gurobi/gurobi.lic
Set parameter TokenServer to value elsie3.llnl.gov
Set parameter TSPort to value 28522
Using license file /usr/gapps/ppp/gurobi/gurobi.lic
Set parameter TokenServer to value elsie3.llnl.gov
Set parameter TSPort to value 28522
Using license file /usr/gapps/ppp/gurobi/gurobi.lic
Set parameter TokenServer to value elsie3.llnl.gov
Set parameter TSPort to value 28522
Using license file /usr/gapps/ppp/gurobi/gurobi.lic
Set parameter TokenServer to value elsie3.llnl.gov
Set parameter TSPort to value 28522
Using license file /usr/gapps/ppp/gurobi/gurobi.lic
Set parameter TokenServer to value elsie3.llnl.gov
Set parameter TSPort to value 28522
Using license file /usr/gapps/ppp/gurobi/gurobi.lic
Set parameter TokenServer to value elsie3.llnl.gov
Set parameter TSPort to value 28522
Using license file /usr/gapps/ppp/gurobi/gurobi.lic
Set parameter TokenServer to value elsie3.llnl.gov
Set parameter TSPort to value 28522
Using license file /usr/gapps/ppp/gurobi/gurobi.lic
Set parameter TokenServer to value elsie3.llnl.gov
Set parameter TSPort to value 28522
Using license file /usr/gapps/ppp/gurobi/gurobi.lic
Set parameter TokenServer to value elsie3.llnl.gov
Set parameter TSPort to value 28522
Using license file /usr/gapps/ppp/gurobi/gurobi.lic
Set parameter TokenServer to value elsie3.llnl.gov
Set parameter TSPort to value 28522
Using license file /usr/gapps/ppp/gurobi/gurobi.lic
Set parameter TokenServer to value elsie3.llnl.gov
Set parameter TSPort to value 28522
Using license file /usr/gapps/ppp/gurobi/gurobi.lic
Set parameter TokenServer to value elsie3.llnl.gov
Set parameter TSPort to value 28522
Using license file /usr/gapps/ppp/gurobi/gurobi.lic
Set parameter TokenServer to value elsie3.llnl.gov
Set parameter TSPort to value 28522
Using license file /usr/gapps/ppp/gurobi/gurobi.lic
Set parameter TokenServer to value elsie3.llnl.gov
Set parameter TSPort to value 28522
Using license file /usr/gapps/ppp/gurobi/gurobi.lic
Set parameter TokenServer to value elsie3.llnl.gov
Set parameter TSPort to value 28522
Using license file /usr/gapps/ppp/gurobi/gurobi.lic
Set parameter TokenServer to value elsie3.llnl.gov
Set parameter TSPort to value 28522
Using license file /usr/gapps/ppp/gurobi/gurobi.lic
Set parameter TokenServer to value elsie3.llnl.gov
Set parameter TSPort to value 28522
Using license file /usr/gapps/ppp/gurobi/gurobi.lic
Set parameter TokenServer to value elsie3.llnl.gov
Set parameter TSPort to value 28522
Using license file /usr/gapps/ppp/gurobi/gurobi.lic
Set parameter TokenServer to value elsie3.llnl.gov
Set parameter TSPort to value 28522
Using license file /usr/gapps/ppp/gurobi/gurobi.lic
Set parameter TokenServer to value elsie3.llnl.gov
Set parameter TSPort to value 28522
Using license file /usr/gapps/ppp/gurobi/gurobi.lic
Set parameter TokenServer to value elsie3.llnl.gov
Set parameter TSPort to value 28522
Using license file /usr/gapps/ppp/gurobi/gurobi.lic
Set parameter TokenServer to value elsie3.llnl.gov
Set parameter TSPort to value 28522
Using license file /usr/gapps/ppp/gurobi/gurobi.lic
Set parameter TokenServer to value elsie3.llnl.gov
Set parameter TSPort to value 28522
Using license file /usr/gapps/ppp/gurobi/gurobi.lic
Set parameter TokenServer to value elsie3.llnl.gov
Set parameter TSPort to value 28522
Using license file /usr/gapps/ppp/gurobi/gurobi.lic
Set parameter TokenServer to value elsie3.llnl.gov
Set parameter TSPort to value 28522
Using license file /usr/gapps/ppp/gurobi/gurobi.lic
Set parameter TokenServer to value elsie3.llnl.gov
Set parameter TSPort to value 28522
Using license file /usr/gapps/ppp/gurobi/gurobi.lic
Set parameter TokenServer to value elsie3.llnl.gov
Set parameter TSPort to value 28522
Using license file /usr/gapps/ppp/gurobi/gurobi.lic
Set parameter TokenServer to value elsie3.llnl.gov
Set parameter TSPort to value 28522
Using license file /usr/gapps/ppp/gurobi/gurobi.lic
Set parameter TokenServer to value elsie3.llnl.gov
Set parameter TSPort to value 28522
Using license file /usr/gapps/ppp/gurobi/gurobi.lic
Set parameter TokenServer to value elsie3.llnl.gov
Set parameter TSPort to value 28522
Using license file /usr/gapps/ppp/gurobi/gurobi.lic
Set parameter TokenServer to value elsie3.llnl.gov
Set parameter TSPort to value 28522
Using license file /usr/gapps/ppp/gurobi/gurobi.lic
Set parameter TokenServer to value elsie3.llnl.gov
Set parameter TSPort to value 28522
Using license file /usr/gapps/ppp/gurobi/gurobi.lic
Using license file /usr/gapps/ppp/gurobi/gurobi.lic
Set parameter TokenServer to value elsie3.llnl.gov
Set parameter TokenServer to value elsie3.llnl.gov
Set parameter TSPort to value 28522
Set parameter TSPort to value 28522
Using license file /usr/gapps/ppp/gurobi/gurobi.lic
Set parameter TokenServer to value elsie3.llnl.gov
Set parameter TSPort to value 28522
Using license file /usr/gapps/ppp/gurobi/gurobi.lic
Set parameter TokenServer to value elsie3.llnl.gov
Set parameter TSPort to value 28522
Using license file /usr/gapps/ppp/gurobi/gurobi.lic
Set parameter TokenServer to value elsie3.llnl.gov
Set parameter TSPort to value 28522
Using license file /usr/gapps/ppp/gurobi/gurobi.lic
Set parameter TokenServer to value elsie3.llnl.gov
Set parameter TSPort to value 28522
Using license file /usr/gapps/ppp/gurobi/gurobi.lic
Set parameter TokenServer to value elsie3.llnl.gov
Set parameter TSPort to value 28522
Using license file /usr/gapps/ppp/gurobi/gurobi.lic
Set parameter TokenServer to value elsie3.llnl.gov
Set parameter TSPort to value 28522
Using license file /usr/gapps/ppp/gurobi/gurobi.lic
Set parameter TokenServer to value elsie3.llnl.gov
Set parameter TSPort to value 28522
Using license file /usr/gapps/ppp/gurobi/gurobi.lic
Set parameter TokenServer to value elsie3.llnl.gov
Set parameter TSPort to value 28522
Using license file /usr/gapps/ppp/gurobi/gurobi.lic
Set parameter TokenServer to value elsie3.llnl.gov
Set parameter TSPort to value 28522
Using license file /usr/gapps/ppp/gurobi/gurobi.lic
Set parameter TokenServer to value elsie3.llnl.gov
Set parameter TSPort to value 28522
Using license file /usr/gapps/ppp/gurobi/gurobi.lic
Set parameter TokenServer to value elsie3.llnl.gov
Set parameter TSPort to value 28522
Using license file /usr/gapps/ppp/gurobi/gurobi.lic
Set parameter TokenServer to value elsie3.llnl.gov
Set parameter TSPort to value 28522
Using license file /usr/gapps/ppp/gurobi/gurobi.lic
Set parameter TokenServer to value elsie3.llnl.gov
Set parameter TSPort to value 28522
Using license file /usr/gapps/ppp/gurobi/gurobi.lic
Set parameter TokenServer to value elsie3.llnl.gov
Set parameter TSPort to value 28522
Using license file /usr/gapps/ppp/gurobi/gurobi.lic
Set parameter TokenServer to value elsie3.llnl.gov
Set parameter TSPort to value 28522
Using license file /usr/gapps/ppp/gurobi/gurobi.lic
Set parameter TokenServer to value elsie3.llnl.gov
Set parameter TSPort to value 28522
Using license file /usr/gapps/ppp/gurobi/gurobi.lic
Set parameter TokenServer to value elsie3.llnl.gov
Set parameter TSPort to value 28522
Using license file /usr/gapps/ppp/gurobi/gurobi.lic
Using license file /usr/gapps/ppp/gurobi/gurobi.lic
Set parameter TokenServer to value elsie3.llnl.gov
Set parameter TSPort to value 28522
Set parameter TokenServer to value elsie3.llnl.gov
Using license file /usr/gapps/ppp/gurobi/gurobi.lic
Set parameter TSPort to value 28522
Set parameter TokenServer to value elsie3.llnl.gov
Set parameter TSPort to value 28522
Using license file /usr/gapps/ppp/gurobi/gurobi.lic
Set parameter TokenServer to value elsie3.llnl.gov
Set parameter TSPort to value 28522
Using license file /usr/gapps/ppp/gurobi/gurobi.lic
Set parameter TokenServer to value elsie3.llnl.gov
Set parameter TSPort to value 28522
Using license file /usr/gapps/ppp/gurobi/gurobi.lic
Set parameter TokenServer to value elsie3.llnl.gov
Set parameter TSPort to value 28522
Using license file /usr/gapps/ppp/gurobi/gurobi.lic
Set parameter TokenServer to value elsie3.llnl.gov
Set parameter TSPort to value 28522
Using license file /usr/gapps/ppp/gurobi/gurobi.lic
Set parameter TokenServer to value elsie3.llnl.gov
Set parameter TSPort to value 28522
Using license file /usr/gapps/ppp/gurobi/gurobi.lic
Set parameter TokenServer to value elsie3.llnl.gov
Set parameter TSPort to value 28522
Using license file /usr/gapps/ppp/gurobi/gurobi.lic
Set parameter TokenServer to value elsie3.llnl.gov
Set parameter TSPort to value 28522
Using license file /usr/gapps/ppp/gurobi/gurobi.lic
Set parameter TokenServer to value elsie3.llnl.gov
Set parameter TSPort to value 28522
Using license file /usr/gapps/ppp/gurobi/gurobi.lic
Set parameter TokenServer to value elsie3.llnl.gov
Set parameter TSPort to value 28522
Using license file /usr/gapps/ppp/gurobi/gurobi.lic
Set parameter TokenServer to value elsie3.llnl.gov
Set parameter TSPort to value 28522
Using license file /usr/gapps/ppp/gurobi/gurobi.lic
Set parameter TokenServer to value elsie3.llnl.gov
Set parameter TSPort to value 28522
Using license file /usr/gapps/ppp/gurobi/gurobi.lic
Set parameter TokenServer to value elsie3.llnl.gov
Set parameter TSPort to value 28522
Using license file /usr/gapps/ppp/gurobi/gurobi.lic
Set parameter TokenServer to value elsie3.llnl.gov
Set parameter TSPort to value 28522
Using license file /usr/gapps/ppp/gurobi/gurobi.lic
Set parameter TokenServer to value elsie3.llnl.gov
Set parameter TSPort to value 28522
Using license file /usr/gapps/ppp/gurobi/gurobi.lic
Set parameter TokenServer to value elsie3.llnl.gov
Set parameter TSPort to value 28522
Using license file /usr/gapps/ppp/gurobi/gurobi.lic
Set parameter TokenServer to value elsie3.llnl.gov
Set parameter TSPort to value 28522
Using license file /usr/gapps/ppp/gurobi/gurobi.lic
Set parameter TokenServer to value elsie3.llnl.gov
Set parameter TSPort to value 28522
Using license file /usr/gapps/ppp/gurobi/gurobi.lic
Set parameter TokenServer to value elsie3.llnl.gov
Set parameter TSPort to value 28522
Using license file /usr/gapps/ppp/gurobi/gurobi.lic
Set parameter TokenServer to value elsie3.llnl.gov
Set parameter TSPort to value 28522
Using license file /usr/gapps/ppp/gurobi/gurobi.lic
Set parameter TokenServer to value elsie3.llnl.gov
Set parameter TSPort to value 28522
Using license file /usr/gapps/ppp/gurobi/gurobi.lic
Set parameter TokenServer to value elsie3.llnl.gov
Set parameter TSPort to value 28522
Using license file /usr/gapps/ppp/gurobi/gurobi.lic
Set parameter TokenServer to value elsie3.llnl.gov
Set parameter TSPort to value 28522
Using license file /usr/gapps/ppp/gurobi/gurobi.lic
Set parameter TokenServer to value elsie3.llnl.gov
Set parameter TSPort to value 28522
Using license file /usr/gapps/ppp/gurobi/gurobi.lic
Set parameter TokenServer to value elsie3.llnl.gov
Set parameter TSPort to value 28522
Using license file /usr/gapps/ppp/gurobi/gurobi.lic
Set parameter TokenServer to value elsie3.llnl.gov
Set parameter TSPort to value 28522
Using license file /usr/gapps/ppp/gurobi/gurobi.lic
Set parameter TokenServer to value elsie3.llnl.gov
Set parameter TSPort to value 28522
Using license file /usr/gapps/ppp/gurobi/gurobi.lic
Set parameter TokenServer to value elsie3.llnl.gov
Set parameter TSPort to value 28522
Using license file /usr/gapps/ppp/gurobi/gurobi.lic
Set parameter TokenServer to value elsie3.llnl.gov
Set parameter TSPort to value 28522
Using license file /usr/gapps/ppp/gurobi/gurobi.lic
Set parameter TokenServer to value elsie3.llnl.gov
Set parameter TSPort to value 28522
Using license file /usr/gapps/ppp/gurobi/gurobi.lic
Set parameter TokenServer to value elsie3.llnl.gov
Set parameter TSPort to value 28522
Using license file /usr/gapps/ppp/gurobi/gurobi.lic
Set parameter TokenServer to value elsie3.llnl.gov
Set parameter TSPort to value 28522
Using license file /usr/gapps/ppp/gurobi/gurobi.lic
Set parameter TokenServer to value elsie3.llnl.gov
Set parameter TSPort to value 28522
Using license file /usr/gapps/ppp/gurobi/gurobi.lic
Set parameter TokenServer to value elsie3.llnl.gov
Set parameter TSPort to value 28522
[   14.78] Creating solvers
Using license file /usr/gapps/ppp/gurobi/gurobi.lic
Set parameter TokenServer to value elsie3.llnl.gov
Set parameter TSPort to value 28522
Using license file /usr/gapps/ppp/gurobi/gurobi.lic
Set parameter TokenServer to value elsie3.llnl.gov
Set parameter TSPort to value 28522
[   25.59] Entering solve loop in PHBase.Iter0
[   31.54] Iter.           Best Bound  Best Incumbent      Rel. Gap        Abs. Gap
[   31.54]     1  L X      61075.4478      61118.8189        0.0710         43.3711
[   35.12]     2           61075.4478      61118.8189        0.0710         43.3711
[   40.21]     3           61075.4478      61118.8189        0.0710         43.3711
[   43.13]     4    X      61075.4478      61118.5625        0.0706         43.1146
[   46.86]     5           61075.4478      61118.5625        0.0706         43.1146
[   49.76]     6    X      61075.4478      61116.6683        0.0675         41.2205
[   52.15]     7    X      61075.4478      61116.4688        0.0672         41.0210
                                             [   57.29]     8    X      61075.4478      61116.3973        0.0670         40.9495
[   58.45]     9           61075.4478      61116.3973        0.0670         40.9495
[   59.43]    10           61075.4478      61116.3973        0.0670         40.9495
[   60.32]    11           61075.4478      61116.3973        0.0670         40.9495
[   61.15]    12           61075.4478      61116.3973        0.0670         40.9495
[   61.89]    13           61075.4478      61116.3973        0.0670         40.9495
[   62.62]    14           61075.4478      61116.3973        0.0670         40.9495
[   63.35]    15           61075.4478      61116.3973        0.0670         40.9495
[   64.09]    16           61075.4478      61116.3973        0.0670         40.9495
[   64.83]    17           61075.4478      61116.3973        0.0670         40.9495
[   65.56]    18           61075.4478      61116.3973        0.0670         40.9495
[   66.29]    19           61075.4478      61116.3973        0.0670         40.9495
[   67.03]    20           61075.4478      61116.3973        0.0670         40.9495
[   67.77]    21           61075.4478      61116.3973        0.0670         40.9495
[   68.51]    22           61075.4478      61116.3973        0.0670         40.9495
[   69.25]    23           61075.4478      61116.3973        0.0670         40.9495
[   69.96]    24           61075.4478      61116.3973        0.0670         40.9495
[   70.66]    25    X      61075.4478      61116.3707        0.0670         40.9229
[   71.37]    26           61075.4478      61116.3707        0.0670         40.9229
[   72.09]    27           61075.4478      61116.3707        0.0670         40.9229
[   72.81]    28           61075.4478      61116.3707        0.0670         40.9229
[   73.53]    29           61075.4478      61116.3707        0.0670         40.9229
[   74.26]    30           61075.4478      61116.3707        0.0670         40.9229
[   74.99]    31           61075.4478      61116.3707        0.0670         40.9229
[   75.70]    32           61075.4478      61116.3707        0.0670         40.9229
[   76.40]    33           61075.4478      61116.3707        0.0670         40.9229
[   77.14]    34           61075.4478      61116.3707        0.0670         40.9229
[   77.87]    35           61075.4478      61116.3707        0.0670         40.9229
[   78.63]    36           61075.4478      61116.3707        0.0670         40.9229
[   79.38]    37           61075.4478      61116.3707        0.0670         40.9229
[   80.11]    38           61075.4478      61116.3707        0.0670         40.9229
[   80.84]    39           61075.4478      61116.3707        0.0670         40.9229
[   81.55]    40           61075.4478      61116.3707        0.0670         40.9229
[   82.27]    41           61075.4478      61116.3707        0.0670         40.9229
[   82.98]    42           61075.4478      61116.3707        0.0670         40.9229
[   83.69]    43           61075.4478      61116.3707        0.0670         40.9229
[   84.41]    44           61075.4478      61116.3707        0.0670         40.9229
[   85.13]    45           61075.4478      61116.3707        0.0670         40.9229
[   85.84]    46           61075.4478      61116.3707        0.0670         40.9229
[   86.55]    47           61075.4478      61116.3707        0.0670         40.9229
[   87.26]    48           61075.4478      61116.3707        0.0670         40.9229
[   87.99]    49           61075.4478      61116.3707        0.0670         40.9229
[   88.73]    50           61075.4478      61116.3707        0.0670         40.9229
[   89.48]    51           61075.4478      61116.3707        0.0670         40.9229
[   90.22]    52           61075.4478      61116.3707        0.0670         40.9229
[   90.94]    53           61075.4478      61116.3707        0.0670         40.9229
[   91.65]    54           61075.4478      61116.3707        0.0670         40.9229
[   92.36]    55           61075.4478      61116.3707        0.0670         40.9229
[   93.07]    56           61075.4478      61116.3707        0.0670         40.9229
[   93.78]    57           61075.4478      61116.3707        0.0670         40.9229
[   94.49]    58           61075.4478      61116.3707        0.0670         40.9229
[   95.21]    59           61075.4478      61116.3707        0.0670         40.9229
[   95.93]    60           61075.4478      61116.3707        0.0670         40.9229
[   96.65]    61           61075.4478      61116.3707        0.0670         40.9229
[   97.38]    62           61075.4478      61116.3707        0.0670         40.9229
[   98.13]    63           61075.4478      61116.3707        0.0670         40.9229
[   98.89]    64           61075.4478      61116.3707        0.0670         40.9229
[   99.62]    65           61075.4478      61116.3707        0.0670         40.9229
[  100.34]    66           61075.4478      61116.3707        0.0670         40.9229
[  101.06]    67           61075.4478      61116.3707        0.0670         40.9229
[  101.79]    68           61075.4478      61116.3707        0.0670         40.9229
[  102.51]    69           61075.4478      61116.3707        0.0670         40.9229
[  103.23]    70           61075.4478      61116.3707        0.0670         40.9229
[  103.94]    71           61075.4478      61116.3707        0.0670         40.9229
[  104.64]    72           61075.4478      61116.3707        0.0670         40.9229
[  105.35]    73           61075.4478      61116.3707        0.0670         40.9229
[  106.08]    74           61075.4478      61116.3707        0.0670         40.9229
[  106.80]    75           61075.4478      61116.3707        0.0670         40.9229
[  107.55]    76           61075.4478      61116.3707        0.0670         40.9229
[  108.29]    77           61075.4478      61116.3707        0.0670         40.9229
[  109.01]    78           61075.4478      61116.3707        0.0670         40.9229
[  109.72]    79           61075.4478      61116.3707        0.0670         40.9229
[  110.43]    80           61075.4478      61116.3707        0.0670         40.9229
[  111.14]    81           61075.4478      61116.3707        0.0670         40.9229
[  111.84]    82           61075.4478      61116.3707        0.0670         40.9229
[  112.55]    83           61075.4478      61116.3707        0.0670         40.9229
[  113.27]    84           61075.4478      61116.3707        0.0670         40.9229
[  114.00]    85           61075.4478      61116.3707        0.0670         40.9229
[  114.73]    86           61075.4478      61116.3707        0.0670         40.9229
[  115.46]    87           61075.4478      61116.3707        0.0670         40.9229
[  116.18]    88           61075.4478      61116.3707        0.0670         40.9229
[  116.92]    89           61075.4478      61116.3707        0.0670         40.9229
[  117.65]    90           61075.4478      61116.3707        0.0670         40.9229
[  118.36]    91           61075.4478      61116.3707        0.0670         40.9229
[  119.06]    92           61075.4478      61116.3707        0.0670         40.9229
[  119.78]    93           61075.4478      61116.3707        0.0670         40.9229
[  120.50]    94           61075.4478      61116.3707        0.0670         40.9229
[  121.21]    95           61075.4478      61116.3707        0.0670         40.9229
[  121.91]    96           61075.4478      61116.3707        0.0670         40.9229
[  122.63]    97           61075.4478      61116.3707        0.0670         40.9229
[  123.36]    98           61075.4478      61116.3707        0.0670         40.9229
[  124.08]    99           61075.4478      61116.3707        0.0670         40.9229
[  124.81]   100           61075.4478      61116.3707        0.0670         40.9229
[  125.48] Reached user-specified limit=100 on number of PH iterations
[  125.69] Hub algorithm complete, waiting for termination barrier
[  136.36]  
[  136.36] Statistics at termination
[  136.36] Iter.           Best Bound  Best Incumbent      Rel. Gap        Abs. Gap
[  136.36]   100  L        61075.4478      61116.3707        0.0670         40.9229
[  136.46] Windows freed
