[    0.00] Initializing mpi-sppy
[    4.49] Start SPBase.__init__
[   11.73] Start PHBase.__init__
[   11.87] Starting spcomm.main()
[   12.43] Creating solvers
[   22.73] Entering solve loop in PHBase.Iter0
[   29.25] Iter.           Best Bound  Best Incumbent      Rel. Gap        Abs. Gap
[   29.25]     1  L X      61349.1732      62974.3627        2.6491       1625.1895
[   31.59]     2    X      61349.1732      61386.4747        0.0608         37.3015
[   34.07]     3           61349.1732      61386.4747        0.0608         37.3015
[   36.58]     4    X      61349.1732      61385.8491        0.0598         36.6759
[   39.11]     5    X      61349.1732      61385.1168        0.0586         35.9436
[   41.45]     6    X      61349.1732      61385.0746        0.0585         35.9014
[   43.81]     7    X      61349.1732      61384.4341        0.0575         35.2609
[   48.92]     8    X      61349.1732      61384.3227        0.0573         35.1495
[   49.91]     9           61349.1732      61384.3227        0.0573         35.1495
[   50.79]    10           61349.1732      61384.3227        0.0573         35.1495
[   51.66]    11           61349.1732      61384.3227        0.0573         35.1495
[   52.50]    12           61349.1732      61384.3227        0.0573         35.1495
[   53.27]    13           61349.1732      61384.3227        0.0573         35.1495
[   54.04]    14           61349.1732      61384.3227        0.0573         35.1495
[   54.81]    15    X      61349.1732      61384.2318        0.0571         35.0586
[   55.58]    16           61349.1732      61384.2318        0.0571         35.0586
[   56.33]    17           61349.1732      61384.2318        0.0571         35.0586
[   57.08]    18           61349.1732      61384.2318        0.0571         35.0586
[   57.86]    19           61349.1732      61384.2318        0.0571         35.0586
[   58.62]    20           61349.1732      61384.2318        0.0571         35.0586
[   59.39]    21           61349.1732      61384.2318        0.0571         35.0586
[   60.17]    22           61349.1732      61384.2318        0.0571         35.0586
[   60.95]    23           61349.1732      61384.2318        0.0571         35.0586
[   61.72]    24           61349.1732      61384.2318        0.0571         35.0586
[   62.48]    25           61349.1732      61384.2318        0.0571         35.0586
[   63.23]    26           61349.1732      61384.2318        0.0571         35.0586
[   63.97]    27           61349.1732      61384.2318        0.0571         35.0586
[   64.74]    28           61349.1732      61384.2318        0.0571         35.0586
[   65.51]    29           61349.1732      61384.2318        0.0571         35.0586
[   66.26]    30           61349.1732      61384.2318        0.0571         35.0586
[   67.01]    31           61349.1732      61384.2318        0.0571         35.0586
[   67.75]    32           61349.1732      61384.2318        0.0571         35.0586
[   68.51]    33           61349.1732      61384.2318        0.0571         35.0586
[   69.29]    34           61349.1732      61384.2318        0.0571         35.0586
[   70.06]    35           61349.1732      61384.2318        0.0571         35.0586
[   70.81]    36           61349.1732      61384.2318        0.0571         35.0586
[   71.56]    37           61349.1732      61384.2318        0.0571         35.0586
[   72.30]    38           61349.1732      61384.2318        0.0571         35.0586
[   73.05]    39           61349.1732      61384.2318        0.0571         35.0586
[   73.80]    40           61349.1732      61384.2318        0.0571         35.0586
[   74.55]    41           61349.1732      61384.2318        0.0571         35.0586
[   75.29]    42           61349.1732      61384.2318        0.0571         35.0586
[   76.05]    43           61349.1732      61384.2318        0.0571         35.0586
[   76.82]    44           61349.1732      61384.2318        0.0571         35.0586
[   77.59]    45           61349.1732      61384.2318        0.0571         35.0586
[   78.38]    46           61349.1732      61384.2318        0.0571         35.0586
[   79.14]    47           61349.1732      61384.2318        0.0571         35.0586
[   79.89]    48           61349.1732      61384.2318        0.0571         35.0586
[   80.64]    49           61349.1732      61384.2318        0.0571         35.0586
[   81.38]    50           61349.1732      61384.2318        0.0571         35.0586
[   82.13]    51           61349.1732      61384.2318        0.0571         35.0586
[   82.89]    52           61349.1732      61384.2318        0.0571         35.0586
[   83.63]    53           61349.1732      61384.2318        0.0571         35.0586
[   84.38]    54           61349.1732      61384.2318        0.0571         35.0586
[   85.15]    55           61349.1732      61384.2318        0.0571         35.0586
[   85.91]    56           61349.1732      61384.2318        0.0571         35.0586
[   86.68]    57           61349.1732      61384.2318        0.0571         35.0586
[   87.45]    58           61349.1732      61384.2318        0.0571         35.0586
[   88.20]    59           61349.1732      61384.2318        0.0571         35.0586
[   88.95]    60           61349.1732      61384.2318        0.0571         35.0586
[   89.71]    61           61349.1732      61384.2318        0.0571         35.0586
[   90.46]    62           61349.1732      61384.2318        0.0571         35.0586
[   91.21]    63           61349.1732      61384.2318        0.0571         35.0586
[   91.97]    64           61349.1732      61384.2318        0.0571         35.0586
[   92.73]    65           61349.1732      61384.2318        0.0571         35.0586
[   93.50]    66           61349.1732      61384.2318        0.0571         35.0586
[   94.26]    67           61349.1732      61384.2318        0.0571         35.0586
[   95.04]    68           61349.1732      61384.2318        0.0571         35.0586
[   95.82]    69           61349.1732      61384.2318        0.0571         35.0586
[   96.58]    70           61349.1732      61384.2318        0.0571         35.0586
[   97.33]    71           61349.1732      61384.2318        0.0571         35.0586
[   98.07]    72           61349.1732      61384.2318        0.0571         35.0586
[   98.82]    73           61349.1732      61384.2318        0.0571         35.0586
[   99.56]    74           61349.1732      61384.2318        0.0571         35.0586
[  100.31]    75           61349.1732      61384.2318        0.0571         35.0586
[  101.07]    76           61349.1732      61384.2318        0.0571         35.0586
[  101.81]    77           61349.1732      61384.2318        0.0571         35.0586
[  102.57]    78           61349.1732      61384.2318        0.0571         35.0586
[  103.34]    79           61349.1732      61384.2318        0.0571         35.0586
[  104.12]    80           61349.1732      61384.2318        0.0571         35.0586
[  104.88]    81           61349.1732      61384.2318        0.0571         35.0586
[  105.65]    82           61349.1732      61384.2318        0.0571         35.0586
[  106.40]    83           61349.1732      61384.2318        0.0571         35.0586
[  107.14]    84           61349.1732      61384.2318        0.0571         35.0586
[  107.89]    85           61349.1732      61384.2318        0.0571         35.0586
[  108.63]    86           61349.1732      61384.2318        0.0571         35.0586
[  109.37]    87           61349.1732      61384.2318        0.0571         35.0586
[  110.14]    88           61349.1732      61384.2318        0.0571         35.0586
[  110.89]    89           61349.1732      61384.2318        0.0571         35.0586
[  111.66]    90           61349.1732      61384.2318        0.0571         35.0586
[  112.44]    91           61349.1732      61384.2318        0.0571         35.0586
[  113.19]    92           61349.1732      61384.2318        0.0571         35.0586
[  113.93]    93           61349.1732      61384.2318        0.0571         35.0586
[  114.69]    94           61349.1732      61384.2318        0.0571         35.0586
[  115.44]    95           61349.1732      61384.2318        0.0571         35.0586
[  116.19]    96           61349.1732      61384.2318        0.0571         35.0586
[  116.93]    97           61349.1732      61384.2318        0.0571         35.0586
[  117.68]    98           61349.1732      61384.2318        0.0571         35.0586
[  118.44]    99           61349.1732      61384.2318        0.0571         35.0586
[  119.22]   100           61349.1732      61384.2318        0.0571         35.0586
[  119.93] Reached user-specified limit=100 on number of PH iterations
[  120.13] Hub algorithm complete, waiting for termination barrier
[  130.76]  
[  130.76] Statistics at termination
[  130.76] Iter.           Best Bound  Best Incumbent      Rel. Gap        Abs. Gap
[  130.76]   100  L        61349.1732      61384.2318        0.0571         35.0586
[  130.86] Windows freed
