[    0.00] Initializing mpi-sppy
[    4.55] Start SPBase.__init__
[   11.92] Start PHBase.__init__
[   12.09] Starting spcomm.main()
[   12.67] Creating solvers
[   23.13] Entering solve loop in PHBase.Iter0
[   29.18] Iter.           Best Bound  Best Incumbent      Rel. Gap        Abs. Gap
[   29.18]     1  L X      60883.6268      60930.8104        0.0775         47.1836
[   31.92]     2           60883.6268      60930.8104        0.0775         47.1836
[   34.88]     3    X      60883.6268      60930.6044        0.0772         46.9776
[   37.31]     4    X      60883.6268      60929.5712        0.0755         45.9444
[   39.76]     5           60883.6268      60929.5712        0.0755         45.9444
[   42.18]     6    X      60883.6268      60928.7145        0.0741         45.0877
[   44.61]     7           60883.6268      60928.7145        0.0741         45.0877
[   49.68]     8           60883.6268      60928.7145        0.0741         45.0877
[   50.87]     9           60883.6268      60928.7145        0.0741         45.0877
[   51.86]    10           60883.6268      60928.7145        0.0741         45.0877
[   52.69]    11           60883.6268      60928.7145        0.0741         45.0877
[   53.49]    12           60883.6268      60928.7145        0.0741         45.0877
[   54.31]    13           60883.6268      60928.7145        0.0741         45.0877
[   55.05]    14           60883.6268      60928.7145        0.0741         45.0877
[   55.78]    15           60883.6268      60928.7145        0.0741         45.0877
[   56.50]    16           60883.6268      60928.7145        0.0741         45.0877
[   57.24]    17           60883.6268      60928.7145        0.0741         45.0877
[   57.97]    18           60883.6268      60928.7145        0.0741         45.0877
[   58.71]    19           60883.6268      60928.7145        0.0741         45.0877
[   59.42]    20    X      60883.6268      60928.2475        0.0733         44.6207
[   60.14]    21           60883.6268      60928.2475        0.0733         44.6207
[   60.87]    22    X      60883.6268      60928.2419        0.0733         44.6151
[   61.60]    23           60883.6268      60928.2419        0.0733         44.6151
[   62.34]    24           60883.6268      60928.2419        0.0733         44.6151
[   63.07]    25           60883.6268      60928.2419        0.0733         44.6151
[   63.80]    26           60883.6268      60928.2419        0.0733         44.6151
[   64.53]    27           60883.6268      60928.2419        0.0733         44.6151
[   65.26]    28           60883.6268      60928.2419        0.0733         44.6151
[   65.99]    29           60883.6268      60928.2419        0.0733         44.6151
[   66.72]    30           60883.6268      60928.2419        0.0733         44.6151
[   67.45]    31           60883.6268      60928.2419        0.0733         44.6151
[   68.16]    32           60883.6268      60928.2419        0.0733         44.6151
[   68.88]    33           60883.6268      60928.2419        0.0733         44.6151
[   69.62]    34           60883.6268      60928.2419        0.0733         44.6151
[   70.34]    35           60883.6268      60928.2419        0.0733         44.6151
[   71.08]    36           60883.6268      60928.2419        0.0733         44.6151
[   71.83]    37           60883.6268      60928.2419        0.0733         44.6151
[   72.56]    38           60883.6268      60928.2419        0.0733         44.6151
[   73.28]    39           60883.6268      60928.2419        0.0733         44.6151
[   73.99]    40           60883.6268      60928.2419        0.0733         44.6151
[   74.71]    41           60883.6268      60928.2419        0.0733         44.6151
[   75.43]    42           60883.6268      60928.2419        0.0733         44.6151
[   76.14]    43           60883.6268      60928.2419        0.0733         44.6151
[   76.84]    44           60883.6268      60928.2419        0.0733         44.6151
[   77.55]    45           60883.6268      60928.2419        0.0733         44.6151
[   78.28]    46           60883.6268      60928.2419        0.0733         44.6151
[   78.99]    47           60883.6268      60928.2419        0.0733         44.6151
[   79.72]    48           60883.6268      60928.2419        0.0733         44.6151
[   80.45]    49           60883.6268      60928.2419        0.0733         44.6151
[   81.16]    50           60883.6268      60928.2419        0.0733         44.6151
[   81.86]    51           60883.6268      60928.2419        0.0733         44.6151
[   82.57]    52           60883.6268      60928.2419        0.0733         44.6151
[   83.27]    53           60883.6268      60928.2419        0.0733         44.6151
[   83.98]    54           60883.6268      60928.2419        0.0733         44.6151
[   84.70]    55           60883.6268      60928.2419        0.0733         44.6151
[   85.40]    56           60883.6268      60928.2419        0.0733         44.6151
[   86.10]    57           60883.6268      60928.2419        0.0733         44.6151
[   86.82]    58           60883.6268      60928.2419        0.0733         44.6151
[   87.53]    59           60883.6268      60928.2419        0.0733         44.6151
[   88.26]    60           60883.6268      60928.2419        0.0733         44.6151
[   89.00]    61           60883.6268      60928.2419        0.0733         44.6151
[   89.73]    62           60883.6268      60928.2419        0.0733         44.6151
[   90.43]    63           60883.6268      60928.2419        0.0733         44.6151
[   91.13]    64           60883.6268      60928.2419        0.0733         44.6151
[   91.86]    65           60883.6268      60928.2419        0.0733         44.6151
[   92.57]    66           60883.6268      60928.2419        0.0733         44.6151
[   93.31]    67           60883.6268      60928.2419        0.0733         44.6151
[   94.03]    68           60883.6268      60928.2419        0.0733         44.6151
[   94.74]    69           60883.6268      60928.2419        0.0733         44.6151
[   95.47]    70           60883.6268      60928.2419        0.0733         44.6151
[   96.20]    71           60883.6268      60928.2419        0.0733         44.6151
[   96.95]    72           60883.6268      60928.2419        0.0733         44.6151
[   97.69]    73           60883.6268      60928.2419        0.0733         44.6151
[   98.42]    74           60883.6268      60928.2419        0.0733         44.6151
[   99.17]    75           60883.6268      60928.2419        0.0733         44.6151
[   99.89]    76           60883.6268      60928.2419        0.0733         44.6151
[  100.61]    77           60883.6268      60928.2419        0.0733         44.6151
[  101.33]    78    X      60883.6268      60928.2352        0.0733         44.6084
[  102.04]    79           60883.6268      60928.2352        0.0733         44.6084
[  102.77]    80           60883.6268      60928.2352        0.0733         44.6084
[  103.51]    81           60883.6268      60928.2352        0.0733         44.6084
[  104.25]    82           60883.6268      60928.2352        0.0733         44.6084
[  104.99]    83           60883.6268      60928.2352        0.0733         44.6084
[  105.74]    84           60883.6268      60928.2352        0.0733         44.6084
[  106.48]    85           60883.6268      60928.2352        0.0733         44.6084
[  107.20]    86           60883.6268      60928.2352        0.0733         44.6084
[  107.92]    87           60883.6268      60928.2352        0.0733         44.6084
[  108.65]    88           60883.6268      60928.2352        0.0733         44.6084
[  109.37]    89           60883.6268      60928.2352        0.0733         44.6084
[  110.09]    90           60883.6268      60928.2352        0.0733         44.6084
[  110.83]    91           60883.6268      60928.2352        0.0733         44.6084
[  111.55]    92           60883.6268      60928.2352        0.0733         44.6084
[  112.26]    93           60883.6268      60928.2352        0.0733         44.6084
[  112.99]    94           60883.6268      60928.2352        0.0733         44.6084
[  113.71]    95           60883.6268      60928.2352        0.0733         44.6084
[  114.45]    96           60883.6268      60928.2352        0.0733         44.6084
[  115.17]    97           60883.6268      60928.2352        0.0733         44.6084
[  115.89]    98           60883.6268      60928.2352        0.0733         44.6084
[  116.61]    99           60883.6268      60928.2352        0.0733         44.6084
[  117.33]   100           60883.6268      60928.2352        0.0733         44.6084
[  117.97] Reached user-specified limit=100 on number of PH iterations
[  118.17] Hub algorithm complete, waiting for termination barrier
[  144.55]  
[  144.56] Statistics at termination
[  144.56] Iter.           Best Bound  Best Incumbent      Rel. Gap        Abs. Gap
[  144.56]   100           60883.6268      60928.2352        0.0733         44.6084
[  144.66] Windows freed
