[    0.00] Initializing mpi-sppy
[    4.23] Start SPBase.__init__
[   11.43] Start PHBase.__init__
[   11.61] Starting spcomm.main()
[   12.13] Creating solvers
[   22.55] Entering solve loop in PHBase.Iter0
[   27.41] Iter.           Best Bound  Best Incumbent      Rel. Gap        Abs. Gap
[   27.41]     1  L X      64107.2553      64156.1922        0.0763         48.9368
[   29.58]     2           64107.2553      64156.1922        0.0763         48.9368
[   31.71]     3    X      64107.2553      64143.2859        0.0562         36.0306
[   33.73]     4           64107.2553      64143.2859        0.0562         36.0306
[   35.78]     5           64107.2553      64143.2859        0.0562         36.0306
[   37.79]     6    X      64107.2553      64143.1864        0.0560         35.9310
[   39.80]     7           64107.2553      64143.1864        0.0560         35.9310
[   44.75]     8  L        64108.7570      64143.1864        0.0537         34.4293
[   45.63]     9           64108.7570      64143.1864        0.0537         34.4293
[   46.35]    10           64108.7570      64143.1864        0.0537         34.4293
[   47.06]    11           64108.7570      64143.1864        0.0537         34.4293
[   47.76]    12           64108.7570      64143.1864        0.0537         34.4293
[   48.47]    13           64108.7570      64143.1864        0.0537         34.4293
[   49.18]    14           64108.7570      64143.1864        0.0537         34.4293
[   49.87]    15           64108.7570      64143.1864        0.0537         34.4293
[   50.56]    16           64108.7570      64143.1864        0.0537         34.4293
[   51.26]    17           64108.7570      64143.1864        0.0537         34.4293
[   51.94]    18           64108.7570      64143.1864        0.0537         34.4293
[   52.63]    19           64108.7570      64143.1864        0.0537         34.4293
[   53.32]    20           64108.7570      64143.1864        0.0537         34.4293
[   54.02]    21           64108.7570      64143.1864        0.0537         34.4293
[   54.71]    22           64108.7570      64143.1864        0.0537         34.4293
[   55.43]    23           64108.7570      64143.1864        0.0537         34.4293
[   56.12]    24           64108.7570      64143.1864        0.0537         34.4293
[   56.81]    25           64108.7570      64143.1864        0.0537         34.4293
[   57.53]    26           64108.7570      64143.1864        0.0537         34.4293
[   58.22]    27           64108.7570      64143.1864        0.0537         34.4293
[   58.90]    28           64108.7570      64143.1864        0.0537         34.4293
[   59.59]    29           64108.7570      64143.1864        0.0537         34.4293
[   60.28]    30           64108.7570      64143.1864        0.0537         34.4293
[   60.96]    31           64108.7570      64143.1864        0.0537         34.4293
[   61.65]    32           64108.7570      64143.1864        0.0537         34.4293
[   62.35]    33           64108.7570      64143.1864        0.0537         34.4293
[   63.04]    34           64108.7570      64143.1864        0.0537         34.4293
[   63.73]    35           64108.7570      64143.1864        0.0537         34.4293
[   64.41]    36           64108.7570      64143.1864        0.0537         34.4293
[   65.10]    37           64108.7570      64143.1864        0.0537         34.4293
[   65.79]    38           64108.7570      64143.1864        0.0537         34.4293
[   66.47]    39           64108.7570      64143.1864        0.0537         34.4293
[   67.16]    40           64108.7570      64143.1864        0.0537         34.4293
[   67.85]    41           64108.7570      64143.1864        0.0537         34.4293
[   68.54]    42           64108.7570      64143.1864        0.0537         34.4293
[   69.24]    43           64108.7570      64143.1864        0.0537         34.4293
[   69.96]    44           64108.7570      64143.1864        0.0537         34.4293
[   70.65]    45           64108.7570      64143.1864        0.0537         34.4293
[   71.35]    46           64108.7570      64143.1864        0.0537         34.4293
[   72.04]    47           64108.7570      64143.1864        0.0537         34.4293
[   72.73]    48           64108.7570      64143.1864        0.0537         34.4293
[   73.42]    49           64108.7570      64143.1864        0.0537         34.4293
[   74.11]    50           64108.7570      64143.1864        0.0537         34.4293
[   74.81]    51           64108.7570      64143.1864        0.0537         34.4293
[   75.52]    52           64108.7570      64143.1864        0.0537         34.4293
[   76.21]    53           64108.7570      64143.1864        0.0537         34.4293
[   76.91]    54           64108.7570      64143.1864        0.0537         34.4293
[   77.61]    55           64108.7570      64143.1864        0.0537         34.4293
[   78.29]    56           64108.7570      64143.1864        0.0537         34.4293
[   78.98]    57           64108.7570      64143.1864        0.0537         34.4293
[   79.68]    58           64108.7570      64143.1864        0.0537         34.4293
[   80.38]    59           64108.7570      64143.1864        0.0537         34.4293
[   81.07]    60           64108.7570      64143.1864        0.0537         34.4293
[   81.75]    61           64108.7570      64143.1864        0.0537         34.4293
[   82.44]    62           64108.7570      64143.1864        0.0537         34.4293
[   83.14]    63           64108.7570      64143.1864        0.0537         34.4293
[   83.83]    64           64108.7570      64143.1864        0.0537         34.4293
[   84.52]    65           64108.7570      64143.1864        0.0537         34.4293
[   85.22]    66  L        64109.4046      64143.1864        0.0527         33.7818
[   85.90]    67           64109.4046      64143.1864        0.0527         33.7818
[   86.59]    68           64109.4046      64143.1864        0.0527         33.7818
[   87.28]    69           64109.4046      64143.1864        0.0527         33.7818
[   87.97]    70  F        64125.4835      64143.1864        0.0276         17.7029
[   88.66]    71           64125.4835      64143.1864        0.0276         17.7029
[   89.35]    72           64125.4835      64143.1864        0.0276         17.7029
[   90.06]    73           64125.4835      64143.1864        0.0276         17.7029
[   90.76]    74           64125.4835      64143.1864        0.0276         17.7029
[   91.45]    75           64125.4835      64143.1864        0.0276         17.7029
[   92.16]    76           64125.4835      64143.1864        0.0276         17.7029
[   92.86]    77           64125.4835      64143.1864        0.0276         17.7029
[   93.55]    78           64125.4835      64143.1864        0.0276         17.7029
[   94.23]    79           64125.4835      64143.1864        0.0276         17.7029
[   94.92]    80           64125.4835      64143.1864        0.0276         17.7029
[   95.63]    81           64125.4835      64143.1864        0.0276         17.7029
[   96.32]    82           64125.4835      64143.1864        0.0276         17.7029
[   97.03]    83           64125.4835      64143.1864        0.0276         17.7029
[   97.72]    84           64125.4835      64143.1864        0.0276         17.7029
[   98.42]    85           64125.4835      64143.1864        0.0276         17.7029
[   99.10]    86           64125.4835      64143.1864        0.0276         17.7029
[   99.79]    87           64125.4835      64143.1864        0.0276         17.7029
[  100.48]    88           64125.4835      64143.1864        0.0276         17.7029
[  101.16]    89           64125.4835      64143.1864        0.0276         17.7029
[  101.85]    90           64125.4835      64143.1864        0.0276         17.7029
[  102.53]    91           64125.4835      64143.1864        0.0276         17.7029
[  103.22]    92           64125.4835      64143.1864        0.0276         17.7029
[  103.91]    93           64125.4835      64143.1864        0.0276         17.7029
[  104.61]    94           64125.4835      64143.1864        0.0276         17.7029
[  105.31]    95           64125.4835      64143.1864        0.0276         17.7029
[  105.99]    96           64125.4835      64143.1864        0.0276         17.7029
[  106.67]    97           64125.4835      64143.1864        0.0276         17.7029
[  107.36]    98           64125.4835      64143.1864        0.0276         17.7029
[  108.05]    99  F        64135.1581      64143.1864        0.0125          8.0282
[  108.73]   100           64135.1581      64143.1864        0.0125          8.0282
[  109.38] Reached user-specified limit=100 on number of PH iterations
[  109.57] Hub algorithm complete, waiting for termination barrier
[  132.15]  
[  132.15] Statistics at termination
[  132.15] Iter.           Best Bound  Best Incumbent      Rel. Gap        Abs. Gap
[  132.15]   100           64135.1581      64143.1864        0.0125          8.0282
[  132.25] Windows freed
