[    0.00] Initializing mpi-sppy
[    3.65] Start SPBase.__init__
[   10.97] Start PHBase.__init__
[   11.05] Starting spcomm.main()
[   11.57] Creating solvers
[   22.31] Entering solve loop in PHBase.Iter0
[   26.99] Iter.           Best Bound  Best Incumbent      Rel. Gap        Abs. Gap
[   26.99]     1  L X      64107.2553      64156.1922        0.0763         48.9368
[   29.14]     2           64107.2553      64156.1922        0.0763         48.9368
[   31.27]     3    X      64107.2553      64143.2859        0.0562         36.0306
[   33.31]     4           64107.2553      64143.2859        0.0562         36.0306
[   35.34]     5    X      64107.2553      64143.1864        0.0560         35.9310
[   37.34]     6           64107.2553      64143.1864        0.0560         35.9310
[   39.35]     7           64107.2553      64143.1864        0.0560         35.9310
[   44.15]     8  L        64108.7570      64143.1864        0.0537         34.4293
[   45.17]     9           64108.7570      64143.1864        0.0537         34.4293
[   45.89]    10           64108.7570      64143.1864        0.0537         34.4293
[   46.59]    11           64108.7570      64143.1864        0.0537         34.4293
[   47.28]    12           64108.7570      64143.1864        0.0537         34.4293
[   47.99]    13           64108.7570      64143.1864        0.0537         34.4293
[   48.68]    14           64108.7570      64143.1864        0.0537         34.4293
[   49.37]    15           64108.7570      64143.1864        0.0537         34.4293
[   50.05]    16           64108.7570      64143.1864        0.0537         34.4293
[   50.73]    17           64108.7570      64143.1864        0.0537         34.4293
[   51.41]    18           64108.7570      64143.1864        0.0537         34.4293
[   52.09]    19           64108.7570      64143.1864        0.0537         34.4293
[   52.78]    20           64108.7570      64143.1864        0.0537         34.4293
[   53.46]    21           64108.7570      64143.1864        0.0537         34.4293
[   54.15]    22           64108.7570      64143.1864        0.0537         34.4293
[   54.85]    23           64108.7570      64143.1864        0.0537         34.4293
[   55.55]    24           64108.7570      64143.1864        0.0537         34.4293
[   56.24]    25           64108.7570      64143.1864        0.0537         34.4293
[   56.92]    26           64108.7570      64143.1864        0.0537         34.4293
[   57.60]    27           64108.7570      64143.1864        0.0537         34.4293
[   58.30]    28           64108.7570      64143.1864        0.0537         34.4293
[   58.98]    29           64108.7570      64143.1864        0.0537         34.4293
[   59.66]    30           64108.7570      64143.1864        0.0537         34.4293
[   60.34]    31           64108.7570      64143.1864        0.0537         34.4293
[   61.03]    32           64108.7570      64143.1864        0.0537         34.4293
[   61.72]    33           64108.7570      64143.1864        0.0537         34.4293
[   62.42]    34           64108.7570      64143.1864        0.0537         34.4293
[   63.12]    35           64108.7570      64143.1864        0.0537         34.4293
[   63.80]    36  L        64109.4046      64143.1864        0.0527         33.7818
[   64.49]    37           64109.4046      64143.1864        0.0527         33.7818
[   65.17]    38           64109.4046      64143.1864        0.0527         33.7818
[   65.85]    39           64109.4046      64143.1864        0.0527         33.7818
[   66.53]    40           64109.4046      64143.1864        0.0527         33.7818
[   67.21]    41           64109.4046      64143.1864        0.0527         33.7818
[   67.89]    42           64109.4046      64143.1864        0.0527         33.7818
[   68.59]    43           64109.4046      64143.1864        0.0527         33.7818
[   69.28]    44           64109.4046      64143.1864        0.0527         33.7818
[   69.98]    45           64109.4046      64143.1864        0.0527         33.7818
[   70.67]    46           64109.4046      64143.1864        0.0527         33.7818
[   71.36]    47           64109.4046      64143.1864        0.0527         33.7818
[   72.04]    48           64109.4046      64143.1864        0.0527         33.7818
[   72.72]    49           64109.4046      64143.1864        0.0527         33.7818
[   73.40]    50           64109.4046      64143.1864        0.0527         33.7818
[   74.09]    51           64109.4046      64143.1864        0.0527         33.7818
[   74.77]    52           64109.4046      64143.1864        0.0527         33.7818
[   75.45]    53           64109.4046      64143.1864        0.0527         33.7818
[   76.14]    54           64109.4046      64143.1864        0.0527         33.7818
[   76.84]    55           64109.4046      64143.1864        0.0527         33.7818
[   77.54]    56           64109.4046      64143.1864        0.0527         33.7818
[   78.23]    57           64109.4046      64143.1864        0.0527         33.7818
[   78.91]    58           64109.4046      64143.1864        0.0527         33.7818
[   79.59]    59           64109.4046      64143.1864        0.0527         33.7818
[   80.27]    60           64109.4046      64143.1864        0.0527         33.7818
[   80.97]    61           64109.4046      64143.1864        0.0527         33.7818
[   81.66]    62           64109.4046      64143.1864        0.0527         33.7818
[   82.34]    63           64109.4046      64143.1864        0.0527         33.7818
[   83.04]    64           64109.4046      64143.1864        0.0527         33.7818
[   83.74]    65           64109.4046      64143.1864        0.0527         33.7818
[   84.45]    66           64109.4046      64143.1864        0.0527         33.7818
[   85.13]    67           64109.4046      64143.1864        0.0527         33.7818
[   85.81]    68           64109.4046      64143.1864        0.0527         33.7818
[   86.50]    69           64109.4046      64143.1864        0.0527         33.7818
[   87.18]    70           64109.4046      64143.1864        0.0527         33.7818
[   87.86]    71           64109.4046      64143.1864        0.0527         33.7818
[   88.54]    72           64109.4046      64143.1864        0.0527         33.7818
[   89.22]    73           64109.4046      64143.1864        0.0527         33.7818
[   89.91]    74           64109.4046      64143.1864        0.0527         33.7818
[   90.60]    75           64109.4046      64143.1864        0.0527         33.7818
[   91.30]    76           64109.4046      64143.1864        0.0527         33.7818
[   92.00]    77           64109.4046      64143.1864        0.0527         33.7818
[   92.68]    78           64109.4046      64143.1864        0.0527         33.7818
[   93.36]    79           64109.4046      64143.1864        0.0527         33.7818
[   94.04]    80           64109.4046      64143.1864        0.0527         33.7818
[   94.72]    81           64109.4046      64143.1864        0.0527         33.7818
[   95.41]    82           64109.4046      64143.1864        0.0527         33.7818
[   96.09]    83           64109.4046      64143.1864        0.0527         33.7818
[   96.78]    84           64109.4046      64143.1864        0.0527         33.7818
[   97.47]    85           64109.4046      64143.1864        0.0527         33.7818
[   98.16]    86           64109.4046      64143.1864        0.0527         33.7818
[   98.87]    87           64109.4046      64143.1864        0.0527         33.7818
[   99.55]    88           64109.4046      64143.1864        0.0527         33.7818
[  100.23]    89           64109.4046      64143.1864        0.0527         33.7818
[  100.91]    90           64109.4046      64143.1864        0.0527         33.7818
[  101.59]    91           64109.4046      64143.1864        0.0527         33.7818
[  102.28]    92           64109.4046      64143.1864        0.0527         33.7818
[  102.96]    93           64109.4046      64143.1864        0.0527         33.7818
[  103.64]    94           64109.4046      64143.1864        0.0527         33.7818
[  104.33]    95           64109.4046      64143.1864        0.0527         33.7818
[  105.03]    96           64109.4046      64143.1864        0.0527         33.7818
[  105.74]    97           64109.4046      64143.1864        0.0527         33.7818
[  106.43]    98           64109.4046      64143.1864        0.0527         33.7818
[  107.11]    99           64109.4046      64143.1864        0.0527         33.7818
[  107.79]   100           64109.4046      64143.1864        0.0527         33.7818
[  108.42] Reached user-specified limit=100 on number of PH iterations
[  108.61] Hub algorithm complete, waiting for termination barrier
[  120.56]  
[  120.56] Statistics at termination
[  120.56] Iter.           Best Bound  Best Incumbent      Rel. Gap        Abs. Gap
[  120.56]   100           64109.4046      64143.1864        0.0527         33.7818
[  120.66] Windows freed
