[    0.00] Initializing mpi-sppy
[   17.12] Start SPBase.__init__
[   24.37] Start PHBase.__init__
Using license file /usr/gapps/ppp/gurobi/gurobi.lic
Set parameter TokenServer to value elsie3.llnl.gov
Set parameter TSPort to value 28522
[   24.53] Starting spcomm.main()
Using license file /usr/gapps/ppp/gurobi/gurobi.lic
Set parameter TokenServer to value elsie3.llnl.gov
Set parameter TSPort to value 28522
Using license file /usr/gapps/ppp/gurobi/gurobi.lic
Using license file /usr/gapps/ppp/gurobi/gurobi.lic
Set parameter TokenServer to value elsie3.llnl.gov
Set parameter TSPort to value 28522
Using license file /usr/gapps/ppp/gurobi/gurobi.lic
Using license file /usr/gapps/ppp/gurobi/gurobi.lic
Using license file /usr/gapps/ppp/gurobi/gurobi.lic
Set parameter TokenServer to value elsie3.llnl.gov
Set parameter TokenServer to value elsie3.llnl.gov
Set parameter TokenServer to value elsie3.llnl.gov
Set parameter TokenServer to value elsie3.llnl.gov
Set parameter TSPort to value 28522
Set parameter TSPort to value 28522
Set parameter TSPort to value 28522
Set parameter TSPort to value 28522
Using license file /usr/gapps/ppp/gurobi/gurobi.lic
Set parameter TokenServer to value elsie3.llnl.gov
Set parameter TSPort to value 28522
Using license file /usr/gapps/ppp/gurobi/gurobi.lic
Set parameter TokenServer to value elsie3.llnl.gov
Set parameter TSPort to value 28522
Using license file /usr/gapps/ppp/gurobi/gurobi.lic
Set parameter TokenServer to value elsie3.llnl.gov
Using license file /usr/gapps/ppp/gurobi/gurobi.lic
Set parameter TokenServer to value elsie3.llnl.gov
Set parameter TSPort to value 28522
Set parameter TSPort to value 28522
Using license file /usr/gapps/ppp/gurobi/gurobi.lic
Set parameter TokenServer to value elsie3.llnl.gov
Set parameter TSPort to value 28522
Using license file /usr/gapps/ppp/gurobi/gurobi.lic
Set parameter TokenServer to value elsie3.llnl.gov
Set parameter TSPort to value 28522
Using license file /usr/gapps/ppp/gurobi/gurobi.lic
Set parameter TokenServer to value elsie3.llnl.gov
Set parameter TSPort to value 28522
Using license file /usr/gapps/ppp/gurobi/gurobi.lic
Set parameter TokenServer to value elsie3.llnl.gov
Set parameter TSPort to value 28522
Using license file /usr/gapps/ppp/gurobi/gurobi.lic
Set parameter TokenServer to value elsie3.llnl.gov
Set parameter TSPort to value 28522
Using license file /usr/gapps/ppp/gurobi/gurobi.lic
Set parameter TokenServer to value elsie3.llnl.gov
Using license file /usr/gapps/ppp/gurobi/gurobi.lic
Set parameter TokenServer to value elsie3.llnl.gov
Set parameter TSPort to value 28522
Using license file /usr/gapps/ppp/gurobi/gurobi.lic
Set parameter TokenServer to value elsie3.llnl.gov
Set parameter TSPort to value 28522
Using license file /usr/gapps/ppp/gurobi/gurobi.lic
Set parameter TokenServer to value elsie3.llnl.gov
Set parameter TSPort to value 28522
Using license file /usr/gapps/ppp/gurobi/gurobi.lic
Using license file /usr/gapps/ppp/gurobi/gurobi.lic
Using license file /usr/gapps/ppp/gurobi/gurobi.lic
Set parameter TSPort to value 28522
Using license file /usr/gapps/ppp/gurobi/gurobi.lic
Set parameter TokenServer to value elsie3.llnl.gov
Set parameter TSPort to value 28522
Set parameter TokenServer to value elsie3.llnl.gov
Set parameter TSPort to value 28522
Set parameter TokenServer to value elsie3.llnl.gov
Set parameter TSPort to value 28522
Set parameter TokenServer to value elsie3.llnl.gov
Set parameter TSPort to value 28522
Using license file /usr/gapps/ppp/gurobi/gurobi.lic
Set parameter TokenServer to value elsie3.llnl.gov
Using license file /usr/gapps/ppp/gurobi/gurobi.lic
Set parameter TokenServer to value elsie3.llnl.gov
Set parameter TSPort to value 28522
Using license file /usr/gapps/ppp/gurobi/gurobi.lic
Set parameter TokenServer to value elsie3.llnl.gov
Set parameter TSPort to value 28522
Using license file /usr/gapps/ppp/gurobi/gurobi.lic
Set parameter TokenServer to value elsie3.llnl.gov
Set parameter TSPort to value 28522
Using license file /usr/gapps/ppp/gurobi/gurobi.lic
Set parameter TokenServer to value elsie3.llnl.gov
Using license file /usr/gapps/ppp/gurobi/gurobi.lic
Set parameter TokenServer to value elsie3.llnl.gov
Set parameter TSPort to value 28522
Using license file /usr/gapps/ppp/gurobi/gurobi.lic
Set parameter TokenServer to value elsie3.llnl.gov
Set parameter TSPort to value 28522
Set parameter TSPort to value 28522
Using license file /usr/gapps/ppp/gurobi/gurobi.lic
Set parameter TokenServer to value elsie3.llnl.gov
Set parameter TSPort to value 28522
Using license file /usr/gapps/ppp/gurobi/gurobi.lic
Set parameter TokenServer to value elsie3.llnl.gov
Set parameter TSPort to value 28522
Using license file /usr/gapps/ppp/gurobi/gurobi.lic
Set parameter TokenServer to value elsie3.llnl.gov
Set parameter TSPort to value 28522
Using license file /usr/gapps/ppp/gurobi/gurobi.lic
Using license file /usr/gapps/ppp/gurobi/gurobi.lic
Using license file /usr/gapps/ppp/gurobi/gurobi.lic
Set parameter TokenServer to value elsie3.llnl.gov
Set parameter TSPort to value 28522
Using license file /usr/gapps/ppp/gurobi/gurobi.lic
Set parameter TokenServer to value elsie3.llnl.gov
Set parameter TSPort to value 28522
Set parameter TokenServer to value elsie3.llnl.gov
Set parameter TokenServer to value elsie3.llnl.gov
Set parameter TSPort to value 28522
Set parameter TSPort to value 28522
Using license file /usr/gapps/ppp/gurobi/gurobi.lic
Set parameter TokenServer to value elsie3.llnl.gov
Set parameter TSPort to value 28522
Using license file /usr/gapps/ppp/gurobi/gurobi.lic
Set parameter TokenServer to value elsie3.llnl.gov
Set parameter TSPort to value 28522
Using license file /usr/gapps/ppp/gurobi/gurobi.lic
Set parameter TokenServer to value elsie3.llnl.gov
Set parameter TSPort to value 28522
Using license file /usr/gapps/ppp/gurobi/gurobi.lic
Set parameter TokenServer to value elsie3.llnl.gov
Set parameter TSPort to value 28522
Using license file /usr/gapps/ppp/gurobi/gurobi.lic
Set parameter TokenServer to value elsie3.llnl.gov
Set parameter TSPort to value 28522
Using license file /usr/gapps/ppp/gurobi/gurobi.lic
Set parameter TokenServer to value elsie3.llnl.gov
Set parameter TSPort to value 28522
Using license file /usr/gapps/ppp/gurobi/gurobi.lic
Set parameter TokenServer to value elsie3.llnl.gov
Set parameter TSPort to value 28522
Using license file /usr/gapps/ppp/gurobi/gurobi.lic
Set parameter TokenServer to value elsie3.llnl.gov
Set parameter TSPort to value 28522
Using license file /usr/gapps/ppp/gurobi/gurobi.lic
Set parameter TokenServer to value elsie3.llnl.gov
Set parameter TSPort to value 28522
Using license file /usr/gapps/ppp/gurobi/gurobi.lic
Set parameter TokenServer to value elsie3.llnl.gov
Set parameter TSPort to value 28522
Using license file /usr/gapps/ppp/gurobi/gurobi.lic
Using license file /usr/gapps/ppp/gurobi/gurobi.lic
Set parameter TokenServer to value elsie3.llnl.gov
Set parameter TSPort to value 28522
Set parameter TSPort to value 28522
Set parameter TokenServer to value elsie3.llnl.gov
Set parameter TSPort to value 28522
Using license file /usr/gapps/ppp/gurobi/gurobi.lic
Set parameter TokenServer to value elsie3.llnl.gov
Set parameter TSPort to value 28522
Using license file /usr/gapps/ppp/gurobi/gurobi.lic
Set parameter TokenServer to value elsie3.llnl.gov
Set parameter TSPort to value 28522
Using license file /usr/gapps/ppp/gurobi/gurobi.lic
Set parameter TokenServer to value elsie3.llnl.gov
Set parameter TSPort to value 28522
Using license file /usr/gapps/ppp/gurobi/gurobi.lic
Set parameter TokenServer to value elsie3.llnl.gov
Set parameter TSPort to value 28522
Using license file /usr/gapps/ppp/gurobi/gurobi.lic
Set parameter TokenServer to value elsie3.llnl.gov
Set parameter TSPort to value 28522
Using license file /usr/gapps/ppp/gurobi/gurobi.lic
Using license file /usr/gapps/ppp/gurobi/gurobi.lic
Set parameter TokenServer to value elsie3.llnl.gov
Set parameter TokenServer to value elsie3.llnl.gov
Set parameter TSPort to value 28522
Set parameter TSPort to value 28522
Using license file /usr/gapps/ppp/gurobi/gurobi.lic
Set parameter TokenServer to value elsie3.llnl.gov
Set parameter TSPort to value 28522
Using license file /usr/gapps/ppp/gurobi/gurobi.lic
Set parameter TokenServer to value elsie3.llnl.gov
Set parameter TSPort to value 28522
Using license file /usr/gapps/ppp/gurobi/gurobi.lic
Using license file /usr/gapps/ppp/gurobi/gurobi.lic
Using license file /usr/gapps/ppp/gurobi/gurobi.lic
Set parameter TokenServer to value elsie3.llnl.gov
Set parameter TSPort to value 28522
Set parameter TokenServer to value elsie3.llnl.gov
Using license file /usr/gapps/ppp/gurobi/gurobi.lic
Set parameter TokenServer to value elsie3.llnl.gov
Set parameter TSPort to value 28522
Using license file /usr/gapps/ppp/gurobi/gurobi.lic
Set parameter TokenServer to value elsie3.llnl.gov
Using license file /usr/gapps/ppp/gurobi/gurobi.lic
Using license file /usr/gapps/ppp/gurobi/gurobi.lic
Set parameter TokenServer to value elsie3.llnl.gov
Set parameter TSPort to value 28522
Set parameter TokenServer to value elsie3.llnl.gov
Set parameter TokenServer to value elsie3.llnl.gov
Set parameter TSPort to value 28522
Set parameter TSPort to value 28522
Set parameter TSPort to value 28522
Set parameter TSPort to value 28522
Using license file /usr/gapps/ppp/gurobi/gurobi.lic
Set parameter TokenServer to value elsie3.llnl.gov
Set parameter TSPort to value 28522
Using license file /usr/gapps/ppp/gurobi/gurobi.lic
Set parameter TokenServer to value elsie3.llnl.gov
Set parameter TSPort to value 28522
Using license file /usr/gapps/ppp/gurobi/gurobi.lic
Set parameter TokenServer to value elsie3.llnl.gov
Set parameter TSPort to value 28522
Using license file /usr/gapps/ppp/gurobi/gurobi.lic
Set parameter TokenServer to value elsie3.llnl.gov
Set parameter TSPort to value 28522
Using license file /usr/gapps/ppp/gurobi/gurobi.lic
Set parameter TokenServer to value elsie3.llnl.gov
Set parameter TSPort to value 28522
Using license file /usr/gapps/ppp/gurobi/gurobi.lic
Set parameter TokenServer to value elsie3.llnl.gov
Using license file /usr/gapps/ppp/gurobi/gurobi.lic
Set parameter TSPort to value 28522
Set parameter TokenServer to value elsie3.llnl.gov
Set parameter TSPort to value 28522
Using license file /usr/gapps/ppp/gurobi/gurobi.lic
Set parameter TokenServer to value elsie3.llnl.gov
Set parameter TSPort to value 28522
Using license file /usr/gapps/ppp/gurobi/gurobi.lic
Set parameter TokenServer to value elsie3.llnl.gov
Set parameter TSPort to value 28522
Using license file /usr/gapps/ppp/gurobi/gurobi.lic
Set parameter TokenServer to value elsie3.llnl.gov
Set parameter TSPort to value 28522
Using license file /usr/gapps/ppp/gurobi/gurobi.lic
Set parameter TokenServer to value elsie3.llnl.gov
Set parameter TSPort to value 28522
Using license file /usr/gapps/ppp/gurobi/gurobi.lic
Set parameter TokenServer to value elsie3.llnl.gov
Set parameter TSPort to value 28522
Using license file /usr/gapps/ppp/gurobi/gurobi.lic
Set parameter TokenServer to value elsie3.llnl.gov
Set parameter TSPort to value 28522
Using license file /usr/gapps/ppp/gurobi/gurobi.lic
Set parameter TokenServer to value elsie3.llnl.gov
Using license file /usr/gapps/ppp/gurobi/gurobi.lic
Set parameter TokenServer to value elsie3.llnl.gov
Set parameter TSPort to value 28522
Set parameter TSPort to value 28522
Using license file /usr/gapps/ppp/gurobi/gurobi.lic
Set parameter TokenServer to value elsie3.llnl.gov
Set parameter TSPort to value 28522
Using license file /usr/gapps/ppp/gurobi/gurobi.lic
Set parameter TokenServer to value elsie3.llnl.gov
Set parameter TSPort to value 28522
Using license file /usr/gapps/ppp/gurobi/gurobi.lic
Set parameter TokenServer to value elsie3.llnl.gov
Set parameter TSPort to value 28522
Using license file /usr/gapps/ppp/gurobi/gurobi.lic
Using license file /usr/gapps/ppp/gurobi/gurobi.lic
Using license file /usr/gapps/ppp/gurobi/gurobi.lic
Set parameter TokenServer to value elsie3.llnl.gov
Set parameter TSPort to value 28522
Using license file /usr/gapps/ppp/gurobi/gurobi.lic
Set parameter TokenServer to value elsie3.llnl.gov
Using license file /usr/gapps/ppp/gurobi/gurobi.lic
Using license file /usr/gapps/ppp/gurobi/gurobi.lic
Set parameter TSPort to value 28522
Set parameter TokenServer to value elsie3.llnl.gov
Set parameter TokenServer to value elsie3.llnl.gov
Set parameter TokenServer to value elsie3.llnl.gov
Set parameter TSPort to value 28522
Using license file /usr/gapps/ppp/gurobi/gurobi.lic
Using license file /usr/gapps/ppp/gurobi/gurobi.lic
Set parameter TokenServer to value elsie3.llnl.gov
Set parameter TSPort to value 28522
Set parameter TSPort to value 28522
Set parameter TokenServer to value elsie3.llnl.gov
Set parameter TSPort to value 28522
Set parameter TokenServer to value elsie3.llnl.gov
Set parameter TSPort to value 28522
Set parameter TSPort to value 28522
Using license file /usr/gapps/ppp/gurobi/gurobi.lic
Set parameter TokenServer to value elsie3.llnl.gov
Set parameter TSPort to value 28522
Using license file /usr/gapps/ppp/gurobi/gurobi.lic
Using license file /usr/gapps/ppp/gurobi/gurobi.lic
Set parameter TokenServer to value elsie3.llnl.gov
Set parameter TSPort to value 28522
Set parameter TokenServer to value elsie3.llnl.gov
Set parameter TSPort to value 28522
Using license file /usr/gapps/ppp/gurobi/gurobi.lic
Set parameter TokenServer to value elsie3.llnl.gov
Set parameter TSPort to value 28522
Using license file /usr/gapps/ppp/gurobi/gurobi.lic
Set parameter TokenServer to value elsie3.llnl.gov
Set parameter TSPort to value 28522
Using license file /usr/gapps/ppp/gurobi/gurobi.lic
Set parameter TokenServer to value elsie3.llnl.gov
Set parameter TSPort to value 28522
Using license file /usr/gapps/ppp/gurobi/gurobi.lic
Using license file /usr/gapps/ppp/gurobi/gurobi.lic
Set parameter TokenServer to value elsie3.llnl.gov
Set parameter TSPort to value 28522
Using license file /usr/gapps/ppp/gurobi/gurobi.lic
Using license file /usr/gapps/ppp/gurobi/gurobi.lic
Set parameter TokenServer to value elsie3.llnl.gov
Set parameter TSPort to value 28522
Set parameter TokenServer to value elsie3.llnl.gov
Set parameter TokenServer to value elsie3.llnl.gov
Set parameter TSPort to value 28522
Set parameter TSPort to value 28522
Using license file /usr/gapps/ppp/gurobi/gurobi.lic
Set parameter TokenServer to value elsie3.llnl.gov
Set parameter TSPort to value 28522
Using license file /usr/gapps/ppp/gurobi/gurobi.lic
Set parameter TokenServer to value elsie3.llnl.gov
Set parameter TSPort to value 28522
Using license file /usr/gapps/ppp/gurobi/gurobi.lic
Set parameter TokenServer to value elsie3.llnl.gov
Set parameter TSPort to value 28522
Using license file /usr/gapps/ppp/gurobi/gurobi.lic
Set parameter TokenServer to value elsie3.llnl.gov
Set parameter TSPort to value 28522
Using license file /usr/gapps/ppp/gurobi/gurobi.lic
Set parameter TokenServer to value elsie3.llnl.gov
Set parameter TSPort to value 28522
Using license file /usr/gapps/ppp/gurobi/gurobi.lic
Set parameter TokenServer to value elsie3.llnl.gov
Using license file /usr/gapps/ppp/gurobi/gurobi.lic
Set parameter TokenServer to value elsie3.llnl.gov
Set parameter TSPort to value 28522
Set parameter TSPort to value 28522
Using license file /usr/gapps/ppp/gurobi/gurobi.lic
Set parameter TokenServer to value elsie3.llnl.gov
Set parameter TSPort to value 28522
Using license file /usr/gapps/ppp/gurobi/gurobi.lic
Using license file /usr/gapps/ppp/gurobi/gurobi.lic
Set parameter TokenServer to value elsie3.llnl.gov
Using license file /usr/gapps/ppp/gurobi/gurobi.lic
Using license file /usr/gapps/ppp/gurobi/gurobi.lic
Set parameter TokenServer to value elsie3.llnl.gov
Set parameter TSPort to value 28522
Set parameter TokenServer to value elsie3.llnl.gov
Set parameter TSPort to value 28522
Set parameter TokenServer to value elsie3.llnl.gov
Set parameter TSPort to value 28522
Using license file /usr/gapps/ppp/gurobi/gurobi.lic
Set parameter TokenServer to value elsie3.llnl.gov
Set parameter TSPort to value 28522
Set parameter TSPort to value 28522
Using license file /usr/gapps/ppp/gurobi/gurobi.lic
Using license file /usr/gapps/ppp/gurobi/gurobi.lic
Set parameter TokenServer to value elsie3.llnl.gov
Set parameter TSPort to value 28522
Set parameter TokenServer to value elsie3.llnl.gov
Set parameter TSPort to value 28522
Using license file /usr/gapps/ppp/gurobi/gurobi.lic
Set parameter TokenServer to value elsie3.llnl.gov
Set parameter TSPort to value 28522
Using license file /usr/gapps/ppp/gurobi/gurobi.lic
Set parameter TokenServer to value elsie3.llnl.gov
Set parameter TSPort to value 28522
Using license file /usr/gapps/ppp/gurobi/gurobi.lic
Set parameter TokenServer to value elsie3.llnl.gov
Set parameter TSPort to value 28522
Using license file /usr/gapps/ppp/gurobi/gurobi.lic
Using license file /usr/gapps/ppp/gurobi/gurobi.lic
Set parameter TokenServer to value elsie3.llnl.gov
Using license file /usr/gapps/ppp/gurobi/gurobi.lic
Set parameter TokenServer to value elsie3.llnl.gov
Set parameter TSPort to value 28522
Using license file /usr/gapps/ppp/gurobi/gurobi.lic
Using license file /usr/gapps/ppp/gurobi/gurobi.lic
Set parameter TSPort to value 28522
Using license file /usr/gapps/ppp/gurobi/gurobi.lic
Set parameter TokenServer to value elsie3.llnl.gov
Set parameter TSPort to value 28522
Using license file /usr/gapps/ppp/gurobi/gurobi.lic
Set parameter TokenServer to value elsie3.llnl.gov
Set parameter TSPort to value 28522
Using license file /usr/gapps/ppp/gurobi/gurobi.lic
Set parameter TokenServer to value elsie3.llnl.gov
Set parameter TSPort to value 28522
Set parameter TokenServer to value elsie3.llnl.gov
Set parameter TokenServer to value elsie3.llnl.gov
Set parameter TokenServer to value elsie3.llnl.gov
Set parameter TSPort to value 28522
Set parameter TSPort to value 28522
Set parameter TSPort to value 28522
Using license file /usr/gapps/ppp/gurobi/gurobi.lic
Set parameter TokenServer to value elsie3.llnl.gov
Set parameter TSPort to value 28522
Using license file /usr/gapps/ppp/gurobi/gurobi.lic
Set parameter TokenServer to value elsie3.llnl.gov
Set parameter TSPort to value 28522
Using license file /usr/gapps/ppp/gurobi/gurobi.lic
Set parameter TokenServer to value elsie3.llnl.gov
Using license file /usr/gapps/ppp/gurobi/gurobi.lic
Set parameter TSPort to value 28522
Set parameter TokenServer to value elsie3.llnl.gov
Set parameter TSPort to value 28522
Using license file /usr/gapps/ppp/gurobi/gurobi.lic
Set parameter TokenServer to value elsie3.llnl.gov
Using license file /usr/gapps/ppp/gurobi/gurobi.lic
Set parameter TokenServer to value elsie3.llnl.gov
Set parameter TSPort to value 28522
Using license file /usr/gapps/ppp/gurobi/gurobi.lic
Set parameter TokenServer to value elsie3.llnl.gov
Set parameter TSPort to value 28522
Using license file /usr/gapps/ppp/gurobi/gurobi.lic
Set parameter TSPort to value 28522
Using license file /usr/gapps/ppp/gurobi/gurobi.lic
Set parameter TokenServer to value elsie3.llnl.gov
Set parameter TSPort to value 28522
Using license file /usr/gapps/ppp/gurobi/gurobi.lic
Set parameter TokenServer to value elsie3.llnl.gov
Using license file /usr/gapps/ppp/gurobi/gurobi.lic
Set parameter TokenServer to value elsie3.llnl.gov
Set parameter TSPort to value 28522
Using license file /usr/gapps/ppp/gurobi/gurobi.lic
Set parameter TokenServer to value elsie3.llnl.gov
Set parameter TSPort to value 28522
Using license file /usr/gapps/ppp/gurobi/gurobi.lic
Set parameter TokenServer to value elsie3.llnl.gov
Set parameter TSPort to value 28522
Set parameter TokenServer to value elsie3.llnl.gov
Set parameter TSPort to value 28522
Set parameter TSPort to value 28522
Using license file /usr/gapps/ppp/gurobi/gurobi.lic
Set parameter TokenServer to value elsie3.llnl.gov
Using license file /usr/gapps/ppp/gurobi/gurobi.lic
Set parameter TSPort to value 28522
Set parameter TokenServer to value elsie3.llnl.gov
Set parameter TSPort to value 28522
Using license file /usr/gapps/ppp/gurobi/gurobi.lic
Set parameter TokenServer to value elsie3.llnl.gov
Set parameter TSPort to value 28522
Using license file /usr/gapps/ppp/gurobi/gurobi.lic
Set parameter TokenServer to value elsie3.llnl.gov
Set parameter TSPort to value 28522
Using license file /usr/gapps/ppp/gurobi/gurobi.lic
Set parameter TokenServer to value elsie3.llnl.gov
Set parameter TSPort to value 28522
Using license file /usr/gapps/ppp/gurobi/gurobi.lic
Set parameter TokenServer to value elsie3.llnl.gov
Set parameter TSPort to value 28522
Using license file /usr/gapps/ppp/gurobi/gurobi.lic
Set parameter TokenServer to value elsie3.llnl.gov
Set parameter TSPort to value 28522
Using license file /usr/gapps/ppp/gurobi/gurobi.lic
Set parameter TokenServer to value elsie3.llnl.gov
Using license file /usr/gapps/ppp/gurobi/gurobi.lic
Set parameter TokenServer to value elsie3.llnl.gov
Set parameter TSPort to value 28522
Set parameter TSPort to value 28522
Using license file /usr/gapps/ppp/gurobi/gurobi.lic
Set parameter TokenServer to value elsie3.llnl.gov
Set parameter TSPort to value 28522
Using license file /usr/gapps/ppp/gurobi/gurobi.lic
Set parameter TokenServer to value elsie3.llnl.gov
Set parameter TSPort to value 28522
Using license file /usr/gapps/ppp/gurobi/gurobi.lic
Set parameter TokenServer to value elsie3.llnl.gov
Set parameter TSPort to value 28522
Using license file /usr/gapps/ppp/gurobi/gurobi.lic
Set parameter TokenServer to value elsie3.llnl.gov
Set parameter TSPort to value 28522
Using license file /usr/gapps/ppp/gurobi/gurobi.lic
Set parameter TokenServer to value elsie3.llnl.gov
Set parameter TSPort to value 28522
Using license file /usr/gapps/ppp/gurobi/gurobi.lic
Set parameter TokenServer to value elsie3.llnl.gov
Set parameter TSPort to value 28522
Using license file /usr/gapps/ppp/gurobi/gurobi.lic
Set parameter TokenServer to value elsie3.llnl.gov
Set parameter TSPort to value 28522
Using license file /usr/gapps/ppp/gurobi/gurobi.lic
Set parameter TokenServer to value elsie3.llnl.gov
Set parameter TSPort to value 28522
Using license file /usr/gapps/ppp/gurobi/gurobi.lic
Set parameter TokenServer to value elsie3.llnl.gov
Set parameter TSPort to value 28522
Using license file /usr/gapps/ppp/gurobi/gurobi.lic
Set parameter TokenServer to value elsie3.llnl.gov
Set parameter TSPort to value 28522
Using license file /usr/gapps/ppp/gurobi/gurobi.lic
Set parameter TokenServer to value elsie3.llnl.gov
Set parameter TSPort to value 28522
Using license file /usr/gapps/ppp/gurobi/gurobi.lic
Set parameter TokenServer to value elsie3.llnl.gov
Set parameter TSPort to value 28522
Using license file /usr/gapps/ppp/gurobi/gurobi.lic
Set parameter TokenServer to value elsie3.llnl.gov
Set parameter TSPort to value 28522
Using license file /usr/gapps/ppp/gurobi/gurobi.lic
Set parameter TokenServer to value elsie3.llnl.gov
Set parameter TSPort to value 28522
Using license file /usr/gapps/ppp/gurobi/gurobi.lic
Set parameter TokenServer to value elsie3.llnl.gov
Set parameter TSPort to value 28522
Using license file /usr/gapps/ppp/gurobi/gurobi.lic
Set parameter TokenServer to value elsie3.llnl.gov
Set parameter TSPort to value 28522
Using license file /usr/gapps/ppp/gurobi/gurobi.lic
Set parameter TokenServer to value elsie3.llnl.gov
Set parameter TSPort to value 28522
Using license file /usr/gapps/ppp/gurobi/gurobi.lic
Set parameter TokenServer to value elsie3.llnl.gov
Set parameter TSPort to value 28522
Using license file /usr/gapps/ppp/gurobi/gurobi.lic
Set parameter TokenServer to value elsie3.llnl.gov
Set parameter TSPort to value 28522
Using license file /usr/gapps/ppp/gurobi/gurobi.lic
Set parameter TokenServer to value elsie3.llnl.gov
Set parameter TSPort to value 28522
Using license file /usr/gapps/ppp/gurobi/gurobi.lic
Set parameter TokenServer to value elsie3.llnl.gov
Set parameter TSPort to value 28522
Using license file /usr/gapps/ppp/gurobi/gurobi.lic
Set parameter TokenServer to value elsie3.llnl.gov
Set parameter TSPort to value 28522
Using license file /usr/gapps/ppp/gurobi/gurobi.lic
Set parameter TokenServer to value elsie3.llnl.gov
Set parameter TSPort to value 28522
Using license file /usr/gapps/ppp/gurobi/gurobi.lic
Set parameter TokenServer to value elsie3.llnl.gov
Set parameter TSPort to value 28522
Using license file /usr/gapps/ppp/gurobi/gurobi.lic
Using license file /usr/gapps/ppp/gurobi/gurobi.lic
Set parameter TokenServer to value elsie3.llnl.gov
Set parameter TSPort to value 28522
Set parameter TokenServer to value elsie3.llnl.gov
Set parameter TSPort to value 28522
Using license file /usr/gapps/ppp/gurobi/gurobi.lic
Set parameter TokenServer to value elsie3.llnl.gov
Set parameter TSPort to value 28522
Using license file /usr/gapps/ppp/gurobi/gurobi.lic
Using license file /usr/gapps/ppp/gurobi/gurobi.lic
Set parameter TokenServer to value elsie3.llnl.gov
Set parameter TSPort to value 28522
Set parameter TokenServer to value elsie3.llnl.gov
Set parameter TSPort to value 28522
Using license file /usr/gapps/ppp/gurobi/gurobi.lic
Set parameter TokenServer to value elsie3.llnl.gov
Set parameter TSPort to value 28522
Using license file /usr/gapps/ppp/gurobi/gurobi.lic
Set parameter TokenServer to value elsie3.llnl.gov
Using license file /usr/gapps/ppp/gurobi/gurobi.lic
Set parameter TSPort to value 28522
Set parameter TokenServer to value elsie3.llnl.gov
Set parameter TSPort to value 28522
Using license file /usr/gapps/ppp/gurobi/gurobi.lic
Set parameter TokenServer to value elsie3.llnl.gov
Set parameter TSPort to value 28522
Using license file /usr/gapps/ppp/gurobi/gurobi.lic
Set parameter TokenServer to value elsie3.llnl.gov
Set parameter TSPort to value 28522
Using license file /usr/gapps/ppp/gurobi/gurobi.lic
Set parameter TokenServer to value elsie3.llnl.gov
Set parameter TSPort to value 28522
Using license file /usr/gapps/ppp/gurobi/gurobi.lic
Set parameter TokenServer to value elsie3.llnl.gov
Set parameter TSPort to value 28522
Using license file /usr/gapps/ppp/gurobi/gurobi.lic
Set parameter TokenServer to value elsie3.llnl.gov
Set parameter TSPort to value 28522
Using license file /usr/gapps/ppp/gurobi/gurobi.lic
Set parameter TokenServer to value elsie3.llnl.gov
Set parameter TSPort to value 28522
Using license file /usr/gapps/ppp/gurobi/gurobi.lic
Set parameter TokenServer to value elsie3.llnl.gov
Set parameter TSPort to value 28522
Using license file /usr/gapps/ppp/gurobi/gurobi.lic
Set parameter TokenServer to value elsie3.llnl.gov
Set parameter TSPort to value 28522
Using license file /usr/gapps/ppp/gurobi/gurobi.lic
Set parameter TokenServer to value elsie3.llnl.gov
Set parameter TSPort to value 28522
Using license file /usr/gapps/ppp/gurobi/gurobi.lic
Set parameter TokenServer to value elsie3.llnl.gov
Set parameter TSPort to value 28522
Using license file /usr/gapps/ppp/gurobi/gurobi.lic
Set parameter TokenServer to value elsie3.llnl.gov
Set parameter TSPort to value 28522
[   25.08] Creating solvers
Using license file /usr/gapps/ppp/gurobi/gurobi.lic
Set parameter TokenServer to value elsie3.llnl.gov
Set parameter TSPort to value 28522
Using license file /usr/gapps/ppp/gurobi/gurobi.lic
Set parameter TokenServer to value elsie3.llnl.gov
Set parameter TSPort to value 28522
Using license file /usr/gapps/ppp/gurobi/gurobi.lic
Set parameter TokenServer to value elsie3.llnl.gov
Set parameter TSPort to value 28522
Using license file /usr/gapps/ppp/gurobi/gurobi.lic
Set parameter TokenServer to value elsie3.llnl.gov
Set parameter TSPort to value 28522
Using license file /usr/gapps/ppp/gurobi/gurobi.lic
Set parameter TokenServer to value elsie3.llnl.gov
Set parameter TSPort to value 28522
Using license file /usr/gapps/ppp/gurobi/gurobi.lic
Set parameter TokenServer to value elsie3.llnl.gov
Set parameter TSPort to value 28522
Using license file /usr/gapps/ppp/gurobi/gurobi.lic
Set parameter TokenServer to value elsie3.llnl.gov
Set parameter TSPort to value 28522
[   35.44] Entering solve loop in PHBase.Iter0
[   41.63] Iter.           Best Bound  Best Incumbent      Rel. Gap        Abs. Gap
[   41.63]     1  L X      60577.8489      60663.4570        0.1413         85.6081
[   45.16]     2           60577.8489      60663.4570        0.1413         85.6081
[   48.11]     3    X      60577.8489      60621.7439        0.0725         43.8950
[   50.66]     4           60577.8489      60621.7439        0.0725         43.8950
[   54.13]     5    X      60577.8489      60618.8324        0.0677         40.9835
[   57.51]     6    X      60577.8489      60618.2367        0.0667         40.3878
[   60.73]     7    X      60577.8489      60617.3465        0.0652         39.4976
[   66.63]     8           60577.8489      60617.3465        0.0652         39.4976
[   67.93]     9           60577.8489      60617.3465        0.0652         39.4976
[   68.91]    10           60577.8489      60617.3465        0.0652         39.4976
[   69.74]    11           60577.8489      60617.3465        0.0652         39.4976
[   70.54]    12           60577.8489      60617.3465        0.0652         39.4976
[   71.34]    13           60577.8489      60617.3465        0.0652         39.4976
[   72.10]    14           60577.8489      60617.3465        0.0652         39.4976
[   72.84]    15           60577.8489      60617.3465        0.0652         39.4976
[   73.57]    16           60577.8489      60617.3465        0.0652         39.4976
[   74.31]    17           60577.8489      60617.3465        0.0652         39.4976
[   75.04]    18           60577.8489      60617.3465        0.0652         39.4976
[   75.79]    19           60577.8489      60617.3465        0.0652         39.4976
[   76.51]    20           60577.8489      60617.3465        0.0652         39.4976
[   77.24]    21           60577.8489      60617.3465        0.0652         39.4976
[   77.96]    22           60577.8489      60617.3465        0.0652         39.4976
[   78.69]    23           60577.8489      60617.3465        0.0652         39.4976
[   79.43]    24           60577.8489      60617.3465        0.0652         39.4976
[   80.16]    25           60577.8489      60617.3465        0.0652         39.4976
[   80.92]    26           60577.8489      60617.3465        0.0652         39.4976
[   81.65]    27           60577.8489      60617.3465        0.0652         39.4976
[   82.40]    28           60577.8489      60617.3465        0.0652         39.4976
[   83.13]    29           60577.8489      60617.3465        0.0652         39.4976
[   83.85]    30           60577.8489      60617.3465        0.0652         39.4976
[   84.59]    31           60577.8489      60617.3465        0.0652         39.4976
[   85.32]    32           60577.8489      60617.3465        0.0652         39.4976
[   86.04]    33           60577.8489      60617.3465        0.0652         39.4976
[   86.75]    34           60577.8489      60617.3465        0.0652         39.4976
[   87.45]    35           60577.8489      60617.3465        0.0652         39.4976
[   88.19]    36           60577.8489      60617.3465        0.0652         39.4976
[   88.90]    37           60577.8489      60617.3465        0.0652         39.4976
[   89.62]    38           60577.8489      60617.3465        0.0652         39.4976
[   90.34]    39           60577.8489      60617.3465        0.0652         39.4976
[   91.07]    40           60577.8489      60617.3465        0.0652         39.4976
[   91.79]    41           60577.8489      60617.3465        0.0652         39.4976
[   92.51]    42           60577.8489      60617.3465        0.0652         39.4976
[   93.23]    43           60577.8489      60617.3465        0.0652         39.4976
[   93.94]    44           60577.8489      60617.3465        0.0652         39.4976
[   94.65]    45           60577.8489      60617.3465        0.0652         39.4976
[   95.35]    46           60577.8489      60617.3465        0.0652         39.4976
[   96.06]    47           60577.8489      60617.3465        0.0652         39.4976
[   96.85]    48           60577.8489      60617.3465        0.0652         39.4976
[   97.57]    49           60577.8489      60617.3465        0.0652         39.4976
[   98.30]    50           60577.8489      60617.3465        0.0652         39.4976
[   99.06]    51           60577.8489      60617.3465        0.0652         39.4976
[   99.77]    52           60577.8489      60617.3465        0.0652         39.4976
[  100.47]    53           60577.8489      60617.3465        0.0652         39.4976
[  101.17]    54           60577.8489      60617.3465        0.0652         39.4976
[  101.87]    55           60577.8489      60617.3465        0.0652         39.4976
[  102.57]    56           60577.8489      60617.3465        0.0652         39.4976
[  103.28]    57           60577.8489      60617.3465        0.0652         39.4976
[  103.97]    58           60577.8489      60617.3465        0.0652         39.4976
[  104.67]    59           60577.8489      60617.3465        0.0652         39.4976
[  105.37]    60           60577.8489      60617.3465        0.0652         39.4976
[  106.09]    61           60577.8489      60617.3465        0.0652         39.4976
[  106.80]    62           60577.8489      60617.3465        0.0652         39.4976
[  107.52]    63           60577.8489      60617.3465        0.0652         39.4976
[  108.25]    64           60577.8489      60617.3465        0.0652         39.4976
[  108.96]    65           60577.8489      60617.3465        0.0652         39.4976
[  109.66]    66           60577.8489      60617.3465        0.0652         39.4976
[  110.39]    67           60577.8489      60617.3465        0.0652         39.4976
[  111.10]    68           60577.8489      60617.3465        0.0652         39.4976
[  111.83]    69           60577.8489      60617.3465        0.0652         39.4976
[  112.55]    70           60577.8489      60617.3465        0.0652         39.4976
[  113.26]    71           60577.8489      60617.3465        0.0652         39.4976
[  113.97]    72           60577.8489      60617.3465        0.0652         39.4976
[  114.73]    73           60577.8489      60617.3465        0.0652         39.4976
[  115.48]    74           60577.8489      60617.3465        0.0652         39.4976
[  116.24]    75           60577.8489      60617.3465        0.0652         39.4976
[  117.01]    76           60577.8489      60617.3465        0.0652         39.4976
[  117.76]    77           60577.8489      60617.3465        0.0652         39.4976
[  118.48]    78           60577.8489      60617.3465        0.0652         39.4976
[  119.20]    79           60577.8489      60617.3465        0.0652         39.4976
[  119.90]    80           60577.8489      60617.3465        0.0652         39.4976
[  120.61]    81           60577.8489      60617.3465        0.0652         39.4976
[  121.34]    82           60577.8489      60617.3465        0.0652         39.4976
[  122.06]    83           60577.8489      60617.3465        0.0652         39.4976
[  122.77]    84           60577.8489      60617.3465        0.0652         39.4976
[  123.58]    85           60577.8489      60617.3465        0.0652         39.4976
[  124.31]    86           60577.8489      60617.3465        0.0652         39.4976
[  125.03]    87           60577.8489      60617.3465        0.0652         39.4976
[  125.76]    88           60577.8489      60617.3465        0.0652         39.4976
[  126.49]    89           60577.8489      60617.3465        0.0652         39.4976
[  127.21]    90           60577.8489      60617.3465        0.0652         39.4976
[  127.93]    91           60577.8489      60617.3465        0.0652         39.4976
[  128.64]    92           60577.8489      60617.3465        0.0652         39.4976
[  129.36]    93           60577.8489      60617.3465        0.0652         39.4976
[  130.08]    94           60577.8489      60617.3465        0.0652         39.4976
[  130.79]    95           60577.8489      60617.3465        0.0652         39.4976
[  131.50]    96           60577.8489      60617.3465        0.0652         39.4976
[  132.21]    97           60577.8489      60617.3465        0.0652         39.4976
[  132.91]    98           60577.8489      60617.3465        0.0652         39.4976
[  133.64]    99           60577.8489      60617.3465        0.0652         39.4976
[  134.38]   100           60577.8489      60617.3465        0.0652         39.4976
[  135.27] Hub algorithm complete, waiting for termination barrier
[  169.16] Iter.           Best Bound  Best Incumbent      Rel. Gap        Abs. Gap
[  169.16]   100           60577.8489      60617.3465        0.0652         39.4976
[  169.26] Windows freed
