[    0.00] Initializing mpi-sppy
[    4.42] Start SPBase.__init__
[   11.68] Start PHBase.__init__
[   11.76] Starting spcomm.main()
[   12.31] Creating solvers
[   22.74] Entering solve loop in PHBase.Iter0
[   28.82] Iter.           Best Bound  Best Incumbent      Rel. Gap        Abs. Gap
[   28.82]     1  L X      62612.9438      62630.2286        0.0276         17.2849
[   31.08]     2           62612.9438      62630.2286        0.0276         17.2849
[   33.35]     3           62612.9438      62630.2286        0.0276         17.2849
[   35.72]     4    X      62612.9438      62629.1944        0.0260         16.2506
[   38.01]     5           62612.9438      62629.1944        0.0260         16.2506
[   40.32]     6    X      62612.9438      62628.9481        0.0256         16.0043
[   42.62]     7    X      62612.9438      62628.8705        0.0254         15.9268
[   47.77]     8           62612.9438      62628.8705        0.0254         15.9268
[   48.65]     9           62612.9438      62628.8705        0.0254         15.9268
[   49.47]    10           62612.9438      62628.8705        0.0254         15.9268
[   50.30]    11           62612.9438      62628.8705        0.0254         15.9268
[   51.08]    12           62612.9438      62628.8705        0.0254         15.9268
[   51.84]    13           62612.9438      62628.8705        0.0254         15.9268
[   52.55]    14           62612.9438      62628.8705        0.0254         15.9268
[   53.25]    15           62612.9438      62628.8705        0.0254         15.9268
[   53.96]    16           62612.9438      62628.8705        0.0254         15.9268
[   54.66]    17           62612.9438      62628.8705        0.0254         15.9268
[   55.34]    18           62612.9438      62628.8705        0.0254         15.9268
[   56.03]    19           62612.9438      62628.8705        0.0254         15.9268
[   56.73]    20           62612.9438      62628.8705        0.0254         15.9268
[   57.40]    21           62612.9438      62628.8705        0.0254         15.9268
[   58.10]    22           62612.9438      62628.8705        0.0254         15.9268
[   58.82]    23           62612.9438      62628.8705        0.0254         15.9268
[   59.53]    24           62612.9438      62628.8705        0.0254         15.9268
[   60.23]    25           62612.9438      62628.8705        0.0254         15.9268
[   60.91]    26           62612.9438      62628.8705        0.0254         15.9268
[   61.59]    27           62612.9438      62628.8705        0.0254         15.9268
[   62.27]    28           62612.9438      62628.8705        0.0254         15.9268
[   62.95]    29           62612.9438      62628.8705        0.0254         15.9268
[   63.62]    30           62612.9438      62628.8705        0.0254         15.9268
[   64.32]    31           62612.9438      62628.8705        0.0254         15.9268
[   65.01]    32           62612.9438      62628.8705        0.0254         15.9268
[   65.70]    33           62612.9438      62628.8705        0.0254         15.9268
[   66.38]    34           62612.9438      62628.8705        0.0254         15.9268
[   67.08]    35           62612.9438      62628.8705        0.0254         15.9268
[   67.78]    36           62612.9438      62628.8705        0.0254         15.9268
[   68.46]    37           62612.9438      62628.8705        0.0254         15.9268
[   69.15]    38           62612.9438      62628.8705        0.0254         15.9268
[   69.83]    39           62612.9438      62628.8705        0.0254         15.9268
[   70.51]    40           62612.9438      62628.8705        0.0254         15.9268
[   71.18]    41           62612.9438      62628.8705        0.0254         15.9268
[   71.86]    42           62612.9438      62628.8705        0.0254         15.9268
[   72.55]    43           62612.9438      62628.8705        0.0254         15.9268
[   73.23]    44           62612.9438      62628.8705        0.0254         15.9268
[   73.93]    45           62612.9438      62628.8705        0.0254         15.9268
[   74.62]    46           62612.9438      62628.8705        0.0254         15.9268
[   75.32]    47           62612.9438      62628.8705        0.0254         15.9268
[   76.02]    48           62612.9438      62628.8705        0.0254         15.9268
[   76.70]    49           62612.9438      62628.8705        0.0254         15.9268
[   77.39]    50           62612.9438      62628.8705        0.0254         15.9268
[   78.07]    51           62612.9438      62628.8705        0.0254         15.9268
[   78.75]    52           62612.9438      62628.8705        0.0254         15.9268
[   79.43]    53           62612.9438      62628.8705        0.0254         15.9268
[   80.11]    54           62612.9438      62628.8705        0.0254         15.9268
[   80.79]    55           62612.9438      62628.8705        0.0254         15.9268
[   81.48]    56           62612.9438      62628.8705        0.0254         15.9268
[   82.17]    57           62612.9438      62628.8705        0.0254         15.9268
[   82.88]    58           62612.9438      62628.8705        0.0254         15.9268
[   83.57]    59           62612.9438      62628.8705        0.0254         15.9268
[   84.25]    60           62612.9438      62628.8705        0.0254         15.9268
[   84.93]    61           62612.9438      62628.8705        0.0254         15.9268
[   85.64]    62           62612.9438      62628.8705        0.0254         15.9268
[   86.34]    63           62612.9438      62628.8705        0.0254         15.9268
[   87.03]    64           62612.9438      62628.8705        0.0254         15.9268
[   87.71]    65           62612.9438      62628.8705        0.0254         15.9268
[   88.40]    66           62612.9438      62628.8705        0.0254         15.9268
[   89.08]    67           62612.9438      62628.8705        0.0254         15.9268
[   89.78]    68           62612.9438      62628.8705        0.0254         15.9268
[   90.47]    69           62612.9438      62628.8705        0.0254         15.9268
[   91.19]    70           62612.9438      62628.8705        0.0254         15.9268
[   91.88]    71           62612.9438      62628.8705        0.0254         15.9268
[   92.57]    72           62612.9438      62628.8705        0.0254         15.9268
[   93.25]    73           62612.9438      62628.8705        0.0254         15.9268
[   93.92]    74           62612.9438      62628.8705        0.0254         15.9268
[   94.60]    75           62612.9438      62628.8705        0.0254         15.9268
[   95.28]    76           62612.9438      62628.8705        0.0254         15.9268
[   95.97]    77           62612.9438      62628.8705        0.0254         15.9268
[   96.65]    78           62612.9438      62628.8705        0.0254         15.9268
[   97.37]    79           62612.9438      62628.8705        0.0254         15.9268
[   98.05]    80           62612.9438      62628.8705        0.0254         15.9268
[   98.76]    81           62612.9438      62628.8705        0.0254         15.9268
[   99.46]    82           62612.9438      62628.8705        0.0254         15.9268
[  100.15]    83           62612.9438      62628.8705        0.0254         15.9268
[  100.83]    84           62612.9438      62628.8705        0.0254         15.9268
[  101.50]    85           62612.9438      62628.8705        0.0254         15.9268
[  102.18]    86           62612.9438      62628.8705        0.0254         15.9268
[  102.86]    87           62612.9438      62628.8705        0.0254         15.9268
[  103.54]    88           62612.9438      62628.8705        0.0254         15.9268
[  104.23]    89           62612.9438      62628.8705        0.0254         15.9268
[  104.92]    90           62612.9438      62628.8705        0.0254         15.9268
[  105.61]    91           62612.9438      62628.8705        0.0254         15.9268
[  106.31]    92           62612.9438      62628.8705        0.0254         15.9268
[  107.02]    93           62612.9438      62628.8705        0.0254         15.9268
[  107.71]    94           62612.9438      62628.8705        0.0254         15.9268
[  108.39]    95           62612.9438      62628.8705        0.0254         15.9268
[  109.07]    96           62612.9438      62628.8705        0.0254         15.9268
[  109.75]    97           62612.9438      62628.8705        0.0254         15.9268
[  110.43]    98           62612.9438      62628.8705        0.0254         15.9268
[  111.10]    99           62612.9438      62628.8705        0.0254         15.9268
[  111.79]   100           62612.9438      62628.8705        0.0254         15.9268
[  112.41] Reached user-specified limit=100 on number of PH iterations
[  112.61] Hub algorithm complete, waiting for termination barrier
[  122.90]  
[  122.90] Statistics at termination
[  122.90] Iter.           Best Bound  Best Incumbent      Rel. Gap        Abs. Gap
[  122.90]   100           62612.9438      62628.8705        0.0254         15.9268
[  123.00] Windows freed
