[    0.00] Initializing mpi-sppy
[    3.88] Start SPBase.__init__
[   11.07] Start PHBase.__init__
[   11.23] Starting spcomm.main()
[   11.78] Creating solvers
[   22.06] Entering solve loop in PHBase.Iter0
[   29.06] Iter.           Best Bound  Best Incumbent      Rel. Gap        Abs. Gap
[   29.06]     1  L X      61349.1732      61386.4747        0.0608         37.3015
[   31.55]     2           61349.1732      61386.4747        0.0608         37.3015
[   34.13]     3           61349.1732      61386.4747        0.0608         37.3015
[   36.74]     4    X      61349.1732      61385.7943        0.0597         36.6211
[   38.98]     5    X      61349.1732      61384.9952        0.0584         35.8220
[   41.26]     6    X      61349.1732      61384.4341        0.0575         35.2609
[   43.55]     7           61349.1732      61384.4341        0.0575         35.2609
[   48.58]     8    X      61349.1732      61384.3227        0.0573         35.1495
[   49.66]     9           61349.1732      61384.3227        0.0573         35.1495
[   50.54]    10           61349.1732      61384.3227        0.0573         35.1495
[   51.41]    11           61349.1732      61384.3227        0.0573         35.1495
[   52.22]    12           61349.1732      61384.3227        0.0573         35.1495
[   53.01]    13           61349.1732      61384.3227        0.0573         35.1495
[   53.78]    14           61349.1732      61384.3227        0.0573         35.1495
[   54.54]    15           61349.1732      61384.3227        0.0573         35.1495
[   55.32]    16    X      61349.1732      61384.2318        0.0571         35.0586
[   56.09]    17           61349.1732      61384.2318        0.0571         35.0586
[   56.87]    18           61349.1732      61384.2318        0.0571         35.0586
[   57.65]    19           61349.1732      61384.2318        0.0571         35.0586
[   58.41]    20           61349.1732      61384.2318        0.0571         35.0586
[   59.18]    21           61349.1732      61384.2318        0.0571         35.0586
[   59.98]    22           61349.1732      61384.2318        0.0571         35.0586
[   60.76]    23           61349.1732      61384.2318        0.0571         35.0586
[   61.52]    24           61349.1732      61384.2318        0.0571         35.0586
[   62.27]    25           61349.1732      61384.2318        0.0571         35.0586
[   63.02]    26           61349.1732      61384.2318        0.0571         35.0586
[   63.79]    27           61349.1732      61384.2318        0.0571         35.0586
[   64.56]    28           61349.1732      61384.2318        0.0571         35.0586
[   65.31]    29           61349.1732      61384.2318        0.0571         35.0586
[   66.07]    30           61349.1732      61384.2318        0.0571         35.0586
[   66.83]    31           61349.1732      61384.2318        0.0571         35.0586
[   67.61]    32           61349.1732      61384.2318        0.0571         35.0586
[   68.38]    33           61349.1732      61384.2318        0.0571         35.0586
[   69.16]    34           61349.1732      61384.2318        0.0571         35.0586
[   69.92]    35           61349.1732      61384.2318        0.0571         35.0586
[   70.67]    36           61349.1732      61384.2318        0.0571         35.0586
[   71.42]    37           61349.1732      61384.2318        0.0571         35.0586
[   72.16]    38           61349.1732      61384.2318        0.0571         35.0586
[   72.90]    39           61349.1732      61384.2318        0.0571         35.0586
[   73.66]    40           61349.1732      61384.2318        0.0571         35.0586
[   74.41]    41           61349.1732      61384.2318        0.0571         35.0586
[   75.16]    42           61349.1732      61384.2318        0.0571         35.0586
[   75.92]    43           61349.1732      61384.2318        0.0571         35.0586
[   76.68]    44           61349.1732      61384.2318        0.0571         35.0586
[   77.45]    45           61349.1732      61384.2318        0.0571         35.0586
[   78.21]    46           61349.1732      61384.2318        0.0571         35.0586
[   78.95]    47           61349.1732      61384.2318        0.0571         35.0586
[   79.70]    48           61349.1732      61384.2318        0.0571         35.0586
[   80.45]    49           61349.1732      61384.2318        0.0571         35.0586
[   81.22]    50           61349.1732      61384.2318        0.0571         35.0586
[   81.97]    51           61349.1732      61384.2318        0.0571         35.0586
[   82.72]    52           61349.1732      61384.2318        0.0571         35.0586
[   83.47]    53           61349.1732      61384.2318        0.0571         35.0586
[   84.22]    54           61349.1732      61384.2318        0.0571         35.0586
[   85.00]    55           61349.1732      61384.2318        0.0571         35.0586
[   85.77]    56           61349.1732      61384.2318        0.0571         35.0586
[   86.52]    57           61349.1732      61384.2318        0.0571         35.0586
[   87.29]    58           61349.1732      61384.2318        0.0571         35.0586
[   88.04]    59           61349.1732      61384.2318        0.0571         35.0586
[   88.79]    60           61349.1732      61384.2318        0.0571         35.0586
[   89.54]    61           61349.1732      61384.2318        0.0571         35.0586
[   90.29]    62           61349.1732      61384.2318        0.0571         35.0586
[   91.04]    63           61349.1732      61384.2318        0.0571         35.0586
[   91.82]    64           61349.1732      61384.2318        0.0571         35.0586
[   92.58]    65           61349.1732      61384.2318        0.0571         35.0586
[   93.36]    66           61349.1732      61384.2318        0.0571         35.0586
[   94.13]    67           61349.1732      61384.2318        0.0571         35.0586
[   94.89]    68           61349.1732      61384.2318        0.0571         35.0586
[   95.64]    69           61349.1732      61384.2318        0.0571         35.0586
[   96.40]    70           61349.1732      61384.2318        0.0571         35.0586
[   97.16]    71           61349.1732      61384.2318        0.0571         35.0586
[   97.91]    72           61349.1732      61384.2318        0.0571         35.0586
[   98.66]    73           61349.1732      61384.2318        0.0571         35.0586
[   99.46]    74           61349.1732      61384.2318        0.0571         35.0586
[  100.24]    75           61349.1732      61384.2318        0.0571         35.0586
[  101.01]    76           61349.1732      61384.2318        0.0571         35.0586
[  101.79]    77           61349.1732      61384.2318        0.0571         35.0586
[  102.55]    78           61349.1732      61384.2318        0.0571         35.0586
[  103.31]    79           61349.1732      61384.2318        0.0571         35.0586
[  104.06]    80           61349.1732      61384.2318        0.0571         35.0586
[  104.81]    81           61349.1732      61384.2318        0.0571         35.0586
[  105.58]    82           61349.1732      61384.2318        0.0571         35.0586
[  106.33]    83           61349.1732      61384.2318        0.0571         35.0586
[  107.09]    84           61349.1732      61384.2318        0.0571         35.0586
[  107.85]    85           61349.1732      61384.2318        0.0571         35.0586
[  108.61]    86           61349.1732      61384.2318        0.0571         35.0586
[  109.37]    87           61349.1732      61384.2318        0.0571         35.0586
[  110.17]    88           61349.1732      61384.2318        0.0571         35.0586
[  110.93]    89           61349.1732      61384.2318        0.0571         35.0586
[  111.68]    90           61349.1732      61384.2318        0.0571         35.0586
[  112.43]    91           61349.1732      61384.2318        0.0571         35.0586
[  113.17]    92           61349.1732      61384.2318        0.0571         35.0586
[  113.92]    93           61349.1732      61384.2318        0.0571         35.0586
[  114.67]    94           61349.1732      61384.2318        0.0571         35.0586
[  115.42]    95           61349.1732      61384.2318        0.0571         35.0586
[  116.17]    96           61349.1732      61384.2318        0.0571         35.0586
[  116.93]    97           61349.1732      61384.2318        0.0571         35.0586
[  117.70]    98           61349.1732      61384.2318        0.0571         35.0586
[  118.46]    99           61349.1732      61384.2318        0.0571         35.0586
[  119.22]   100           61349.1732      61384.2318        0.0571         35.0586
[  119.91] Reached user-specified limit=100 on number of PH iterations
[  120.12] Hub algorithm complete, waiting for termination barrier
[  158.86]  
[  158.86] Statistics at termination
[  158.86] Iter.           Best Bound  Best Incumbent      Rel. Gap        Abs. Gap
[  158.86]   100  F        61368.4466      61384.2318        0.0257         15.7852
[  158.96] Windows freed
