[    0.00] Initializing mpi-sppy
[    5.20] Start SPBase.__init__
[   12.47] Start PHBase.__init__
[   12.69] Starting spcomm.main()
[   13.24] Creating solvers
[   23.59] Entering solve loop in PHBase.Iter0
[   29.72] Iter.           Best Bound  Best Incumbent      Rel. Gap        Abs. Gap
[   29.72]     1  L X      60883.6268      60930.8104        0.0775         47.1836
[   32.28]     2           60883.6268      60930.8104        0.0775         47.1836
[   35.21]     3    X      60883.6268      60930.6044        0.0772         46.9776
[   37.63]     4    X      60883.6268      60929.5712        0.0755         45.9444
[   40.11]     5           60883.6268      60929.5712        0.0755         45.9444
[   42.42]     6    X      60883.6268      60928.7145        0.0741         45.0877
[   44.83]     7           60883.6268      60928.7145        0.0741         45.0877
[   49.80]     8           60883.6268      60928.7145        0.0741         45.0877
[   50.98]     9           60883.6268      60928.7145        0.0741         45.0877
[   51.95]    10           60883.6268      60928.7145        0.0741         45.0877
[   52.76]    11           60883.6268      60928.7145        0.0741         45.0877
[   53.54]    12           60883.6268      60928.7145        0.0741         45.0877
[   54.33]    13           60883.6268      60928.7145        0.0741         45.0877
[   55.08]    14           60883.6268      60928.7145        0.0741         45.0877
[   55.83]    15    X      60883.6268      60928.6660        0.0740         45.0392
[   56.54]    16    X      60883.6268      60928.5874        0.0738         44.9606
[   57.25]    17           60883.6268      60928.5874        0.0738         44.9606
[   57.95]    18    X      60883.6268      60928.3143        0.0734         44.6875
[   58.64]    19    X      60883.6268      60928.2475        0.0733         44.6207
[   59.35]    20           60883.6268      60928.2475        0.0733         44.6207
[   60.05]    21           60883.6268      60928.2475        0.0733         44.6207
[   60.77]    22           60883.6268      60928.2475        0.0733         44.6207
[   61.48]    23           60883.6268      60928.2475        0.0733         44.6207
[   62.20]    24           60883.6268      60928.2475        0.0733         44.6207
[   62.92]    25           60883.6268      60928.2475        0.0733         44.6207
[   63.64]    26    X      60883.6268      60928.2419        0.0733         44.6151
[   64.36]    27           60883.6268      60928.2419        0.0733         44.6151
[   65.07]    28           60883.6268      60928.2419        0.0733         44.6151
[   65.80]    29           60883.6268      60928.2419        0.0733         44.6151
[   66.52]    30           60883.6268      60928.2419        0.0733         44.6151
[   67.22]    31           60883.6268      60928.2419        0.0733         44.6151
[   67.91]    32           60883.6268      60928.2419        0.0733         44.6151
[   68.62]    33           60883.6268      60928.2419        0.0733         44.6151
[   69.32]    34           60883.6268      60928.2419        0.0733         44.6151
[   70.03]    35           60883.6268      60928.2419        0.0733         44.6151
[   70.75]    36           60883.6268      60928.2419        0.0733         44.6151
[   71.46]    37           60883.6268      60928.2419        0.0733         44.6151
[   72.19]    38           60883.6268      60928.2419        0.0733         44.6151
[   72.91]    39           60883.6268      60928.2419        0.0733         44.6151
[   73.63]    40           60883.6268      60928.2419        0.0733         44.6151
[   74.34]    41           60883.6268      60928.2419        0.0733         44.6151
[   75.04]    42           60883.6268      60928.2419        0.0733         44.6151
[   75.73]    43           60883.6268      60928.2419        0.0733         44.6151
[   76.43]    44           60883.6268      60928.2419        0.0733         44.6151
[   77.14]    45           60883.6268      60928.2419        0.0733         44.6151
[   77.84]    46           60883.6268      60928.2419        0.0733         44.6151
[   78.54]    47           60883.6268      60928.2419        0.0733         44.6151
[   79.26]    48           60883.6268      60928.2419        0.0733         44.6151
[   79.97]    49           60883.6268      60928.2419        0.0733         44.6151
[   80.69]    50           60883.6268      60928.2419        0.0733         44.6151
[   81.41]    51           60883.6268      60928.2419        0.0733         44.6151
[   82.13]    52           60883.6268      60928.2419        0.0733         44.6151
[   82.84]    53           60883.6268      60928.2419        0.0733         44.6151
[   83.56]    54           60883.6268      60928.2419        0.0733         44.6151
[   84.26]    55           60883.6268      60928.2419        0.0733         44.6151
[   84.95]    56           60883.6268      60928.2419        0.0733         44.6151
[   85.65]    57           60883.6268      60928.2419        0.0733         44.6151
[   86.35]    58           60883.6268      60928.2419        0.0733         44.6151
[   87.06]    59           60883.6268      60928.2419        0.0733         44.6151
[   87.77]    60           60883.6268      60928.2419        0.0733         44.6151
[   88.48]    61           60883.6268      60928.2419        0.0733         44.6151
[   89.22]    62           60883.6268      60928.2419        0.0733         44.6151
[   89.96]    63           60883.6268      60928.2419        0.0733         44.6151
[   90.70]    64           60883.6268      60928.2419        0.0733         44.6151
[   91.40]    65           60883.6268      60928.2419        0.0733         44.6151
[   92.09]    66           60883.6268      60928.2419        0.0733         44.6151
[   92.80]    67           60883.6268      60928.2419        0.0733         44.6151
[   93.51]    68           60883.6268      60928.2419        0.0733         44.6151
[   94.22]    69           60883.6268      60928.2419        0.0733         44.6151
[   94.92]    70           60883.6268      60928.2419        0.0733         44.6151
[   95.63]    71           60883.6268      60928.2419        0.0733         44.6151
[   96.34]    72           60883.6268      60928.2419        0.0733         44.6151
[   97.05]    73           60883.6268      60928.2419        0.0733         44.6151
[   97.78]    74           60883.6268      60928.2419        0.0733         44.6151
[   98.50]    75           60883.6268      60928.2419        0.0733         44.6151
[   99.22]    76           60883.6268      60928.2419        0.0733         44.6151
[   99.91]    77           60883.6268      60928.2419        0.0733         44.6151
[  100.63]    78           60883.6268      60928.2419        0.0733         44.6151
[  101.34]    79           60883.6268      60928.2419        0.0733         44.6151
[  102.04]    80           60883.6268      60928.2419        0.0733         44.6151
[  102.74]    81           60883.6268      60928.2419        0.0733         44.6151
[  103.44]    82           60883.6268      60928.2419        0.0733         44.6151
[  104.13]    83           60883.6268      60928.2419        0.0733         44.6151
[  104.83]    84           60883.6268      60928.2419        0.0733         44.6151
[  105.55]    85           60883.6268      60928.2419        0.0733         44.6151
[  106.27]    86           60883.6268      60928.2419        0.0733         44.6151
[  107.01]    87           60883.6268      60928.2419        0.0733         44.6151
[  107.71]    88           60883.6268      60928.2419        0.0733         44.6151
[  108.41]    89           60883.6268      60928.2419        0.0733         44.6151
[  109.10]    90           60883.6268      60928.2419        0.0733         44.6151
[  109.80]    91           60883.6268      60928.2419        0.0733         44.6151
[  110.51]    92           60883.6268      60928.2419        0.0733         44.6151
[  111.22]    93           60883.6268      60928.2419        0.0733         44.6151
[  111.92]    94           60883.6268      60928.2419        0.0733         44.6151
[  112.61]    95           60883.6268      60928.2419        0.0733         44.6151
[  113.33]    96           60883.6268      60928.2419        0.0733         44.6151
[  114.04]    97           60883.6268      60928.2419        0.0733         44.6151
[  114.76]    98           60883.6268      60928.2419        0.0733         44.6151
[  115.48]    99           60883.6268      60928.2419        0.0733         44.6151
[  116.20]   100           60883.6268      60928.2419        0.0733         44.6151
[  116.83] Reached user-specified limit=100 on number of PH iterations
[  117.04] Hub algorithm complete, waiting for termination barrier
[  125.37]  
[  125.37] Statistics at termination
[  125.37] Iter.           Best Bound  Best Incumbent      Rel. Gap        Abs. Gap
[  125.37]   100           60883.6268      60928.2419        0.0733         44.6151
[  125.47] Windows freed
