[    0.00] Initializing mpi-sppy
[    5.80] Initializing SPBase
[   11.02] Initializing PHBase
[   11.09] Starting spcomm.main()
[   11.26] Creating solvers
[   20.53] Entering solve loop in PHBase.Iter0
[   25.40] Iter.           Best Bound  Best Incumbent      Rel. Gap        Abs. Gap
[   25.40]     1  L X      64107.2553      64155.8333         0.076%         48.5780
[   27.41]     2           64107.2553      64155.8333         0.076%         48.5780
[   29.31]     3    X      64107.2553      64142.5438         0.055%         35.2884
[   31.24]     4    X      64107.2553      64142.3625         0.055%         35.1071
[   33.16]     5           64107.2553      64142.3625         0.055%         35.1071
[   35.08]     6    X      64107.2553      64142.3561         0.055%         35.1008
[   36.98]     7           64107.2553      64142.3561         0.055%         35.1008
[   37.81]     8           64107.2553      64142.3561         0.055%         35.1008
[   38.44]     9           64107.2553      64142.3561         0.055%         35.1008
[   39.06]    10    X      64107.2553      64142.2933         0.055%         35.0380
[   39.69]    11           64107.2553      64142.2933         0.055%         35.0380
[   40.30]    12           64107.2553      64142.2933         0.055%         35.0380
[   40.90]    13           64107.2553      64142.2933         0.055%         35.0380
[   41.50]    14           64107.2553      64142.2933         0.055%         35.0380
[   42.11]    15           64107.2553      64142.2933         0.055%         35.0380
[   42.70]    16           64107.2553      64142.2933         0.055%         35.0380
[   43.29]    17           64107.2553      64142.2933         0.055%         35.0380
[   43.89]    18           64107.2553      64142.2933         0.055%         35.0380
[   44.48]    19           64107.2553      64142.2933         0.055%         35.0380
[   45.14]    20           64107.2553      64142.2933         0.055%         35.0380
[   45.84]    21           64107.2553      64142.2933         0.055%         35.0380
[   46.52]    22           64107.2553      64142.2933         0.055%         35.0380
[   47.22]    23           64107.2553      64142.2933         0.055%         35.0380
[   47.91]    24           64107.2553      64142.2933         0.055%         35.0380
[   48.59]    25           64107.2553      64142.2933         0.055%         35.0380
[   49.26]    26           64107.2553      64142.2933         0.055%         35.0380
[   49.93]    27           64107.2553      64142.2933         0.055%         35.0380
[   50.62]    28           64107.2553      64142.2933         0.055%         35.0380
[   51.31]    29           64107.2553      64142.2933         0.055%         35.0380
[   52.00]    30           64107.2553      64142.2933         0.055%         35.0380
[   52.71]    31           64107.2553      64142.2933         0.055%         35.0380
[   53.44]    32           64107.2553      64142.2933         0.055%         35.0380
[   54.15]    33           64107.2553      64142.2933         0.055%         35.0380
[   54.83]    34           64107.2553      64142.2933         0.055%         35.0380
[   55.52]    35           64107.2553      64142.2933         0.055%         35.0380
[   56.21]    36           64107.2553      64142.2933         0.055%         35.0380
[   56.88]    37           64107.2553      64142.2933         0.055%         35.0380
[   57.58]    38           64107.2553      64142.2933         0.055%         35.0380
[   58.27]    39           64107.2553      64142.2933         0.055%         35.0380
[   58.97]    40           64107.2553      64142.2933         0.055%         35.0380
[   59.65]    41           64107.2553      64142.2933         0.055%         35.0380
[   60.31]    42           64107.2553      64142.2933         0.055%         35.0380
[   60.99]    43           64107.2553      64142.2933         0.055%         35.0380
[   61.68]    44           64107.2553      64142.2933         0.055%         35.0380
[   62.35]    45           64107.2553      64142.2933         0.055%         35.0380
[   63.01]    46           64107.2553      64142.2933         0.055%         35.0380
[   63.68]    47           64107.2553      64142.2933         0.055%         35.0380
[   64.37]    48           64107.2553      64142.2933         0.055%         35.0380
[   65.08]    49           64107.2553      64142.2933         0.055%         35.0380
[   65.77]    50           64107.2553      64142.2933         0.055%         35.0380
[   66.47]    51           64107.2553      64142.2933         0.055%         35.0380
[   67.13]    52           64107.2553      64142.2933         0.055%         35.0380
[   67.82]    53           64107.2553      64142.2933         0.055%         35.0380
[   68.53]    54           64107.2553      64142.2933         0.055%         35.0380
[   69.24]    55           64107.2553      64142.2933         0.055%         35.0380
[   69.93]    56           64107.2553      64142.2933         0.055%         35.0380
[   70.61]    57           64107.2553      64142.2933         0.055%         35.0380
[   71.28]    58           64107.2553      64142.2933         0.055%         35.0380
[   71.96]    59           64107.2553      64142.2933         0.055%         35.0380
[   72.66]    60           64107.2553      64142.2933         0.055%         35.0380
[   73.36]    61           64107.2553      64142.2933         0.055%         35.0380
[   74.06]    62           64107.2553      64142.2933         0.055%         35.0380
[   74.73]    63           64107.2553      64142.2933         0.055%         35.0380
[   75.40]    64           64107.2553      64142.2933         0.055%         35.0380
[   76.07]    65           64107.2553      64142.2933         0.055%         35.0380
[   76.80]    66           64107.2553      64142.2933         0.055%         35.0380
[   77.47]    67           64107.2553      64142.2933         0.055%         35.0380
[   78.18]    68           64107.2553      64142.2933         0.055%         35.0380
[   78.87]    69           64107.2553      64142.2933         0.055%         35.0380
[   79.57]    70           64107.2553      64142.2933         0.055%         35.0380
[   80.28]    71           64107.2553      64142.2933         0.055%         35.0380
[   80.98]    72  F        64125.4805      64142.2933         0.026%         16.8128
[   81.69]    73           64125.4805      64142.2933         0.026%         16.8128
[   82.40]    74           64125.4805      64142.2933         0.026%         16.8128
[   83.09]    75           64125.4805      64142.2933         0.026%         16.8128
[   83.76]    76           64125.4805      64142.2933         0.026%         16.8128
[   84.42]    77           64125.4805      64142.2933         0.026%         16.8128
[   85.11]    78           64125.4805      64142.2933         0.026%         16.8128
[   85.80]    79           64125.4805      64142.2933         0.026%         16.8128
[   86.47]    80           64125.4805      64142.2933         0.026%         16.8128
[   87.14]    81           64125.4805      64142.2933         0.026%         16.8128
[   87.82]    82           64125.4805      64142.2933         0.026%         16.8128
[   88.49]    83           64125.4805      64142.2933         0.026%         16.8128
[   89.15]    84           64125.4805      64142.2933         0.026%         16.8128
[   89.83]    85           64125.4805      64142.2933         0.026%         16.8128
[   90.52]    86           64125.4805      64142.2933         0.026%         16.8128
[   91.21]    87           64125.4805      64142.2933         0.026%         16.8128
[   91.90]    88           64125.4805      64142.2933         0.026%         16.8128
[   92.61]    89           64125.4805      64142.2933         0.026%         16.8128
[   93.31]    90           64125.4805      64142.2933         0.026%         16.8128
[   94.01]    91           64125.4805      64142.2933         0.026%         16.8128
[   94.74]    92           64125.4805      64142.2933         0.026%         16.8128
[   95.44]    93           64125.4805      64142.2933         0.026%         16.8128
[   96.12]    94           64125.4805      64142.2933         0.026%         16.8128
[   96.78]    95  F        64135.2864      64142.2933         0.011%          7.0069
[   97.46]    96           64135.2864      64142.2933         0.011%          7.0069
[   98.14]    97           64135.2864      64142.2933         0.011%          7.0069
[   98.82]    98           64135.2864      64142.2933         0.011%          7.0069
[   99.53]    99           64135.2864      64142.2933         0.011%          7.0069
[  100.21]   100           64135.2864      64142.2933         0.011%          7.0069
[  100.21] Reached user-specified limit=100 on number of PH iterations
[  100.40] Hub algorithm PH complete, waiting for spoke finalization
[  100.42] Spoke XhatShuffleInnerBound finalized
[  103.08] Spoke LagrangianOuterBound finalized
