[    0.00] Initializing mpi-sppy
[    5.07] Start SPBase.__init__
[   12.37] Start PHBase.__init__
[   12.44] Starting spcomm.main()
[   12.99] Creating solvers
[   23.36] Entering solve loop in PHBase.Iter0
[   29.60] Iter.           Best Bound  Best Incumbent      Rel. Gap        Abs. Gap
[   29.60]     1  L X      60577.8489      60663.4570        0.1413         85.6081
[   32.49]     2           60577.8489      60663.4570        0.1413         85.6081
[   35.06]     3    X      60577.8489      60619.2304        0.0683         41.3815
[   37.66]     4           60577.8489      60619.2304        0.0683         41.3815
[   40.53]     5           60577.8489      60619.2304        0.0683         41.3815
[   43.46]     6    X      60577.8489      60618.0084        0.0663         40.1595
[   45.97]     7           60577.8489      60618.0084        0.0663         40.1595
[   51.28]     8           60577.8489      60618.0084        0.0663         40.1595
[   52.44]     9    X      60577.8489      60617.9124        0.0661         40.0634
[   53.38]    10           60577.8489      60617.9124        0.0661         40.0634
[   54.18]    11           60577.8489      60617.9124        0.0661         40.0634
[   54.96]    12           60577.8489      60617.9124        0.0661         40.0634
[   55.79]    13           60577.8489      60617.9124        0.0661         40.0634
[   56.53]    14           60577.8489      60617.9124        0.0661         40.0634
[   57.31]    15           60577.8489      60617.9124        0.0661         40.0634
[   58.04]    16           60577.8489      60617.9124        0.0661         40.0634
[   58.77]    17           60577.8489      60617.9124        0.0661         40.0634
[   59.49]    18           60577.8489      60617.9124        0.0661         40.0634
[   60.22]    19           60577.8489      60617.9124        0.0661         40.0634
[   60.93]    20           60577.8489      60617.9124        0.0661         40.0634
[   61.63]    21           60577.8489      60617.9124        0.0661         40.0634
[   62.33]    22           60577.8489      60617.9124        0.0661         40.0634
[   63.04]    23           60577.8489      60617.9124        0.0661         40.0634
[   63.74]    24           60577.8489      60617.9124        0.0661         40.0634
[   64.43]    25           60577.8489      60617.9124        0.0661         40.0634
[   65.15]    26           60577.8489      60617.9124        0.0661         40.0634
[   65.89]    27           60577.8489      60617.9124        0.0661         40.0634
[   66.61]    28           60577.8489      60617.9124        0.0661         40.0634
[   67.34]    29           60577.8489      60617.9124        0.0661         40.0634
[   68.06]    30           60577.8489      60617.9124        0.0661         40.0634
[   68.79]    31           60577.8489      60617.9124        0.0661         40.0634
[   69.49]    32           60577.8489      60617.9124        0.0661         40.0634
[   70.18]    33           60577.8489      60617.9124        0.0661         40.0634
[   70.90]    34           60577.8489      60617.9124        0.0661         40.0634
[   71.62]    35           60577.8489      60617.9124        0.0661         40.0634
[   72.34]    36           60577.8489      60617.9124        0.0661         40.0634
[   73.04]    37           60577.8489      60617.9124        0.0661         40.0634
[   73.76]    38           60577.8489      60617.9124        0.0661         40.0634
[   74.46]    39           60577.8489      60617.9124        0.0661         40.0634
[   75.18]    40           60577.8489      60617.9124        0.0661         40.0634
[   75.88]    41           60577.8489      60617.9124        0.0661         40.0634
[   76.61]    42           60577.8489      60617.9124        0.0661         40.0634
[   77.33]    43           60577.8489      60617.9124        0.0661         40.0634
[   78.04]    44           60577.8489      60617.9124        0.0661         40.0634
[   78.74]    45           60577.8489      60617.9124        0.0661         40.0634
[   79.45]    46           60577.8489      60617.9124        0.0661         40.0634
[   80.15]    47           60577.8489      60617.9124        0.0661         40.0634
[   80.84]    48           60577.8489      60617.9124        0.0661         40.0634
[   81.54]    49           60577.8489      60617.9124        0.0661         40.0634
[   82.23]    50           60577.8489      60617.9124        0.0661         40.0634
[   82.95]    51           60577.8489      60617.9124        0.0661         40.0634
[   83.66]    52           60577.8489      60617.9124        0.0661         40.0634
[   84.41]    53           60577.8489      60617.9124        0.0661         40.0634
[   85.14]    54           60577.8489      60617.9124        0.0661         40.0634
[   85.88]    55           60577.8489      60617.9124        0.0661         40.0634
[   86.60]    56           60577.8489      60617.9124        0.0661         40.0634
[   87.31]    57           60577.8489      60617.9124        0.0661         40.0634
[   88.01]    58           60577.8489      60617.9124        0.0661         40.0634
[   88.70]    59           60577.8489      60617.9124        0.0661         40.0634
[   89.40]    60           60577.8489      60617.9124        0.0661         40.0634
[   90.11]    61           60577.8489      60617.9124        0.0661         40.0634
[   90.82]    62           60577.8489      60617.9124        0.0661         40.0634
[   91.52]    63           60577.8489      60617.9124        0.0661         40.0634
[   92.22]    64           60577.8489      60617.9124        0.0661         40.0634
[   92.94]    65           60577.8489      60617.9124        0.0661         40.0634
[   93.66]    66           60577.8489      60617.9124        0.0661         40.0634
[   94.39]    67           60577.8489      60617.9124        0.0661         40.0634
[   95.11]    68           60577.8489      60617.9124        0.0661         40.0634
[   95.83]    69           60577.8489      60617.9124        0.0661         40.0634
[   96.53]    70           60577.8489      60617.9124        0.0661         40.0634
[   97.24]    71           60577.8489      60617.9124        0.0661         40.0634
[   97.94]    72           60577.8489      60617.9124        0.0661         40.0634
[   98.65]    73           60577.8489      60617.9124        0.0661         40.0634
[   99.38]    74           60577.8489      60617.9124        0.0661         40.0634
[  100.08]    75           60577.8489      60617.9124        0.0661         40.0634
[  100.77]    76           60577.8489      60617.9124        0.0661         40.0634
[  101.48]    77           60577.8489      60617.9124        0.0661         40.0634
[  102.19]    78           60577.8489      60617.9124        0.0661         40.0634
[  102.91]    79           60577.8489      60617.9124        0.0661         40.0634
[  103.64]    80           60577.8489      60617.9124        0.0661         40.0634
[  104.36]    81           60577.8489      60617.9124        0.0661         40.0634
[  105.07]    82           60577.8489      60617.9124        0.0661         40.0634
[  105.76]    83           60577.8489      60617.9124        0.0661         40.0634
[  106.46]    84           60577.8489      60617.9124        0.0661         40.0634
[  107.16]    85           60577.8489      60617.9124        0.0661         40.0634
[  107.87]    86           60577.8489      60617.9124        0.0661         40.0634
[  108.58]    87           60577.8489      60617.9124        0.0661         40.0634
[  109.28]    88           60577.8489      60617.9124        0.0661         40.0634
[  109.98]    89           60577.8489      60617.9124        0.0661         40.0634
[  110.68]    90           60577.8489      60617.9124        0.0661         40.0634
[  111.40]    91           60577.8489      60617.9124        0.0661         40.0634
[  112.11]    92           60577.8489      60617.9124        0.0661         40.0634
[  112.84]    93           60577.8489      60617.9124        0.0661         40.0634
[  113.56]    94           60577.8489      60617.9124        0.0661         40.0634
[  114.27]    95           60577.8489      60617.9124        0.0661         40.0634
[  114.98]    96           60577.8489      60617.9124        0.0661         40.0634
[  115.70]    97           60577.8489      60617.9124        0.0661         40.0634
[  116.40]    98           60577.8489      60617.9124        0.0661         40.0634
[  117.12]    99           60577.8489      60617.9124        0.0661         40.0634
[  117.82]   100           60577.8489      60617.9124        0.0661         40.0634
[  118.45] Reached user-specified limit=100 on number of PH iterations
[  118.66] Hub algorithm complete, waiting for termination barrier
[  132.11]  
[  132.11] Statistics at termination
[  132.11] Iter.           Best Bound  Best Incumbent      Rel. Gap        Abs. Gap
[  132.11]   100           60577.8489      60617.9124        0.0661         40.0634
[  132.21] Windows freed
