[    0.00] Initializing mpi-sppy
[    5.46] Initializing SPBase
[   10.62] Initializing PHBase
[   10.70] Starting spcomm.main()
[   10.86] Creating solvers
[   19.85] Entering solve loop in PHBase.Iter0
[   25.78] Iter.           Best Bound  Best Incumbent      Rel. Gap        Abs. Gap
[   25.78]     1  L X      62612.9438      62630.0683         0.027%         17.1245
[   27.90]     2  L        62612.9438      62630.0683         0.027%         17.1245
[   30.08]     3           62612.9438      62630.0683         0.027%         17.1245
[   32.32]     4    X      62612.9438      62629.1268         0.026%         16.1830
[   34.51]     5           62612.9438      62629.1268         0.026%         16.1830
[   36.61]     6    X      62612.9438      62628.8300         0.025%         15.8862
[   38.74]     7    X      62612.9438      62628.6666         0.025%         15.7229
[   39.62]     8    X      62612.9438      62628.6410         0.025%         15.6972
[   40.33]     9           62612.9438      62628.6410         0.025%         15.6972
[   41.02]    10           62612.9438      62628.6410         0.025%         15.6972
[   41.67]    11           62612.9438      62628.6410         0.025%         15.6972
[   42.27]    12           62612.9438      62628.6410         0.025%         15.6972
[   42.86]    13           62612.9438      62628.6410         0.025%         15.6972
[   43.47]    14           62612.9438      62628.6410         0.025%         15.6972
[   44.07]    15           62612.9438      62628.6410         0.025%         15.6972
[   44.68]    16           62612.9438      62628.6410         0.025%         15.6972
[   45.29]    17           62612.9438      62628.6410         0.025%         15.6972
[   45.92]    18           62612.9438      62628.6410         0.025%         15.6972
[   46.52]    19           62612.9438      62628.6410         0.025%         15.6972
[   47.19]    20           62612.9438      62628.6410         0.025%         15.6972
[   47.85]    21           62612.9438      62628.6410         0.025%         15.6972
[   48.52]    22           62612.9438      62628.6410         0.025%         15.6972
[   49.22]    23           62612.9438      62628.6410         0.025%         15.6972
[   49.92]    24           62612.9438      62628.6410         0.025%         15.6972
[   50.61]    25           62612.9438      62628.6410         0.025%         15.6972
[   51.27]    26           62612.9438      62628.6410         0.025%         15.6972
[   51.99]    27           62612.9438      62628.6410         0.025%         15.6972
[   52.71]    28           62612.9438      62628.6410         0.025%         15.6972
[   53.40]    29           62612.9438      62628.6410         0.025%         15.6972
[   54.11]    30           62612.9438      62628.6410         0.025%         15.6972
[   54.78]    31           62612.9438      62628.6410         0.025%         15.6972
[   55.51]    32           62612.9438      62628.6410         0.025%         15.6972
[   56.23]    33           62612.9438      62628.6410         0.025%         15.6972
[   56.93]    34           62612.9438      62628.6410         0.025%         15.6972
[   57.63]    35           62612.9438      62628.6410         0.025%         15.6972
[   58.31]    36           62612.9438      62628.6410         0.025%         15.6972
[   59.00]    37           62612.9438      62628.6410         0.025%         15.6972
[   59.70]    38           62612.9438      62628.6410         0.025%         15.6972
[   60.41]    39           62612.9438      62628.6410         0.025%         15.6972
[   61.11]    40           62612.9438      62628.6410         0.025%         15.6972
[   61.82]    41           62612.9438      62628.6410         0.025%         15.6972
[   62.50]    42           62612.9438      62628.6410         0.025%         15.6972
[   63.18]    43           62612.9438      62628.6410         0.025%         15.6972
[   63.85]    44           62612.9438      62628.6410         0.025%         15.6972
[   64.52]    45           62612.9438      62628.6410         0.025%         15.6972
[   65.23]    46           62612.9438      62628.6410         0.025%         15.6972
[   65.93]    47           62612.9438      62628.6410         0.025%         15.6972
[   66.61]    48           62612.9438      62628.6410         0.025%         15.6972
[   67.27]    49           62612.9438      62628.6410         0.025%         15.6972
[   67.99]    50           62612.9438      62628.6410         0.025%         15.6972
[   68.69]    51           62612.9438      62628.6410         0.025%         15.6972
[   69.37]    52           62612.9438      62628.6410         0.025%         15.6972
[   70.07]    53           62612.9438      62628.6410         0.025%         15.6972
[   70.74]    54           62612.9438      62628.6410         0.025%         15.6972
[   71.45]    55           62612.9438      62628.6410         0.025%         15.6972
[   72.15]    56           62612.9438      62628.6410         0.025%         15.6972
[   72.84]    57           62612.9438      62628.6410         0.025%         15.6972
[   73.55]    58           62612.9438      62628.6410         0.025%         15.6972
[   74.24]    59           62612.9438      62628.6410         0.025%         15.6972
[   74.96]    60           62612.9438      62628.6410         0.025%         15.6972
[   75.65]    61           62612.9438      62628.6410         0.025%         15.6972
[   76.36]    62           62612.9438      62628.6410         0.025%         15.6972
[   77.03]    63           62612.9438      62628.6410         0.025%         15.6972
[   77.71]    64           62612.9438      62628.6410         0.025%         15.6972
[   78.42]    65           62612.9438      62628.6410         0.025%         15.6972
[   79.08]    66           62612.9438      62628.6410         0.025%         15.6972
[   79.76]    67           62612.9438      62628.6410         0.025%         15.6972
[   80.45]    68           62612.9438      62628.6410         0.025%         15.6972
[   81.17]    69           62612.9438      62628.6410         0.025%         15.6972
[   81.87]    70           62612.9438      62628.6410         0.025%         15.6972
[   82.53]    71           62612.9438      62628.6410         0.025%         15.6972
[   83.21]    72           62612.9438      62628.6410         0.025%         15.6972
[   83.89]    73           62612.9438      62628.6410         0.025%         15.6972
[   84.60]    74           62612.9438      62628.6410         0.025%         15.6972
[   85.27]    75           62612.9438      62628.6410         0.025%         15.6972
[   85.96]    76           62612.9438      62628.6410         0.025%         15.6972
[   86.64]    77           62612.9438      62628.6410         0.025%         15.6972
[   87.31]    78           62612.9438      62628.6410         0.025%         15.6972
[   88.03]    79           62612.9438      62628.6410         0.025%         15.6972
[   88.71]    80           62612.9438      62628.6410         0.025%         15.6972
[   89.38]    81           62612.9438      62628.6410         0.025%         15.6972
[   90.08]    82           62612.9438      62628.6410         0.025%         15.6972
[   90.76]    83           62612.9438      62628.6410         0.025%         15.6972
[   91.47]    84           62612.9438      62628.6410         0.025%         15.6972
[   92.14]    85           62612.9438      62628.6410         0.025%         15.6972
[   92.86]    86           62612.9438      62628.6410         0.025%         15.6972
[   93.57]    87           62612.9438      62628.6410         0.025%         15.6972
[   94.27]    88           62612.9438      62628.6410         0.025%         15.6972
[   94.95]    89           62612.9438      62628.6410         0.025%         15.6972
[   95.63]    90           62612.9438      62628.6410         0.025%         15.6972
[   96.31]    91           62612.9438      62628.6410         0.025%         15.6972
[   96.98]    92           62612.9438      62628.6410         0.025%         15.6972
[   97.66]    93           62612.9438      62628.6410         0.025%         15.6972
[   98.38]    94           62612.9438      62628.6410         0.025%         15.6972
[   99.04]    95           62612.9438      62628.6410         0.025%         15.6972
[   99.74]    96           62612.9438      62628.6410         0.025%         15.6972
[  100.44]    97           62612.9438      62628.6410         0.025%         15.6972
[  101.16]    98           62612.9438      62628.6410         0.025%         15.6972
[  101.86]    99           62612.9438      62628.6410         0.025%         15.6972
[  102.53]   100           62612.9438      62628.6410         0.025%         15.6972
[  102.53] Reached user-specified limit=100 on number of PH iterations
[  102.71] Hub algorithm PH complete, waiting for spoke finalization
[  103.19] Spoke XhatShuffleInnerBound finalized
[  108.53] Spoke LagrangianOuterBound finalized
[  108.53] Statistics at termination
[  108.53] Iter.           Best Bound  Best Incumbent      Rel. Gap        Abs. Gap
[  108.53]   100           62612.9438      62628.6410         0.025%         15.6972
[  108.53] Windows freed
