[    0.00] Initializing mpi-sppy
[    6.23] Initializing SPBase
[   11.37] Initializing PHBase
[   11.45] Starting spcomm.main()
[   11.63] Creating solvers
[   20.76] Entering solve loop in PHBase.Iter0
[   25.72] Iter.           Best Bound  Best Incumbent      Rel. Gap        Abs. Gap
[   25.72]     1  L X      62612.9438      62630.0683         0.027%         17.1245
[   27.66]     2  L        62612.9438      62630.0683         0.027%         17.1245
[   29.61]     3           62612.9438      62630.0683         0.027%         17.1245
[   31.61]     4           62612.9438      62630.0683         0.027%         17.1245
[   33.49]     5    X      62612.9438      62628.9532         0.026%         16.0094
[   35.39]     6    X      62612.9438      62628.6666         0.025%         15.7229
[   37.33]     7    X      62612.9438      62628.6410         0.025%         15.6972
[   38.21]     8           62612.9438      62628.6410         0.025%         15.6972
[   38.90]     9           62612.9438      62628.6410         0.025%         15.6972
[   39.58]    10           62612.9438      62628.6410         0.025%         15.6972
[   40.26]    11           62612.9438      62628.6410         0.025%         15.6972
[   40.85]    12           62612.9438      62628.6410         0.025%         15.6972
[   41.43]    13           62612.9438      62628.6410         0.025%         15.6972
[   42.03]    14           62612.9438      62628.6410         0.025%         15.6972
[   42.64]    15           62612.9438      62628.6410         0.025%         15.6972
[   43.22]    16           62612.9438      62628.6410         0.025%         15.6972
[   43.80]    17           62612.9438      62628.6410         0.025%         15.6972
[   44.40]    18           62612.9438      62628.6410         0.025%         15.6972
[   45.01]    19           62612.9438      62628.6410         0.025%         15.6972
[   45.68]    20           62612.9438      62628.6410         0.025%         15.6972
[   46.37]    21           62612.9438      62628.6410         0.025%         15.6972
[   47.07]    22           62612.9438      62628.6410         0.025%         15.6972
[   47.74]    23           62612.9438      62628.6410         0.025%         15.6972
[   48.42]    24           62612.9438      62628.6410         0.025%         15.6972
[   49.12]    25           62612.9438      62628.6410         0.025%         15.6972
[   49.78]    26           62612.9438      62628.6410         0.025%         15.6972
[   50.48]    27           62612.9438      62628.6410         0.025%         15.6972
[   51.18]    28           62612.9438      62628.6410         0.025%         15.6972
[   51.87]    29           62612.9438      62628.6410         0.025%         15.6972
[   52.56]    30           62612.9438      62628.6410         0.025%         15.6972
[   53.25]    31           62612.9438      62628.6410         0.025%         15.6972
[   53.94]    32           62612.9438      62628.6410         0.025%         15.6972
[   54.64]    33           62612.9438      62628.6410         0.025%         15.6972
[   55.32]    34           62612.9438      62628.6410         0.025%         15.6972
[   56.00]    35           62612.9438      62628.6410         0.025%         15.6972
[   56.71]    36           62612.9438      62628.6410         0.025%         15.6972
[   57.39]    37           62612.9438      62628.6410         0.025%         15.6972
[   58.06]    38           62612.9438      62628.6410         0.025%         15.6972
[   58.72]    39           62612.9438      62628.6410         0.025%         15.6972
[   59.41]    40           62612.9438      62628.6410         0.025%         15.6972
[   60.10]    41           62612.9438      62628.6410         0.025%         15.6972
[   60.78]    42           62612.9438      62628.6410         0.025%         15.6972
[   61.46]    43           62612.9438      62628.6410         0.025%         15.6972
[   62.15]    44           62612.9438      62628.6410         0.025%         15.6972
[   62.84]    45           62612.9438      62628.6410         0.025%         15.6972
[   63.52]    46           62612.9438      62628.6410         0.025%         15.6972
[   64.20]    47           62612.9438      62628.6410         0.025%         15.6972
[   64.90]    48           62612.9438      62628.6410         0.025%         15.6972
[   65.59]    49           62612.9438      62628.6410         0.025%         15.6972
[   66.29]    50           62612.9438      62628.6410         0.025%         15.6972
[   66.99]    51           62612.9438      62628.6410         0.025%         15.6972
[   67.67]    52           62612.9438      62628.6410         0.025%         15.6972
[   68.36]    53           62612.9438      62628.6410         0.025%         15.6972
[   69.06]    54           62612.9438      62628.6410         0.025%         15.6972
[   69.72]    55           62612.9438      62628.6410         0.025%         15.6972
[   70.41]    56           62612.9438      62628.6410         0.025%         15.6972
[   71.11]    57           62612.9438      62628.6410         0.025%         15.6972
[   71.81]    58           62612.9438      62628.6410         0.025%         15.6972
[   72.50]    59           62612.9438      62628.6410         0.025%         15.6972
[   73.20]    60           62612.9438      62628.6410         0.025%         15.6972
[   73.89]    61           62612.9438      62628.6410         0.025%         15.6972
[   74.59]    62           62612.9438      62628.6410         0.025%         15.6972
[   75.29]    63           62612.9438      62628.6410         0.025%         15.6972
[   75.98]    64           62612.9438      62628.6410         0.025%         15.6972
[   76.68]    65           62612.9438      62628.6410         0.025%         15.6972
[   77.37]    66           62612.9438      62628.6410         0.025%         15.6972
[   78.08]    67           62612.9438      62628.6410         0.025%         15.6972
[   78.76]    68           62612.9438      62628.6410         0.025%         15.6972
[   79.46]    69           62612.9438      62628.6410         0.025%         15.6972
[   80.13]    70           62612.9438      62628.6410         0.025%         15.6972
[   80.80]    71           62612.9438      62628.6410         0.025%         15.6972
[   81.46]    72           62612.9438      62628.6410         0.025%         15.6972
[   82.12]    73           62612.9438      62628.6410         0.025%         15.6972
[   82.78]    74           62612.9438      62628.6410         0.025%         15.6972
[   83.43]    75           62612.9438      62628.6410         0.025%         15.6972
[   84.10]    76           62612.9438      62628.6410         0.025%         15.6972
[   84.78]    77           62612.9438      62628.6410         0.025%         15.6972
[   85.46]    78           62612.9438      62628.6410         0.025%         15.6972
[   86.13]    79           62612.9438      62628.6410         0.025%         15.6972
[   86.82]    80           62612.9438      62628.6410         0.025%         15.6972
[   87.51]    81           62612.9438      62628.6410         0.025%         15.6972
[   88.20]    82           62612.9438      62628.6410         0.025%         15.6972
[   88.88]    83           62612.9438      62628.6410         0.025%         15.6972
[   89.56]    84           62612.9438      62628.6410         0.025%         15.6972
[   90.23]    85  F        62619.1260      62628.6410         0.015%          9.5150
[   90.91]    86           62619.1260      62628.6410         0.015%          9.5150
[   91.60]    87           62619.1260      62628.6410         0.015%          9.5150
[   92.30]    88           62619.1260      62628.6410         0.015%          9.5150
[   92.98]    89           62619.1260      62628.6410         0.015%          9.5150
[   93.66]    90           62619.1260      62628.6410         0.015%          9.5150
[   94.37]    91           62619.1260      62628.6410         0.015%          9.5150
[   95.05]    92           62619.1260      62628.6410         0.015%          9.5150
[   95.72]    93           62619.1260      62628.6410         0.015%          9.5150
[   96.41]    94  F        62624.3288      62628.6410         0.007%          4.3122
[   96.41] Terminating based on inter-cylinder relative gap        0.007%
[   96.41] Cylinder convergence
[   96.59] Hub algorithm PH complete, waiting for spoke finalization
[   96.72] Spoke XhatShuffleInnerBound finalized
[   99.52] Spoke LagrangianOuterBound finalized
[  119.83] Spoke FrankWolfeOuterBound finalized
[  119.83] Statistics at termination
[  119.83] Iter.           Best Bound  Best Incumbent      Rel. Gap        Abs. Gap
[  119.83]    94           62624.3288      62628.6410         0.007%          4.3122
[  119.83] Windows freed
