[    0.00] Initializing mpi-sppy
[   42.65] Initializing SPBase
[   48.27] Initializing PHBase
[   48.34] Starting spcomm.main()
[   48.52] Creating solvers
[   63.80] Entering solve loop in PHBase.Iter0
[   75.41] Iter.           Best Bound  Best Incumbent      Rel. Gap        Abs. Gap
[   75.41]     1  L X      47032.1824   41719107.1432     88603.320%   41672074.9608
[   78.55]     2    X      47032.1824      48944.0772         4.065%       1911.8948
[   82.33]     3    X      47032.1824      47142.3640         0.234%        110.1816
[   86.20]     4           47032.1824      47142.3640         0.234%        110.1816
[   89.54]     5    X      47032.1824      47117.3403         0.181%         85.1578
[   92.76]     6    X      47032.1824      47107.7723         0.161%         75.5899
[   95.52]     7           47032.1824      47107.7723         0.161%         75.5899
[   97.01]     8           47032.1824      47107.7723         0.161%         75.5899
[   98.21]     9           47032.1824      47107.7723         0.161%         75.5899
[   99.29]    10           47032.1824      47107.7723         0.161%         75.5899
[  100.37]    11           47032.1824      47107.7723         0.161%         75.5899
[  101.44]    12           47032.1824      47107.7723         0.161%         75.5899
[  102.28]    13           47032.1824      47107.7723         0.161%         75.5899
[  103.08]    14           47032.1824      47107.7723         0.161%         75.5899
[  103.78]    15           47032.1824      47107.7723         0.161%         75.5899
[  104.46]    16           47032.1824      47107.7723         0.161%         75.5899
[  105.15]    17           47032.1824      47107.7723         0.161%         75.5899
[  105.84]    18           47032.1824      47107.7723         0.161%         75.5899
[  106.54]    19           47032.1824      47107.7723         0.161%         75.5899
[  107.25]    20           47032.1824      47107.7723         0.161%         75.5899
[  107.95]    21           47032.1824      47107.7723         0.161%         75.5899
[  108.66]    22           47032.1824      47107.7723         0.161%         75.5899
[  109.37]    23           47032.1824      47107.7723         0.161%         75.5899
[  110.04]    24           47032.1824      47107.7723         0.161%         75.5899
[  110.73]    25           47032.1824      47107.7723         0.161%         75.5899
[  111.40]    26           47032.1824      47107.7723         0.161%         75.5899
[  112.07]    27           47032.1824      47107.7723         0.161%         75.5899
[  112.72]    28           47032.1824      47107.7723         0.161%         75.5899
[  113.39]    29           47032.1824      47107.7723         0.161%         75.5899
[  114.04]    30           47032.1824      47107.7723         0.161%         75.5899
[  114.72]    31           47032.1824      47107.7723         0.161%         75.5899
[  115.39]    32           47032.1824      47107.7723         0.161%         75.5899
[  116.07]    33           47032.1824      47107.7723         0.161%         75.5899
[  116.72]    34           47032.1824      47107.7723         0.161%         75.5899
[  117.40]    35           47032.1824      47107.7723         0.161%         75.5899
[  118.07]    36           47032.1824      47107.7723         0.161%         75.5899
[  118.74]    37           47032.1824      47107.7723         0.161%         75.5899
[  119.42]    38           47032.1824      47107.7723         0.161%         75.5899
[  120.08]    39           47032.1824      47107.7723         0.161%         75.5899
[  120.74]    40           47032.1824      47107.7723         0.161%         75.5899
[  121.40]    41           47032.1824      47107.7723         0.161%         75.5899
[  122.06]    42           47032.1824      47107.7723         0.161%         75.5899
[  122.73]    43           47032.1824      47107.7723         0.161%         75.5899
[  123.39]    44           47032.1824      47107.7723         0.161%         75.5899
[  124.04]    45           47032.1824      47107.7723         0.161%         75.5899
[  124.71]    46           47032.1824      47107.7723         0.161%         75.5899
[  125.38]    47           47032.1824      47107.7723         0.161%         75.5899
[  126.08]    48           47032.1824      47107.7723         0.161%         75.5899
[  126.77]    49           47032.1824      47107.7723         0.161%         75.5899
[  127.44]    50           47032.1824      47107.7723         0.161%         75.5899
[  128.09]    51    X      47032.1824      47096.6771         0.137%         64.4946
[  128.75]    52           47032.1824      47096.6771         0.137%         64.4946
[  129.41]    53           47032.1824      47096.6771         0.137%         64.4946
[  130.07]    54           47032.1824      47096.6771         0.137%         64.4946
[  130.72]    55           47032.1824      47096.6771         0.137%         64.4946
[  131.38]    56           47032.1824      47096.6771         0.137%         64.4946
[  132.05]    57           47032.1824      47096.6771         0.137%         64.4946
[  132.73]    58           47032.1824      47096.6771         0.137%         64.4946
[  133.41]    59           47032.1824      47096.6771         0.137%         64.4946
[  134.07]    60           47032.1824      47096.6771         0.137%         64.4946
[  134.71]    61    X      47032.1824      47092.9366         0.129%         60.7542
[  135.35]    62           47032.1824      47092.9366         0.129%         60.7542
[  136.01]    63           47032.1824      47092.9366         0.129%         60.7542
[  136.68]    64           47032.1824      47092.9366         0.129%         60.7542
[  137.34]    65           47032.1824      47092.9366         0.129%         60.7542
[  138.01]    66           47032.1824      47092.9366         0.129%         60.7542
[  138.70]    67           47032.1824      47092.9366         0.129%         60.7542
[  139.36]    68           47032.1824      47092.9366         0.129%         60.7542
[  140.01]    69           47032.1824      47092.9366         0.129%         60.7542
[  140.66]    70           47032.1824      47092.9366         0.129%         60.7542
[  141.31]    71           47032.1824      47092.9366         0.129%         60.7542
[  141.96]    72           47032.1824      47092.9366         0.129%         60.7542
[  142.62]    73           47032.1824      47092.9366         0.129%         60.7542
[  143.27]    74           47032.1824      47092.9366         0.129%         60.7542
[  143.96]    75           47032.1824      47092.9366         0.129%         60.7542
[  144.64]    76           47032.1824      47092.9366         0.129%         60.7542
[  145.31]    77           47032.1824      47092.9366         0.129%         60.7542
[  145.96]    78           47032.1824      47092.9366         0.129%         60.7542
[  146.60]    79           47032.1824      47092.9366         0.129%         60.7542
[  147.24]    80           47032.1824      47092.9366         0.129%         60.7542
[  147.89]    81           47032.1824      47092.9366         0.129%         60.7542
[  148.53]    82           47032.1824      47092.9366         0.129%         60.7542
[  149.18]    83           47032.1824      47092.9366         0.129%         60.7542
[  149.82]    84    X      47032.1824      47090.1768         0.123%         57.9944
[  150.49]    85           47032.1824      47090.1768         0.123%         57.9944
[  151.15]    86           47032.1824      47090.1768         0.123%         57.9944
[  151.79]    87           47032.1824      47090.1768         0.123%         57.9944
[  152.44]    88           47032.1824      47090.1768         0.123%         57.9944
[  153.07]    89           47032.1824      47090.1768         0.123%         57.9944
[  153.71]    90           47032.1824      47090.1768         0.123%         57.9944
[  154.37]    91           47032.1824      47090.1768         0.123%         57.9944
[  155.01]    92           47032.1824      47090.1768         0.123%         57.9944
[  155.69]    93           47032.1824      47090.1768         0.123%         57.9944
[  156.32]    94           47032.1824      47090.1768         0.123%         57.9944
[  156.98]    95           47032.1824      47090.1768         0.123%         57.9944
[  157.63]    96           47032.1824      47090.1768         0.123%         57.9944
[  158.28]    97           47032.1824      47090.1768         0.123%         57.9944
[  158.91]    98           47032.1824      47090.1768         0.123%         57.9944
[  159.55]    99           47032.1824      47090.1768         0.123%         57.9944
[  160.19]   100           47032.1824      47090.1768         0.123%         57.9944
[  160.19] Reached user-specified limit=100 on number of PH iterations
[  160.40] Hub algorithm PH complete, waiting for spoke finalization
[  160.86] Spoke XhatShuffleInnerBound finalized
[  169.15] Spoke LagrangianOuterBound finalized
[  189.01] Spoke FrankWolfeOuterBound finalized
[  189.01] Statistics at termination
[  189.01] Iter.           Best Bound  Best Incumbent      Rel. Gap        Abs. Gap
[  189.01]   100           47032.1824      47090.1768         0.123%         57.9944
[  189.01] Windows freed
