[    0.03] Initializing mpi-sppy
[   12.25] Initializing SPBase
[   17.58] Initializing PHBase
[   17.67] Starting spcomm.main()
[   17.85] Creating solvers
[   27.82] Entering solve loop in PHBase.Iter0
[   38.91] Iter.           Best Bound  Best Incumbent      Rel. Gap        Abs. Gap
[   38.91]     1  L X      46164.3741      46259.9370         0.207%         95.5629
[   41.85]     2           46164.3741      46259.9370         0.207%         95.5629
[   44.88]     3           46164.3741      46259.9370         0.207%         95.5629
[   47.82]     4           46164.3741      46259.9370         0.207%         95.5629
[   50.84]     5           46164.3741      46259.9370         0.207%         95.5629
[   53.69]     6           46164.3741      46259.9370         0.207%         95.5629
[   56.58]     7           46164.3741      46259.9370         0.207%         95.5629
[   58.10]     8           46164.3741      46259.9370         0.207%         95.5629
[   59.39]     9    X      46164.3741      46231.0004         0.144%         66.6263
[   60.52]    10           46164.3741      46231.0004         0.144%         66.6263
[   61.39]    11           46164.3741      46231.0004         0.144%         66.6263
[   62.04]    12           46164.3741      46231.0004         0.144%         66.6263
[   62.68]    13           46164.3741      46231.0004         0.144%         66.6263
[   63.31]    14    X      46164.3741      46230.9932         0.144%         66.6191
[   63.93]    15           46164.3741      46230.9932         0.144%         66.6191
[   64.56]    16           46164.3741      46230.9932         0.144%         66.6191
[   65.23]    17           46164.3741      46230.9932         0.144%         66.6191
[   65.87]    18           46164.3741      46230.9932         0.144%         66.6191
[   66.51]    19           46164.3741      46230.9932         0.144%         66.6191
[   67.15]    20           46164.3741      46230.9932         0.144%         66.6191
[   67.78]    21           46164.3741      46230.9932         0.144%         66.6191
[   68.41]    22           46164.3741      46230.9932         0.144%         66.6191
[   69.04]    23           46164.3741      46230.9932         0.144%         66.6191
[   69.68]    24           46164.3741      46230.9932         0.144%         66.6191
[   70.34]    25           46164.3741      46230.9932         0.144%         66.6191
[   70.98]    26           46164.3741      46230.9932         0.144%         66.6191
[   71.61]    27           46164.3741      46230.9932         0.144%         66.6191
[   72.25]    28           46164.3741      46230.9932         0.144%         66.6191
[   72.88]    29           46164.3741      46230.9932         0.144%         66.6191
[   73.52]    30           46164.3741      46230.9932         0.144%         66.6191
[   74.15]    31           46164.3741      46230.9932         0.144%         66.6191
[   74.78]    32           46164.3741      46230.9932         0.144%         66.6191
[   75.42]    33           46164.3741      46230.9932         0.144%         66.6191
[   76.06]    34           46164.3741      46230.9932         0.144%         66.6191
[   76.68]    35           46164.3741      46230.9932         0.144%         66.6191
[   77.35]    36           46164.3741      46230.9932         0.144%         66.6191
[   78.02]    37           46164.3741      46230.9932         0.144%         66.6191
[   78.66]    38           46164.3741      46230.9932         0.144%         66.6191
[   79.29]    39           46164.3741      46230.9932         0.144%         66.6191
[   79.91]    40           46164.3741      46230.9932         0.144%         66.6191
[   80.55]    41           46164.3741      46230.9932         0.144%         66.6191
[   81.28]    42           46164.3741      46230.9932         0.144%         66.6191
[   82.00]    43           46164.3741      46230.9932         0.144%         66.6191
[   82.72]    44           46164.3741      46230.9932         0.144%         66.6191
[   83.46]    45           46164.3741      46230.9932         0.144%         66.6191
[   84.22]    46           46164.3741      46230.9932         0.144%         66.6191
[   84.98]    47           46164.3741      46230.9932         0.144%         66.6191
[   85.71]    48           46164.3741      46230.9932         0.144%         66.6191
[   86.44]    49           46164.3741      46230.9932         0.144%         66.6191
[   87.18]    50           46164.3741      46230.9932         0.144%         66.6191
[   87.90]    51           46164.3741      46230.9932         0.144%         66.6191
[   88.62]    52           46164.3741      46230.9932         0.144%         66.6191
[   89.33]    53           46164.3741      46230.9932         0.144%         66.6191
[   90.06]    54           46164.3741      46230.9932         0.144%         66.6191
[   90.80]    55           46164.3741      46230.9932         0.144%         66.6191
[   91.53]    56           46164.3741      46230.9932         0.144%         66.6191
[   92.27]    57           46164.3741      46230.9932         0.144%         66.6191
[   93.00]    58           46164.3741      46230.9932         0.144%         66.6191
[   93.72]    59           46164.3741      46230.9932         0.144%         66.6191
[   94.43]    60           46164.3741      46230.9932         0.144%         66.6191
[   95.16]    61           46164.3741      46230.9932         0.144%         66.6191
[   95.88]    62           46164.3741      46230.9932         0.144%         66.6191
[   96.58]    63           46164.3741      46230.9932         0.144%         66.6191
[   97.29]    64           46164.3741      46230.9932         0.144%         66.6191
[   98.02]    65           46164.3741      46230.9932         0.144%         66.6191
[   98.74]    66           46164.3741      46230.9932         0.144%         66.6191
[   99.48]    67           46164.3741      46230.9932         0.144%         66.6191
[  100.22]    68           46164.3741      46230.9932         0.144%         66.6191
[  100.92]    69           46164.3741      46230.9932         0.144%         66.6191
[  101.63]    70           46164.3741      46230.9932         0.144%         66.6191
[  102.34]    71           46164.3741      46230.9932         0.144%         66.6191
[  103.06]    72           46164.3741      46230.9932         0.144%         66.6191
[  103.79]    73           46164.3741      46230.9932         0.144%         66.6191
[  104.51]    74           46164.3741      46230.9932         0.144%         66.6191
[  105.24]    75           46164.3741      46230.9932         0.144%         66.6191
[  105.96]    76           46164.3741      46230.9932         0.144%         66.6191
[  106.70]    77           46164.3741      46230.9932         0.144%         66.6191
[  107.42]    78           46164.3741      46230.9932         0.144%         66.6191
[  108.13]    79           46164.3741      46230.9932         0.144%         66.6191
[  108.85]    80           46164.3741      46230.9932         0.144%         66.6191
[  109.56]    81           46164.3741      46230.9932         0.144%         66.6191
[  110.27]    82           46164.3741      46230.9932         0.144%         66.6191
[  110.97]    83           46164.3741      46230.9932         0.144%         66.6191
[  111.67]    84           46164.3741      46230.9932         0.144%         66.6191
[  112.38]    85           46164.3741      46230.9932         0.144%         66.6191
[  113.10]    86           46164.3741      46230.9932         0.144%         66.6191
[  113.84]    87           46164.3741      46230.9932         0.144%         66.6191
[  114.57]    88           46164.3741      46230.9932         0.144%         66.6191
[  115.30]    89           46164.3741      46230.9932         0.144%         66.6191
[  116.02]    90           46164.3741      46230.9932         0.144%         66.6191
[  116.73]    91           46164.3741      46230.9932         0.144%         66.6191
[  117.43]    92           46164.3741      46230.9932         0.144%         66.6191
[  118.14]    93           46164.3741      46230.9932         0.144%         66.6191
[  118.83]    94           46164.3741      46230.9932         0.144%         66.6191
[  119.55]    95           46164.3741      46230.9932         0.144%         66.6191
[  120.27]    96           46164.3741      46230.9932         0.144%         66.6191
[  121.00]    97           46164.3741      46230.9932         0.144%         66.6191
[  121.73]    98           46164.3741      46230.9932         0.144%         66.6191
[  122.44]    99           46164.3741      46230.9932         0.144%         66.6191
[  123.15]   100           46164.3741      46230.9932         0.144%         66.6191
[  123.15] Reached user-specified limit=100 on number of PH iterations
[  123.30] Spoke XhatShuffleInnerBound finalized
[  123.34] Hub algorithm PH complete, waiting for spoke finalization
[  133.11] Spoke LagrangianOuterBound finalized
[  136.64] Spoke FrankWolfeOuterBound finalized
[  136.64] Statistics at termination
[  136.64] Iter.           Best Bound  Best Incumbent      Rel. Gap        Abs. Gap
[  136.64]   100           46164.3741      46230.9932         0.144%         66.6191
[  136.64] Windows freed
