[    0.00] Initializing mpi-sppy
[   20.87] Initializing SPBase
[   26.23] Initializing PHBase
[   26.34] Starting spcomm.main()
[   26.52] Creating solvers
[   36.24] Entering solve loop in PHBase.Iter0
[   46.96] Iter.           Best Bound  Best Incumbent      Rel. Gap        Abs. Gap
[   46.96]     1  L X      46726.2733      46835.6824         0.234%        109.4090
[   49.84]     2           46726.2733      46835.6824         0.234%        109.4090
[   53.20]     3           46726.2733      46835.6824         0.234%        109.4090
[   56.38]     4           46726.2733      46835.6824         0.234%        109.4090
[   59.21]     5           46726.2733      46835.6824         0.234%        109.4090
[   62.26]     6           46726.2733      46835.6824         0.234%        109.4090
[   65.54]     7           46726.2733      46835.6824         0.234%        109.4090
[   67.05]     8           46726.2733      46835.6824         0.234%        109.4090
[   68.44]     9           46726.2733      46835.6824         0.234%        109.4090
[   69.73]    10           46726.2733      46835.6824         0.234%        109.4090
[   70.84]    11           46726.2733      46835.6824         0.234%        109.4090
[   71.69]    12           46726.2733      46835.6824         0.234%        109.4090
[   72.41]    13    X      46726.2733      46790.4228         0.137%         64.1495
[   73.10]    14           46726.2733      46790.4228         0.137%         64.1495
[   73.77]    15           46726.2733      46790.4228         0.137%         64.1495
[   74.46]    16           46726.2733      46790.4228         0.137%         64.1495
[   75.14]    17           46726.2733      46790.4228         0.137%         64.1495
[   75.81]    18           46726.2733      46790.4228         0.137%         64.1495
[   76.46]    19           46726.2733      46790.4228         0.137%         64.1495
[   77.14]    20           46726.2733      46790.4228         0.137%         64.1495
[   77.81]    21           46726.2733      46790.4228         0.137%         64.1495
[   78.46]    22           46726.2733      46790.4228         0.137%         64.1495
[   79.11]    23           46726.2733      46790.4228         0.137%         64.1495
[   79.76]    24           46726.2733      46790.4228         0.137%         64.1495
[   80.40]    25           46726.2733      46790.4228         0.137%         64.1495
[   81.06]    26           46726.2733      46790.4228         0.137%         64.1495
[   81.73]    27           46726.2733      46790.4228         0.137%         64.1495
[   82.38]    28           46726.2733      46790.4228         0.137%         64.1495
[   83.05]    29           46726.2733      46790.4228         0.137%         64.1495
[   83.70]    30    X      46726.2733      46789.9529         0.136%         63.6795
[   84.34]    31           46726.2733      46789.9529         0.136%         63.6795
[   84.97]    32           46726.2733      46789.9529         0.136%         63.6795
[   85.60]    33           46726.2733      46789.9529         0.136%         63.6795
[   86.24]    34           46726.2733      46789.9529         0.136%         63.6795
[   86.89]    35           46726.2733      46789.9529         0.136%         63.6795
[   87.53]    36           46726.2733      46789.9529         0.136%         63.6795
[   88.20]    37           46726.2733      46789.9529         0.136%         63.6795
[   88.86]    38           46726.2733      46789.9529         0.136%         63.6795
[   89.51]    39           46726.2733      46789.9529         0.136%         63.6795
[   90.14]    40           46726.2733      46789.9529         0.136%         63.6795
[   90.77]    41           46726.2733      46789.9529         0.136%         63.6795
[   91.43]    42           46726.2733      46789.9529         0.136%         63.6795
[   92.07]    43           46726.2733      46789.9529         0.136%         63.6795
[   92.71]    44           46726.2733      46789.9529         0.136%         63.6795
[   93.37]    45           46726.2733      46789.9529         0.136%         63.6795
[   94.03]    46           46726.2733      46789.9529         0.136%         63.6795
[   94.67]    47           46726.2733      46789.9529         0.136%         63.6795
[   95.30]    48           46726.2733      46789.9529         0.136%         63.6795
[   95.95]    49           46726.2733      46789.9529         0.136%         63.6795
[   96.60]    50           46726.2733      46789.9529         0.136%         63.6795
[   97.23]    51           46726.2733      46789.9529         0.136%         63.6795
[   97.87]    52           46726.2733      46789.9529         0.136%         63.6795
[   98.51]    53           46726.2733      46789.9529         0.136%         63.6795
[   99.18]    54           46726.2733      46789.9529         0.136%         63.6795
[   99.84]    55           46726.2733      46789.9529         0.136%         63.6795
[  100.47]    56           46726.2733      46789.9529         0.136%         63.6795
[  101.10]    57           46726.2733      46789.9529         0.136%         63.6795
[  101.73]    58           46726.2733      46789.9529         0.136%         63.6795
[  102.36]    59           46726.2733      46789.9529         0.136%         63.6795
[  103.00]    60    X      46726.2733      46786.9780         0.130%         60.7047
[  103.64]    61           46726.2733      46786.9780         0.130%         60.7047
[  104.29]    62           46726.2733      46786.9780         0.130%         60.7047
[  104.95]    63           46726.2733      46786.9780         0.130%         60.7047
[  105.59]    64           46726.2733      46786.9780         0.130%         60.7047
[  106.22]    65           46726.2733      46786.9780         0.130%         60.7047
[  106.85]    66           46726.2733      46786.9780         0.130%         60.7047
[  107.47]    67           46726.2733      46786.9780         0.130%         60.7047
[  108.10]    68           46726.2733      46786.9780         0.130%         60.7047
[  108.73]    69           46726.2733      46786.9780         0.130%         60.7047
[  109.36]    70           46726.2733      46786.9780         0.130%         60.7047
[  110.02]    71           46726.2733      46786.9780         0.130%         60.7047
[  110.68]    72           46726.2733      46786.9780         0.130%         60.7047
[  111.31]    73           46726.2733      46786.9780         0.130%         60.7047
[  111.94]    74           46726.2733      46786.9780         0.130%         60.7047
[  112.66]    75           46726.2733      46786.9780         0.130%         60.7047
[  113.37]    76           46726.2733      46786.9780         0.130%         60.7047
[  114.11]    77           46726.2733      46786.9780         0.130%         60.7047
[  114.84]    78           46726.2733      46786.9780         0.130%         60.7047
[  115.59]    79           46726.2733      46786.9780         0.130%         60.7047
[  116.35]    80           46726.2733      46786.9780         0.130%         60.7047
[  117.07]    81           46726.2733      46786.9780         0.130%         60.7047
[  117.80]    82           46726.2733      46786.9780         0.130%         60.7047
[  118.52]    83           46726.2733      46786.9780         0.130%         60.7047
[  119.25]    84           46726.2733      46786.9780         0.130%         60.7047
[  119.96]    85           46726.2733      46786.9780         0.130%         60.7047
[  120.70]    86           46726.2733      46786.9780         0.130%         60.7047
[  121.44]    87           46726.2733      46786.9780         0.130%         60.7047
[  122.16]    88           46726.2733      46786.9780         0.130%         60.7047
[  122.88]    89           46726.2733      46786.9780         0.130%         60.7047
[  123.59]    90           46726.2733      46786.9780         0.130%         60.7047
[  124.31]    91           46726.2733      46786.9780         0.130%         60.7047
[  125.03]    92           46726.2733      46786.9780         0.130%         60.7047
[  125.75]    93           46726.2733      46786.9780         0.130%         60.7047
[  126.48]    94           46726.2733      46786.9780         0.130%         60.7047
[  127.21]    95           46726.2733      46786.9780         0.130%         60.7047
[  127.92]    96           46726.2733      46786.9780         0.130%         60.7047
[  128.64]    97           46726.2733      46786.9780         0.130%         60.7047
[  129.35]    98           46726.2733      46786.9780         0.130%         60.7047
[  130.09]    99           46726.2733      46786.9780         0.130%         60.7047
[  130.81]   100           46726.2733      46786.9780         0.130%         60.7047
[  130.81] Reached user-specified limit=100 on number of PH iterations
[  131.00] Hub algorithm PH complete, waiting for spoke finalization
[  131.05] Spoke XhatShuffleInnerBound finalized
[  141.75] Spoke LagrangianOuterBound finalized
[  152.03] Spoke FrankWolfeOuterBound finalized
[  152.04] Statistics at termination
[  152.04] Iter.           Best Bound  Best Incumbent      Rel. Gap        Abs. Gap
[  152.04]   100           46726.2733      46786.9780         0.130%         60.7047
[  152.04] Windows freed
