[    0.00] Initializing mpi-sppy
[   26.24] Initializing SPBase
[   31.67] Initializing PHBase
[   31.74] Starting spcomm.main()
[   31.91] Creating solvers
[   41.90] Entering solve loop in PHBase.Iter0
[   54.31] Iter.           Best Bound  Best Incumbent      Rel. Gap        Abs. Gap
[   54.31]     1  L X      46858.9120    6222267.1473     13178.727%    6175408.2353
[   57.55]     2    X      46858.9120     350710.5661       648.439%     303851.6541
[   61.14]     3    X      46858.9120      47347.1631         1.042%        488.2511
[   64.18]     4    X      46858.9120      47341.0282         1.029%        482.1162
[   66.98]     5    X      46858.9120      47073.9799         0.459%        215.0679
[   69.86]     6           46858.9120      47073.9799         0.459%        215.0679
[   72.64]     7           46858.9120      47073.9799         0.459%        215.0679
[   73.95]     8           46858.9120      47073.9799         0.459%        215.0679
[   75.11]     9           46858.9120      47073.9799         0.459%        215.0679
[   76.35]    10           46858.9120      47073.9799         0.459%        215.0679
[   77.36]    11           46858.9120      47073.9799         0.459%        215.0679
[   78.16]    12    X      46858.9120      46962.5017         0.221%        103.5898
[   78.93]    13           46858.9120      46962.5017         0.221%        103.5898
[   79.62]    14           46858.9120      46962.5017         0.221%        103.5898
[   80.30]    15           46858.9120      46962.5017         0.221%        103.5898
[   80.96]    16           46858.9120      46962.5017         0.221%        103.5898
[   81.63]    17           46858.9120      46962.5017         0.221%        103.5898
[   82.30]    18    X      46858.9120      46921.2248         0.133%         62.3128
[   82.96]    19           46858.9120      46921.2248         0.133%         62.3128
[   83.63]    20    X      46858.9120      46918.4352         0.127%         59.5233
[   84.33]    21           46858.9120      46918.4352         0.127%         59.5233
[   85.00]    22           46858.9120      46918.4352         0.127%         59.5233
[   85.68]    23           46858.9120      46918.4352         0.127%         59.5233
[   86.37]    24           46858.9120      46918.4352         0.127%         59.5233
[   87.06]    25           46858.9120      46918.4352         0.127%         59.5233
[   87.74]    26           46858.9120      46918.4352         0.127%         59.5233
[   88.42]    27           46858.9120      46918.4352         0.127%         59.5233
[   89.08]    28           46858.9120      46918.4352         0.127%         59.5233
[   89.74]    29           46858.9120      46918.4352         0.127%         59.5233
[   90.40]    30           46858.9120      46918.4352         0.127%         59.5233
[   91.08]    31           46858.9120      46918.4352         0.127%         59.5233
[   91.75]    32           46858.9120      46918.4352         0.127%         59.5233
[   92.43]    33           46858.9120      46918.4352         0.127%         59.5233
[   93.12]    34           46858.9120      46918.4352         0.127%         59.5233
[   93.81]    35           46858.9120      46918.4352         0.127%         59.5233
[   94.48]    36           46858.9120      46918.4352         0.127%         59.5233
[   95.16]    37           46858.9120      46918.4352         0.127%         59.5233
[   95.81]    38           46858.9120      46918.4352         0.127%         59.5233
[   96.47]    39           46858.9120      46918.4352         0.127%         59.5233
[   97.13]    40           46858.9120      46918.4352         0.127%         59.5233
[   97.79]    41           46858.9120      46918.4352         0.127%         59.5233
[   98.46]    42           46858.9120      46918.4352         0.127%         59.5233
[   99.14]    43           46858.9120      46918.4352         0.127%         59.5233
[   99.83]    44           46858.9120      46918.4352         0.127%         59.5233
[  100.50]    45           46858.9120      46918.4352         0.127%         59.5233
[  101.17]    46           46858.9120      46918.4352         0.127%         59.5233
[  101.84]    47           46858.9120      46918.4352         0.127%         59.5233
[  102.51]    48           46858.9120      46918.4352         0.127%         59.5233
[  103.17]    49           46858.9120      46918.4352         0.127%         59.5233
[  103.82]    50           46858.9120      46918.4352         0.127%         59.5233
[  104.48]    51           46858.9120      46918.4352         0.127%         59.5233
[  105.14]    52           46858.9120      46918.4352         0.127%         59.5233
[  105.80]    53           46858.9120      46918.4352         0.127%         59.5233
[  106.48]    54           46858.9120      46918.4352         0.127%         59.5233
[  107.14]    55           46858.9120      46918.4352         0.127%         59.5233
[  107.79]    56           46858.9120      46918.4352         0.127%         59.5233
[  108.45]    57           46858.9120      46918.4352         0.127%         59.5233
[  109.10]    58           46858.9120      46918.4352         0.127%         59.5233
[  109.75]    59           46858.9120      46918.4352         0.127%         59.5233
[  110.41]    60           46858.9120      46918.4352         0.127%         59.5233
[  111.05]    61           46858.9120      46918.4352         0.127%         59.5233
[  111.74]    62           46858.9120      46918.4352         0.127%         59.5233
[  112.42]    63           46858.9120      46918.4352         0.127%         59.5233
[  113.08]    64           46858.9120      46918.4352         0.127%         59.5233
[  113.76]    65           46858.9120      46918.4352         0.127%         59.5233
[  114.42]    66           46858.9120      46918.4352         0.127%         59.5233
[  115.06]    67           46858.9120      46918.4352         0.127%         59.5233
[  115.71]    68           46858.9120      46918.4352         0.127%         59.5233
[  116.37]    69           46858.9120      46918.4352         0.127%         59.5233
[  117.04]    70           46858.9120      46918.4352         0.127%         59.5233
[  117.72]    71           46858.9120      46918.4352         0.127%         59.5233
[  118.39]    72           46858.9120      46918.4352         0.127%         59.5233
[  119.04]    73           46858.9120      46918.4352         0.127%         59.5233
[  119.69]    74           46858.9120      46918.4352         0.127%         59.5233
[  120.33]    75           46858.9120      46918.4352         0.127%         59.5233
[  120.98]    76           46858.9120      46918.4352         0.127%         59.5233
[  121.63]    77           46858.9120      46918.4352         0.127%         59.5233
[  122.29]    78           46858.9120      46918.4352         0.127%         59.5233
[  122.97]    79           46858.9120      46918.4352         0.127%         59.5233
[  123.63]    80           46858.9120      46918.4352         0.127%         59.5233
[  124.29]    81           46858.9120      46918.4352         0.127%         59.5233
[  124.93]    82           46858.9120      46918.4352         0.127%         59.5233
[  125.58]    83           46858.9120      46918.4352         0.127%         59.5233
[  126.21]    84           46858.9120      46918.4352         0.127%         59.5233
[  126.85]    85           46858.9120      46918.4352         0.127%         59.5233
[  127.50]    86           46858.9120      46918.4352         0.127%         59.5233
[  128.14]    87           46858.9120      46918.4352         0.127%         59.5233
[  128.80]    88           46858.9120      46918.4352         0.127%         59.5233
[  129.46]    89           46858.9120      46918.4352         0.127%         59.5233
[  130.12]    90           46858.9120      46918.4352         0.127%         59.5233
[  130.75]    91           46858.9120      46918.4352         0.127%         59.5233
[  131.39]    92           46858.9120      46918.4352         0.127%         59.5233
[  132.02]    93           46858.9120      46918.4352         0.127%         59.5233
[  132.66]    94           46858.9120      46918.4352         0.127%         59.5233
[  133.30]    95           46858.9120      46918.4352         0.127%         59.5233
[  133.94]    96           46858.9120      46918.4352         0.127%         59.5233
[  134.61]    97           46858.9120      46918.4352         0.127%         59.5233
[  135.27]    98           46858.9120      46918.4352         0.127%         59.5233
[  135.93]    99           46858.9120      46918.4352         0.127%         59.5233
[  136.56]   100           46858.9120      46918.4352         0.127%         59.5233
[  136.56] Reached user-specified limit=100 on number of PH iterations
[  136.66] Spoke XhatShuffleInnerBound finalized
[  136.75] Hub algorithm PH complete, waiting for spoke finalization
[  146.54] Spoke LagrangianOuterBound finalized
[  164.93] Spoke FrankWolfeOuterBound finalized
[  164.93] Statistics at termination
[  164.93] Iter.           Best Bound  Best Incumbent      Rel. Gap        Abs. Gap
[  164.93]   100           46858.9120      46918.4352         0.127%         59.5233
[  164.93] Windows freed
