[    0.01] Initializing mpi-sppy
[   14.05] Initializing SPBase
[   19.44] Initializing PHBase
[   19.52] Starting spcomm.main()
[   19.69] Creating solvers
[   29.06] Entering solve loop in PHBase.Iter0
[   36.87] Iter.           Best Bound  Best Incumbent      Rel. Gap        Abs. Gap
[   36.87]     1  * X      61075.4478      61118.8359         0.071%         43.3881
[   40.43]     2    X      61075.4478      61117.8231         0.069%         42.3753
[   42.98]     3           61075.4478      61117.8231         0.069%         42.3753
[   46.11]     4    X      61075.4478      61117.0246         0.068%         41.5767
[   48.60]     5    X      61075.4478      61116.5817         0.067%         41.1339
[   50.94]     6           61075.4478      61116.5817         0.067%         41.1339
[   53.27]     7    X      61075.4478      61116.5247         0.067%         41.0769
[   54.29]     8           61075.4478      61116.5247         0.067%         41.0769
[   55.08]     9           61075.4478      61116.5247         0.067%         41.0769
[   55.83]    10           61075.4478      61116.5247         0.067%         41.0769
[   56.51]    11           61075.4478      61116.5247         0.067%         41.0769
[   57.15]    12           61075.4478      61116.5247         0.067%         41.0769
[   57.81]    13           61075.4478      61116.5247         0.067%         41.0769
[   58.45]    14           61075.4478      61116.5247         0.067%         41.0769
[   59.08]    15           61075.4478      61116.5247         0.067%         41.0769
[   59.69]    16           61075.4478      61116.5247         0.067%         41.0769
[   60.31]    17           61075.4478      61116.5247         0.067%         41.0769
[   60.95]    18           61075.4478      61116.5247         0.067%         41.0769
[   61.58]    19           61075.4478      61116.5247         0.067%         41.0769
[   62.25]    20           61075.4478      61116.5247         0.067%         41.0769
[   62.88]    21           61075.4478      61116.5247         0.067%         41.0769
[   63.49]    22           61075.4478      61116.5247         0.067%         41.0769
[   64.13]    23           61075.4478      61116.5247         0.067%         41.0769
[   64.75]    24           61075.4478      61116.5247         0.067%         41.0769
[   65.39]    25           61075.4478      61116.5247         0.067%         41.0769
[   66.03]    26           61075.4478      61116.5247         0.067%         41.0769
[   66.66]    27           61075.4478      61116.5247         0.067%         41.0769
[   67.38]    28           61075.4478      61116.5247         0.067%         41.0769
[   68.11]    29           61075.4478      61116.5247         0.067%         41.0769
[   68.82]    30           61075.4478      61116.5247         0.067%         41.0769
[   69.57]    31           61075.4478      61116.5247         0.067%         41.0769
[   70.29]    32           61075.4478      61116.5247         0.067%         41.0769
[   71.00]    33           61075.4478      61116.5247         0.067%         41.0769
[   71.73]    34           61075.4478      61116.5247         0.067%         41.0769
[   72.46]    35           61075.4478      61116.5247         0.067%         41.0769
[   73.21]    36           61075.4478      61116.5247         0.067%         41.0769
[   73.92]    37           61075.4478      61116.5247         0.067%         41.0769
[   74.63]    38           61075.4478      61116.5247         0.067%         41.0769
[   75.35]    39           61075.4478      61116.5247         0.067%         41.0769
[   76.07]    40           61075.4478      61116.5247         0.067%         41.0769
[   76.81]    41           61075.4478      61116.5247         0.067%         41.0769
[   77.54]    42           61075.4478      61116.5247         0.067%         41.0769
[   78.26]    43           61075.4478      61116.5247         0.067%         41.0769
[   79.00]    44           61075.4478      61116.5247         0.067%         41.0769
[   79.75]    45           61075.4478      61116.5247         0.067%         41.0769
[   80.51]    46           61075.4478      61116.5247         0.067%         41.0769
[   81.24]    47           61075.4478      61116.5247         0.067%         41.0769
[   81.97]    48           61075.4478      61116.5247         0.067%         41.0769
[   82.71]    49           61075.4478      61116.5247         0.067%         41.0769
[   83.45]    50           61075.4478      61116.5247         0.067%         41.0769
[   84.18]    51           61075.4478      61116.5247         0.067%         41.0769
[   84.88]    52           61075.4478      61116.5247         0.067%         41.0769
[   85.61]    53           61075.4478      61116.5247         0.067%         41.0769
[   86.32]    54           61075.4478      61116.5247         0.067%         41.0769
[   87.07]    55           61075.4478      61116.5247         0.067%         41.0769
[   87.81]    56           61075.4478      61116.5247         0.067%         41.0769
[   88.52]    57           61075.4478      61116.5247         0.067%         41.0769
[   89.27]    58           61075.4478      61116.5247         0.067%         41.0769
[   89.99]    59           61075.4478      61116.5247         0.067%         41.0769
[   90.74]    60           61075.4478      61116.5247         0.067%         41.0769
[   91.49]    61           61075.4478      61116.5247         0.067%         41.0769
[   92.21]    62           61075.4478      61116.5247         0.067%         41.0769
[   92.95]    63           61075.4478      61116.5247         0.067%         41.0769
[   93.68]    64           61075.4478      61116.5247         0.067%         41.0769
[   94.44]    65           61075.4478      61116.5247         0.067%         41.0769
[   95.19]    66           61075.4478      61116.5247         0.067%         41.0769
[   95.93]    67           61075.4478      61116.5247         0.067%         41.0769
[   96.67]    68           61075.4478      61116.5247         0.067%         41.0769
[   97.37]    69           61075.4478      61116.5247         0.067%         41.0769
[   98.11]    70           61075.4478      61116.5247         0.067%         41.0769
[   98.84]    71           61075.4478      61116.5247         0.067%         41.0769
[   99.56]    72           61075.4478      61116.5247         0.067%         41.0769
[  100.29]    73           61075.4478      61116.5247         0.067%         41.0769
[  100.99]    74           61075.4478      61116.5247         0.067%         41.0769
[  101.73]    75           61075.4478      61116.5247         0.067%         41.0769
[  102.46]    76           61075.4478      61116.5247         0.067%         41.0769
[  103.18]    77           61075.4478      61116.5247         0.067%         41.0769
[  103.92]    78           61075.4478      61116.5247         0.067%         41.0769
[  104.66]    79           61075.4478      61116.5247         0.067%         41.0769
[  105.40]    80           61075.4478      61116.5247         0.067%         41.0769
[  106.16]    81           61075.4478      61116.5247         0.067%         41.0769
[  106.87]    82           61075.4478      61116.5247         0.067%         41.0769
[  107.61]    83           61075.4478      61116.5247         0.067%         41.0769
[  108.35]    84           61075.4478      61116.5247         0.067%         41.0769
[  109.10]    85           61075.4478      61116.5247         0.067%         41.0769
[  109.85]    86           61075.4478      61116.5247         0.067%         41.0769
[  110.57]    87           61075.4478      61116.5247         0.067%         41.0769
[  111.32]    88           61075.4478      61116.5247         0.067%         41.0769
[  112.06]    89           61075.4478      61116.5247         0.067%         41.0769
[  112.81]    90           61075.4478      61116.5247         0.067%         41.0769
[  113.54]    91           61075.4478      61116.5247         0.067%         41.0769
[  114.26]    92           61075.4478      61116.5247         0.067%         41.0769
[  115.00]    93           61075.4478      61116.5247         0.067%         41.0769
[  115.72]    94           61075.4478      61116.5247         0.067%         41.0769
[  116.46]    95           61075.4478      61116.5247         0.067%         41.0769
[  117.19]    96           61075.4478      61116.5247         0.067%         41.0769
[  117.91]    97           61075.4478      61116.5247         0.067%         41.0769
[  118.64]    98           61075.4478      61116.5247         0.067%         41.0769
[  119.37]    99           61075.4478      61116.5247         0.067%         41.0769
[  120.11]   100           61075.4478      61116.5247         0.067%         41.0769
[  120.11] Reached user-specified limit=100 on number of PH iterations
[  120.29] Hub algorithm PH complete, waiting for spoke finalization
[  120.46] Spoke XhatShuffleInnerBound finalized
[  125.10] Spoke LagrangianOuterBound finalized
[  125.10] Statistics at termination
[  125.10] Iter.           Best Bound  Best Incumbent      Rel. Gap        Abs. Gap
[  125.10]   100           61075.4478      61116.5247         0.067%         41.0769
[  125.10] Windows freed
