[    0.00] Initializing mpi-sppy
[   16.13] Initializing SPBase
[   21.50] Initializing PHBase
[   21.59] Starting spcomm.main()
[   21.76] Creating solvers
[   31.47] Entering solve loop in PHBase.Iter0
[   38.99] Iter.           Best Bound  Best Incumbent      Rel. Gap        Abs. Gap
[   38.99]     1  L X      61075.4478      61118.8359         0.071%         43.3881
[   42.47]     2           61075.4478      61118.8359         0.071%         43.3881
[   44.96]     3           61075.4478      61118.8359         0.071%         43.3881
[   48.53]     4           61075.4478      61118.8359         0.071%         43.3881
[   50.98]     5    X      61075.4478      61116.5897         0.067%         41.1419
[   53.34]     6    X      61075.4478      61116.5040         0.067%         41.0562
[   55.75]     7           61075.4478      61116.5040         0.067%         41.0562
[   56.79]     8           61075.4478      61116.5040         0.067%         41.0562
[   57.59]     9           61075.4478      61116.5040         0.067%         41.0562
[   58.35]    10           61075.4478      61116.5040         0.067%         41.0562
[   59.05]    11           61075.4478      61116.5040         0.067%         41.0562
[   59.73]    12           61075.4478      61116.5040         0.067%         41.0562
[   60.38]    13           61075.4478      61116.5040         0.067%         41.0562
[   61.02]    14           61075.4478      61116.5040         0.067%         41.0562
[   61.64]    15           61075.4478      61116.5040         0.067%         41.0562
[   62.28]    16           61075.4478      61116.5040         0.067%         41.0562
[   62.90]    17           61075.4478      61116.5040         0.067%         41.0562
[   63.55]    18           61075.4478      61116.5040         0.067%         41.0562
[   64.21]    19           61075.4478      61116.5040         0.067%         41.0562
[   64.86]    20           61075.4478      61116.5040         0.067%         41.0562
[   65.49]    21           61075.4478      61116.5040         0.067%         41.0562
[   66.13]    22           61075.4478      61116.5040         0.067%         41.0562
[   66.76]    23           61075.4478      61116.5040         0.067%         41.0562
[   67.39]    24           61075.4478      61116.5040         0.067%         41.0562
[   68.04]    25           61075.4478      61116.5040         0.067%         41.0562
[   68.69]    26           61075.4478      61116.5040         0.067%         41.0562
[   69.33]    27           61075.4478      61116.5040         0.067%         41.0562
[   70.06]    28           61075.4478      61116.5040         0.067%         41.0562
[   70.79]    29           61075.4478      61116.5040         0.067%         41.0562
[   71.54]    30           61075.4478      61116.5040         0.067%         41.0562
[   72.28]    31           61075.4478      61116.5040         0.067%         41.0562
[   73.00]    32           61075.4478      61116.5040         0.067%         41.0562
[   73.72]    33           61075.4478      61116.5040         0.067%         41.0562
[   74.44]    34           61075.4478      61116.5040         0.067%         41.0562
[   75.17]    35           61075.4478      61116.5040         0.067%         41.0562
[   75.92]    36           61075.4478      61116.5040         0.067%         41.0562
[   76.67]    37           61075.4478      61116.5040         0.067%         41.0562
[   77.39]    38           61075.4478      61116.5040         0.067%         41.0562
[   78.10]    39           61075.4478      61116.5040         0.067%         41.0562
[   78.83]    40           61075.4478      61116.5040         0.067%         41.0562
[   79.55]    41           61075.4478      61116.5040         0.067%         41.0562
[   80.29]    42           61075.4478      61116.5040         0.067%         41.0562
[   81.04]    43           61075.4478      61116.5040         0.067%         41.0562
[   81.75]    44           61075.4478      61116.5040         0.067%         41.0562
[   82.45]    45           61075.4478      61116.5040         0.067%         41.0562
[   83.20]    46           61075.4478      61116.5040         0.067%         41.0562
[   83.91]    47           61075.4478      61116.5040         0.067%         41.0562
[   84.69]    48           61075.4478      61116.5040         0.067%         41.0562
[   85.44]    49           61075.4478      61116.5040         0.067%         41.0562
[   86.16]    50           61075.4478      61116.5040         0.067%         41.0562
[   86.87]    51           61075.4478      61116.5040         0.067%         41.0562
[   87.59]    52           61075.4478      61116.5040         0.067%         41.0562
[   88.30]    53           61075.4478      61116.5040         0.067%         41.0562
[   89.03]    54           61075.4478      61116.5040         0.067%         41.0562
[   89.76]    55           61075.4478      61116.5040         0.067%         41.0562
[   90.47]    56           61075.4478      61116.5040         0.067%         41.0562
[   91.16]    57           61075.4478      61116.5040         0.067%         41.0562
[   91.86]    58           61075.4478      61116.5040         0.067%         41.0562
[   92.56]    59           61075.4478      61116.5040         0.067%         41.0562
[   93.29]    60           61075.4478      61116.5040         0.067%         41.0562
[   94.03]    61           61075.4478      61116.5040         0.067%         41.0562
[   94.74]    62           61075.4478      61116.5040         0.067%         41.0562
[   95.45]    63           61075.4478      61116.5040         0.067%         41.0562
[   96.18]    64           61075.4478      61116.5040         0.067%         41.0562
[   96.88]    65           61075.4478      61116.5040         0.067%         41.0562
[   97.62]    66           61075.4478      61116.5040         0.067%         41.0562
[   98.33]    67           61075.4478      61116.5040         0.067%         41.0562
[   99.03]    68           61075.4478      61116.5040         0.067%         41.0562
[   99.73]    69           61075.4478      61116.5040         0.067%         41.0562
[  100.45]    70           61075.4478      61116.5040         0.067%         41.0562
[  101.16]    71           61075.4478      61116.5040         0.067%         41.0562
[  101.90]    72           61075.4478      61116.5040         0.067%         41.0562
[  102.65]    73           61075.4478      61116.5040         0.067%         41.0562
[  103.37]    74           61075.4478      61116.5040         0.067%         41.0562
[  104.08]    75           61075.4478      61116.5040         0.067%         41.0562
[  104.81]    76           61075.4478      61116.5040         0.067%         41.0562
[  105.53]    77           61075.4478      61116.5040         0.067%         41.0562
[  106.29]    78           61075.4478      61116.5040         0.067%         41.0562
[  107.03]    79           61075.4478      61116.5040         0.067%         41.0562
[  107.75]    80           61075.4478      61116.5040         0.067%         41.0562
[  108.48]    81           61075.4478      61116.5040         0.067%         41.0562
[  109.20]    82           61075.4478      61116.5040         0.067%         41.0562
[  109.95]    83           61075.4478      61116.5040         0.067%         41.0562
[  110.70]    84           61075.4478      61116.5040         0.067%         41.0562
[  111.44]    85           61075.4478      61116.5040         0.067%         41.0562
[  112.14]    86           61075.4478      61116.5040         0.067%         41.0562
[  112.86]    87           61075.4478      61116.5040         0.067%         41.0562
[  113.59]    88           61075.4478      61116.5040         0.067%         41.0562
[  114.36]    89           61075.4478      61116.5040         0.067%         41.0562
[  115.11]    90           61075.4478      61116.5040         0.067%         41.0562
[  115.84]    91           61075.4478      61116.5040         0.067%         41.0562
[  116.57]    92           61075.4478      61116.5040         0.067%         41.0562
[  117.31]    93           61075.4478      61116.5040         0.067%         41.0562
[  118.06]    94           61075.4478      61116.5040         0.067%         41.0562
[  118.81]    95           61075.4478      61116.5040         0.067%         41.0562
[  119.58]    96           61075.4478      61116.5040         0.067%         41.0562
[  120.33]    97           61075.4478      61116.5040         0.067%         41.0562
[  121.04]    98           61075.4478      61116.5040         0.067%         41.0562
[  121.76]    99           61075.4478      61116.5040         0.067%         41.0562
[  122.50]   100           61075.4478      61116.5040         0.067%         41.0562
[  122.50] Reached user-specified limit=100 on number of PH iterations
[  122.63] Spoke XhatShuffleInnerBound finalized
[  122.69] Hub algorithm PH complete, waiting for spoke finalization
[  129.52] Spoke LagrangianOuterBound finalized
[  164.18] Spoke FrankWolfeOuterBound finalized
[  164.18] Statistics at termination
[  164.18] Iter.           Best Bound  Best Incumbent      Rel. Gap        Abs. Gap
[  164.18]   100  F        61096.8018      61116.5040         0.032%         19.7022
[  164.18] Windows freed
