[    0.00] Initializing mpi-sppy
[    6.43] Initializing SPBase
[   11.61] Initializing PHBase
[   11.73] Starting spcomm.main()
[   11.90] Creating solvers
[   21.18] Entering solve loop in PHBase.Iter0
[   27.63] Iter.           Best Bound  Best Incumbent      Rel. Gap        Abs. Gap
[   27.63]     1  L X      61349.1726  158140641.1974    257671.433%  158079292.0247
[   29.88]     2  L X      61349.1726      61436.8146         0.143%         87.6420
[   32.27]     3    X      61349.1726      61410.6111         0.100%         61.4385
[   34.82]     4    X      61349.1726      61385.4044         0.059%         36.2318
[   37.30]     5           61349.1726      61385.4044         0.059%         36.2318
[   39.51]     6           61349.1726      61385.4044         0.059%         36.2318
[   41.71]     7           61349.1726      61385.4044         0.059%         36.2318
[   42.65]     8           61349.1726      61385.4044         0.059%         36.2318
[   43.38]     9           61349.1726      61385.4044         0.059%         36.2318
[   44.10]    10    X      61349.1726      61384.7767         0.058%         35.6041
[   44.82]    11    X      61349.1726      61384.4108         0.057%         35.2381
[   45.57]    12    X      61349.1726      61384.1869         0.057%         35.0143
[   46.25]    13    X      61349.1726      61384.1464         0.057%         34.9738
[   46.93]    14           61349.1726      61384.1464         0.057%         34.9738
[   47.61]    15    X      61349.1726      61384.0873         0.057%         34.9147
[   48.22]    16           61349.1726      61384.0873         0.057%         34.9147
[   48.84]    17           61349.1726      61384.0873         0.057%         34.9147
[   49.46]    18    X      61349.1726      61384.0616         0.057%         34.8890
[   50.06]    19           61349.1726      61384.0616         0.057%         34.8890
[   50.67]    20           61349.1726      61384.0616         0.057%         34.8890
[   51.29]    21           61349.1726      61384.0616         0.057%         34.8890
[   51.93]    22           61349.1726      61384.0616         0.057%         34.8890
[   52.54]    23           61349.1726      61384.0616         0.057%         34.8890
[   53.14]    24           61349.1726      61384.0616         0.057%         34.8890
[   53.75]    25           61349.1726      61384.0616         0.057%         34.8890
[   54.46]    26           61349.1726      61384.0616         0.057%         34.8890
[   55.19]    27           61349.1726      61384.0616         0.057%         34.8890
[   55.87]    28           61349.1726      61384.0616         0.057%         34.8890
[   56.55]    29           61349.1726      61384.0616         0.057%         34.8890
[   57.26]    30           61349.1726      61384.0616         0.057%         34.8890
[   57.98]    31           61349.1726      61384.0616         0.057%         34.8890
[   58.68]    32           61349.1726      61384.0616         0.057%         34.8890
[   59.37]    33           61349.1726      61384.0616         0.057%         34.8890
[   60.06]    34           61349.1726      61384.0616         0.057%         34.8890
[   60.74]    35           61349.1726      61384.0616         0.057%         34.8890
[   61.44]    36           61349.1726      61384.0616         0.057%         34.8890
[   62.14]    37           61349.1726      61384.0616         0.057%         34.8890
[   62.82]    38           61349.1726      61384.0616         0.057%         34.8890
[   63.52]    39           61349.1726      61384.0616         0.057%         34.8890
[   64.20]    40           61349.1726      61384.0616         0.057%         34.8890
[   64.91]    41           61349.1726      61384.0616         0.057%         34.8890
[   65.59]    42           61349.1726      61384.0616         0.057%         34.8890
[   66.29]    43           61349.1726      61384.0616         0.057%         34.8890
[   66.97]    44           61349.1726      61384.0616         0.057%         34.8890
[   67.66]    45           61349.1726      61384.0616         0.057%         34.8890
[   68.35]    46           61349.1726      61384.0616         0.057%         34.8890
[   69.03]    47           61349.1726      61384.0616         0.057%         34.8890
[   69.72]    48           61349.1726      61384.0616         0.057%         34.8890
[   70.41]    49           61349.1726      61384.0616         0.057%         34.8890
[   71.11]    50           61349.1726      61384.0616         0.057%         34.8890
[   71.81]    51           61349.1726      61384.0616         0.057%         34.8890
[   72.50]    52           61349.1726      61384.0616         0.057%         34.8890
[   73.18]    53           61349.1726      61384.0616         0.057%         34.8890
[   73.87]    54           61349.1726      61384.0616         0.057%         34.8890
[   74.58]    55           61349.1726      61384.0616         0.057%         34.8890
[   75.26]    56           61349.1726      61384.0616         0.057%         34.8890
[   75.95]    57           61349.1726      61384.0616         0.057%         34.8890
[   76.67]    58           61349.1726      61384.0616         0.057%         34.8890
[   77.38]    59           61349.1726      61384.0616         0.057%         34.8890
[   78.08]    60           61349.1726      61384.0616         0.057%         34.8890
[   78.76]    61           61349.1726      61384.0616         0.057%         34.8890
[   79.44]    62           61349.1726      61384.0616         0.057%         34.8890
[   80.12]    63           61349.1726      61384.0616         0.057%         34.8890
[   80.83]    64           61349.1726      61384.0616         0.057%         34.8890
[   81.51]    65           61349.1726      61384.0616         0.057%         34.8890
[   82.22]    66           61349.1726      61384.0616         0.057%         34.8890
[   82.92]    67           61349.1726      61384.0616         0.057%         34.8890
[   83.63]    68           61349.1726      61384.0616         0.057%         34.8890
[   84.32]    69           61349.1726      61384.0616         0.057%         34.8890
[   85.01]    70           61349.1726      61384.0616         0.057%         34.8890
[   85.72]    71           61349.1726      61384.0616         0.057%         34.8890
[   86.41]    72           61349.1726      61384.0616         0.057%         34.8890
[   87.12]    73           61349.1726      61384.0616         0.057%         34.8890
[   87.82]    74           61349.1726      61384.0616         0.057%         34.8890
[   88.51]    75           61349.1726      61384.0616         0.057%         34.8890
[   89.22]    76           61349.1726      61384.0616         0.057%         34.8890
[   89.93]    77           61349.1726      61384.0616         0.057%         34.8890
[   90.65]    78           61349.1726      61384.0616         0.057%         34.8890
[   91.33]    79           61349.1726      61384.0616         0.057%         34.8890
[   92.04]    80           61349.1726      61384.0616         0.057%         34.8890
[   92.72]    81           61349.1726      61384.0616         0.057%         34.8890
[   93.42]    82           61349.1726      61384.0616         0.057%         34.8890
[   94.13]    83           61349.1726      61384.0616         0.057%         34.8890
[   94.83]    84           61349.1726      61384.0616         0.057%         34.8890
[   95.52]    85           61349.1726      61384.0616         0.057%         34.8890
[   96.24]    86           61349.1726      61384.0616         0.057%         34.8890
[   96.94]    87           61349.1726      61384.0616         0.057%         34.8890
[   97.63]    88           61349.1726      61384.0616         0.057%         34.8890
[   98.33]    89           61349.1726      61384.0616         0.057%         34.8890
[   99.02]    90           61349.1726      61384.0616         0.057%         34.8890
[   99.74]    91           61349.1726      61384.0616         0.057%         34.8890
[  100.45]    92           61349.1726      61384.0616         0.057%         34.8890
[  101.16]    93           61349.1726      61384.0616         0.057%         34.8890
[  101.84]    94           61349.1726      61384.0616         0.057%         34.8890
[  102.55]    95           61349.1726      61384.0616         0.057%         34.8890
[  103.25]    96           61349.1726      61384.0616         0.057%         34.8890
[  103.94]    97           61349.1726      61384.0616         0.057%         34.8890
[  104.63]    98           61349.1726      61384.0616         0.057%         34.8890
[  105.33]    99           61349.1726      61384.0616         0.057%         34.8890
[  106.03]   100           61349.1726      61384.0616         0.057%         34.8890
[  106.03] Reached user-specified limit=100 on number of PH iterations
[  106.21] Hub algorithm PH complete, waiting for spoke finalization
[  106.58] Spoke XhatShuffleInnerBound finalized
[  110.64] Spoke LagrangianOuterBound finalized
[  114.75] Spoke FrankWolfeOuterBound finalized
[  114.75] Statistics at termination
[  114.75] Iter.           Best Bound  Best Incumbent      Rel. Gap        Abs. Gap
[  114.75]   100  F        61368.3202      61384.0616         0.026%         15.7414
[  114.75] Windows freed
