[    0.00] Initializing mpi-sppy
[    6.55] Initializing SPBase
[   11.82] Initializing PHBase
[   11.89] Starting spcomm.main()
Set parameter TSPort to value 28522
Set parameter TSPort to value 28522
Set parameter TSPort to value 28522
Set parameter TSPort to value 28522
Set parameter TokenServer to value "elsie3.llnl.gov"
Set parameter TSPort to value 28522
Set parameter TSPort to value 28522
Set parameter TSPort to value 28522
Set parameter TSPort to value 28522
Set parameter TokenServer to value "elsie3.llnl.gov"
Set parameter TSPort to value 28522
Set parameter TokenServer to value "elsie3.llnl.gov"
Set parameter TokenServer to value "elsie3.llnl.gov"
Set parameter TokenServer to value "elsie3.llnl.gov"
Set parameter TSPort to value 28522
Set parameter TokenServer to value "elsie3.llnl.gov"
Set parameter TSPort to value 28522
Set parameter TokenServer to value "elsie3.llnl.gov"
Set parameter TokenServer to value "elsie3.llnl.gov"
Set parameter TSPort to value 28522
Set parameter TokenServer to value "elsie3.llnl.gov"
Set parameter TSPort to value 28522
Set parameter TSPort to value 28522
Set parameter TSPort to value 28522
Set parameter TSPort to value 28522
Set parameter TSPort to value 28522
Set parameter TSPort to value 28522
Set parameter TokenServer to value "elsie3.llnl.gov"
Set parameter TSPort to value 28522
Set parameter TSPort to value 28522
Set parameter TokenServer to value "elsie3.llnl.gov"
Set parameter TokenServer to value "elsie3.llnl.gov"
Set parameter TokenServer to value "elsie3.llnl.gov"
Set parameter TokenServer to value "elsie3.llnl.gov"
Set parameter TokenServer to value "elsie3.llnl.gov"
Set parameter TokenServer to value "elsie3.llnl.gov"
Set parameter TokenServer to value "elsie3.llnl.gov"
Set parameter TSPort to value 28522
Set parameter TSPort to value 28522
Set parameter TokenServer to value "elsie3.llnl.gov"
Set parameter TSPort to value 28522
Set parameter TokenServer to value "elsie3.llnl.gov"
Set parameter TokenServer to value "elsie3.llnl.gov"
Set parameter TSPort to value 28522
Set parameter TokenServer to value "elsie3.llnl.gov"
Set parameter TSPort to value 28522
Set parameter TokenServer to value "elsie3.llnl.gov"
Set parameter TSPort to value 28522
Set parameter TokenServer to value "elsie3.llnl.gov"
Set parameter TSPort to value 28522
Set parameter TokenServer to value "elsie3.llnl.gov"
Set parameter TSPort to value 28522
Set parameter TokenServer to value "elsie3.llnl.gov"
Set parameter TSPort to value 28522
Set parameter TokenServer to value "elsie3.llnl.gov"
Set parameter TSPort to value 28522
Set parameter TSPort to value 28522
Set parameter TokenServer to value "elsie3.llnl.gov"
Set parameter TokenServer to value "elsie3.llnl.gov"
Set parameter TokenServer to value "elsie3.llnl.gov"
Set parameter TSPort to value 28522
Set parameter TSPort to value 28522
Set parameter TSPort to value 28522
Set parameter TSPort to value 28522
Set parameter TSPort to value 28522
Set parameter TokenServer to value "elsie3.llnl.gov"
Set parameter TokenServer to value "elsie3.llnl.gov"
Set parameter TokenServer to value "elsie3.llnl.gov"
Set parameter TSPort to value 28522
Set parameter TSPort to value 28522
Set parameter TokenServer to value "elsie3.llnl.gov"
Set parameter TSPort to value 28522
Set parameter TokenServer to value "elsie3.llnl.gov"
Set parameter TokenServer to value "elsie3.llnl.gov"
Set parameter TokenServer to value "elsie3.llnl.gov"
Set parameter TokenServer to value "elsie3.llnl.gov"
Set parameter TSPort to value 28522
Set parameter TokenServer to value "elsie3.llnl.gov"
Set parameter TokenServer to value "elsie3.llnl.gov"
Set parameter TSPort to value 28522
Set parameter TokenServer to value "elsie3.llnl.gov"
Set parameter TSPort to value 28522
Set parameter TokenServer to value "elsie3.llnl.gov"
Set parameter TSPort to value 28522
Set parameter TSPort to value 28522
Set parameter TokenServer to value "elsie3.llnl.gov"
Set parameter TSPort to value 28522
Set parameter TokenServer to value "elsie3.llnl.gov"
Set parameter TSPort to value 28522
Set parameter TokenServer to value "elsie3.llnl.gov"
Set parameter TSPort to value 28522
Set parameter TokenServer to value "elsie3.llnl.gov"
Set parameter TokenServer to value "elsie3.llnl.gov"
Set parameter TSPort to value 28522
Set parameter TSPort to value 28522
Set parameter TSPort to value 28522
Set parameter TokenServer to value "elsie3.llnl.gov"
Set parameter TokenServer to value "elsie3.llnl.gov"
Set parameter TokenServer to value "elsie3.llnl.gov"
Set parameter TSPort to value 28522
Set parameter TokenServer to value "elsie3.llnl.gov"
Set parameter TSPort to value 28522
Set parameter TokenServer to value "elsie3.llnl.gov"
Set parameter TSPort to value 28522
Set parameter TokenServer to value "elsie3.llnl.gov"
Set parameter TSPort to value 28522
Set parameter TokenServer to value "elsie3.llnl.gov"
Set parameter TSPort to value 28522
Set parameter TokenServer to value "elsie3.llnl.gov"
Set parameter TSPort to value 28522
Set parameter TokenServer to value "elsie3.llnl.gov"
Set parameter TSPort to value 28522
Set parameter TokenServer to value "elsie3.llnl.gov"
Set parameter TSPort to value 28522
Set parameter TSPort to value 28522
Set parameter TokenServer to value "elsie3.llnl.gov"
Set parameter TSPort to value 28522
Set parameter TSPort to value 28522
Set parameter TSPort to value 28522
Set parameter TokenServer to value "elsie3.llnl.gov"
Set parameter TSPort to value 28522
Set parameter TokenServer to value "elsie3.llnl.gov"
Set parameter TokenServer to value "elsie3.llnl.gov"
Set parameter TokenServer to value "elsie3.llnl.gov"
Set parameter TokenServer to value "elsie3.llnl.gov"
[   12.06] Creating solvers
Set parameter TSPort to value 28522
Set parameter TokenServer to value "elsie3.llnl.gov"
Set parameter TSPort to value 28522
Set parameter TokenServer to value "elsie3.llnl.gov"
Set parameter TSPort to value 28522
Set parameter TokenServer to value "elsie3.llnl.gov"
Set parameter TSPort to value 28522
Set parameter TokenServer to value "elsie3.llnl.gov"
Set parameter TokenServer to value "elsie3.llnl.gov"
Set parameter TSPort to value 28522
Set parameter TokenServer to value "elsie3.llnl.gov"
Set parameter TSPort to value 28522
Set parameter TokenServer to value "elsie3.llnl.gov"
Set parameter TSPort to value 28522
Set parameter TokenServer to value "elsie3.llnl.gov"
Set parameter TSPort to value 28522
Set parameter TokenServer to value "elsie3.llnl.gov"
Set parameter TSPort to value 28522
Set parameter TokenServer to value "elsie3.llnl.gov"
Set parameter TSPort to value 28522
Set parameter TokenServer to value "elsie3.llnl.gov"
Set parameter TSPort to value 28522
Set parameter TokenServer to value "elsie3.llnl.gov"
Set parameter TSPort to value 28522
Set parameter TokenServer to value "elsie3.llnl.gov"
Set parameter TSPort to value 28522
Set parameter TokenServer to value "elsie3.llnl.gov"
Set parameter TSPort to value 28522
Set parameter TokenServer to value "elsie3.llnl.gov"
Set parameter TSPort to value 28522
Set parameter TokenServer to value "elsie3.llnl.gov"
Set parameter TSPort to value 28522
Set parameter TokenServer to value "elsie3.llnl.gov"
Set parameter TSPort to value 28522
Set parameter TokenServer to value "elsie3.llnl.gov"
Set parameter TSPort to value 28522
Set parameter TokenServer to value "elsie3.llnl.gov"
Set parameter TSPort to value 28522
Set parameter TokenServer to value "elsie3.llnl.gov"
Set parameter TSPort to value 28522
Set parameter TokenServer to value "elsie3.llnl.gov"
Set parameter TSPort to value 28522
Set parameter TokenServer to value "elsie3.llnl.gov"
Set parameter TSPort to value 28522
Set parameter TSPort to value 28522
Set parameter TSPort to value 28522
Set parameter TokenServer to value "elsie3.llnl.gov"
Set parameter TokenServer to value "elsie3.llnl.gov"
Set parameter TokenServer to value "elsie3.llnl.gov"
Set parameter TSPort to value 28522
Set parameter TokenServer to value "elsie3.llnl.gov"
Set parameter TSPort to value 28522
Set parameter TokenServer to value "elsie3.llnl.gov"
Set parameter TSPort to value 28522
Set parameter TokenServer to value "elsie3.llnl.gov"
Set parameter TSPort to value 28522
Set parameter TokenServer to value "elsie3.llnl.gov"
Set parameter TSPort to value 28522
Set parameter TokenServer to value "elsie3.llnl.gov"
Set parameter TSPort to value 28522
Set parameter TokenServer to value "elsie3.llnl.gov"
Set parameter TSPort to value 28522
Set parameter TokenServer to value "elsie3.llnl.gov"
Set parameter TSPort to value 28522
Set parameter TokenServer to value "elsie3.llnl.gov"
Set parameter TSPort to value 28522
Set parameter TokenServer to value "elsie3.llnl.gov"
Set parameter TSPort to value 28522
Set parameter TokenServer to value "elsie3.llnl.gov"
Set parameter TSPort to value 28522
Set parameter TokenServer to value "elsie3.llnl.gov"
Set parameter TSPort to value 28522
Set parameter TokenServer to value "elsie3.llnl.gov"
Set parameter TSPort to value 28522
Set parameter TokenServer to value "elsie3.llnl.gov"
[   21.33] Entering solve loop in PHBase.Iter0
[   27.82] Iter.           Best Bound  Best Incumbent      Rel. Gap        Abs. Gap
[   27.82]     1  * X      60883.6268      60930.1236         0.076%         46.4968
[   30.77]     2           60883.6268      60930.1236         0.076%         46.4968
[   33.15]     3           60883.6268      60930.1236         0.076%         46.4968
[   35.56]     4    X      60883.6268      60928.8886         0.074%         45.2618
[   37.85]     5    X      60883.6268      60928.4786         0.074%         44.8518
[   40.11]     6    X      60883.6268      60928.2449         0.073%         44.6181
[   42.53]     7    X      60883.6268      60928.2305         0.073%         44.6037
[   43.52]     8           60883.6268      60928.2305         0.073%         44.6037
[   44.33]     9    X      60883.6268      60928.2177         0.073%         44.5910
[   45.02]    10           60883.6268      60928.2177         0.073%         44.5910
[   45.70]    11           60883.6268      60928.2177         0.073%         44.5910
[   46.36]    12           60883.6268      60928.2177         0.073%         44.5910
[   47.01]    13           60883.6268      60928.2177         0.073%         44.5910
[   47.66]    14           60883.6268      60928.2177         0.073%         44.5910
[   48.30]    15           60883.6268      60928.2177         0.073%         44.5910
[   48.91]    16           60883.6268      60928.2177         0.073%         44.5910
[   49.53]    17           60883.6268      60928.2177         0.073%         44.5910
[   50.14]    18           60883.6268      60928.2177         0.073%         44.5910
[   50.76]    19           60883.6268      60928.2177         0.073%         44.5910
[   51.39]    20           60883.6268      60928.2177         0.073%         44.5910
[   52.02]    21           60883.6268      60928.2177         0.073%         44.5910
[   52.64]    22           60883.6268      60928.2177         0.073%         44.5910
[   53.26]    23           60883.6268      60928.2177         0.073%         44.5910
[   53.88]    24           60883.6268      60928.2177         0.073%         44.5910
[   54.55]    25           60883.6268      60928.2177         0.073%         44.5910
[   55.19]    26           60883.6268      60928.2177         0.073%         44.5910
[   55.81]    27           60883.6268      60928.2177         0.073%         44.5910
[   56.42]    28           60883.6268      60928.2177         0.073%         44.5910
[   57.02]    29           60883.6268      60928.2177         0.073%         44.5910
[   57.67]    30           60883.6268      60928.2177         0.073%         44.5910
[   58.31]    31           60883.6268      60928.2177         0.073%         44.5910
[   58.93]    32           60883.6268      60928.2177         0.073%         44.5910
[   59.66]    33           60883.6268      60928.2177         0.073%         44.5910
[   60.37]    34           60883.6268      60928.2177         0.073%         44.5910
[   61.07]    35           60883.6268      60928.2177         0.073%         44.5910
[   61.77]    36           60883.6268      60928.2177         0.073%         44.5910
[   62.47]    37           60883.6268      60928.2177         0.073%         44.5910
[   63.21]    38           60883.6268      60928.2177         0.073%         44.5910
[   63.92]    39           60883.6268      60928.2177         0.073%         44.5910
[   64.63]    40           60883.6268      60928.2177         0.073%         44.5910
[   65.34]    41           60883.6268      60928.2177         0.073%         44.5910
[   66.08]    42           60883.6268      60928.2177         0.073%         44.5910
[   66.81]    43           60883.6268      60928.2177         0.073%         44.5910
[   67.52]    44           60883.6268      60928.2177         0.073%         44.5910
[   68.27]    45           60883.6268      60928.2177         0.073%         44.5910
[   68.99]    46           60883.6268      60928.2177         0.073%         44.5910
[   69.68]    47           60883.6268      60928.2177         0.073%         44.5910
[   70.41]    48           60883.6268      60928.2177         0.073%         44.5910
[   71.11]    49           60883.6268      60928.2177         0.073%         44.5910
[   71.84]    50           60883.6268      60928.2177         0.073%         44.5910
[   72.55]    51           60883.6268      60928.2177         0.073%         44.5910
[   73.27]    52           60883.6268      60928.2177         0.073%         44.5910
[   73.98]    53           60883.6268      60928.2177         0.073%         44.5910
[   74.70]    54           60883.6268      60928.2177         0.073%         44.5910
[   75.43]    55           60883.6268      60928.2177         0.073%         44.5910
[   76.12]    56           60883.6268      60928.2177         0.073%         44.5910
[   76.83]    57           60883.6268      60928.2177         0.073%         44.5910
[   77.51]    58           60883.6268      60928.2177         0.073%         44.5910
[   78.20]    59           60883.6268      60928.2177         0.073%         44.5910
[   78.89]    60           60883.6268      60928.2177         0.073%         44.5910
[   79.58]    61           60883.6268      60928.2177         0.073%         44.5910
[   80.27]    62           60883.6268      60928.2177         0.073%         44.5910
[   80.95]    63           60883.6268      60928.2177         0.073%         44.5910
[   81.66]    64           60883.6268      60928.2177         0.073%         44.5910
[   82.35]    65           60883.6268      60928.2177         0.073%         44.5910
[   83.04]    66           60883.6268      60928.2177         0.073%         44.5910
[   83.75]    67           60883.6268      60928.2177         0.073%         44.5910
[   84.43]    68           60883.6268      60928.2177         0.073%         44.5910
[   85.14]    69           60883.6268      60928.2177         0.073%         44.5910
[   85.83]    70           60883.6268      60928.2177         0.073%         44.5910
[   86.53]    71           60883.6268      60928.2177         0.073%         44.5910
[   87.25]    72           60883.6268      60928.2177         0.073%         44.5910
[   87.97]    73           60883.6268      60928.2177         0.073%         44.5910
[   88.70]    74           60883.6268      60928.2177         0.073%         44.5910
[   89.44]    75           60883.6268      60928.2177         0.073%         44.5910
[   90.15]    76           60883.6268      60928.2177         0.073%         44.5910
[   90.84]    77           60883.6268      60928.2177         0.073%         44.5910
[   91.57]    78           60883.6268      60928.2177         0.073%         44.5910
[   92.30]    79           60883.6268      60928.2177         0.073%         44.5910
[   93.01]    80           60883.6268      60928.2177         0.073%         44.5910
[   93.71]    81           60883.6268      60928.2177         0.073%         44.5910
[   94.44]    82           60883.6268      60928.2177         0.073%         44.5910
[   95.15]    83           60883.6268      60928.2177         0.073%         44.5910
[   95.88]    84           60883.6268      60928.2177         0.073%         44.5910
[   96.59]    85           60883.6268      60928.2177         0.073%         44.5910
[   97.30]    86           60883.6268      60928.2177         0.073%         44.5910
[   98.03]    87           60883.6268      60928.2177         0.073%         44.5910
[   98.74]    88           60883.6268      60928.2177         0.073%         44.5910
[   99.44]    89           60883.6268      60928.2177         0.073%         44.5910
[  100.14]    90           60883.6268      60928.2177         0.073%         44.5910
[  100.83]    91           60883.6268      60928.2177         0.073%         44.5910
[  101.53]    92           60883.6268      60928.2177         0.073%         44.5910
[  102.25]    93           60883.6268      60928.2177         0.073%         44.5910
[  102.95]    94           60883.6268      60928.2177         0.073%         44.5910
[  103.64]    95           60883.6268      60928.2177         0.073%         44.5910
[  104.35]    96           60883.6268      60928.2177         0.073%         44.5910
[  105.04]    97           60883.6268      60928.2177         0.073%         44.5910
[  105.77]    98           60883.6268      60928.2177         0.073%         44.5910
[  106.50]    99           60883.6268      60928.2177         0.073%         44.5910
[  107.22]   100           60883.6268      60928.2177         0.073%         44.5910
[  107.22] Reached user-specified limit=100 on number of PH iterations
[  107.40] Hub algorithm PH complete, waiting for spoke finalization
[  107.54] Spoke XhatShuffleInnerBound finalized
[  113.93] Spoke LagrangianOuterBound finalized
[  133.81] Spoke FrankWolfeOuterBound finalized
[  133.82] Statistics at termination
[  133.82] Iter.           Best Bound  Best Incumbent      Rel. Gap        Abs. Gap
[  133.82]   100  F        60908.9959      60928.2177         0.032%         19.2218
[  133.82] Windows freed
