[    0.00] Initializing mpi-sppy
[    6.65] Initializing SPBase
[   11.85] Initializing PHBase
[   11.92] Starting spcomm.main()
[   12.09] Creating solvers
[   21.33] Entering solve loop in PHBase.Iter0
[   27.53] Iter.           Best Bound  Best Incumbent      Rel. Gap        Abs. Gap
[   27.53]     1  * X      60883.6268      60930.1236         0.076%         46.4968
[   30.54]     2           60883.6268      60930.1236         0.076%         46.4968
[   32.75]     3           60883.6268      60930.1236         0.076%         46.4968
[   35.11]     4           60883.6268      60930.1236         0.076%         46.4968
[   37.40]     5    X      60883.6268      60928.2305         0.073%         44.6037
[   39.63]     6           60883.6268      60928.2305         0.073%         44.6037
[   41.88]     7           60883.6268      60928.2305         0.073%         44.6037
[   42.90]     8           60883.6268      60928.2305         0.073%         44.6037
[   43.71]     9           60883.6268      60928.2305         0.073%         44.6037
[   44.39]    10           60883.6268      60928.2305         0.073%         44.6037
[   45.07]    11           60883.6268      60928.2305         0.073%         44.6037
[   45.72]    12           60883.6268      60928.2305         0.073%         44.6037
[   46.36]    13           60883.6268      60928.2305         0.073%         44.6037
[   46.99]    14    X      60883.6268      60928.2177         0.073%         44.5910
[   47.61]    15           60883.6268      60928.2177         0.073%         44.5910
[   48.21]    16           60883.6268      60928.2177         0.073%         44.5910
[   48.83]    17           60883.6268      60928.2177         0.073%         44.5910
[   49.44]    18           60883.6268      60928.2177         0.073%         44.5910
[   50.08]    19           60883.6268      60928.2177         0.073%         44.5910
[   50.70]    20           60883.6268      60928.2177         0.073%         44.5910
[   51.29]    21           60883.6268      60928.2177         0.073%         44.5910
[   51.91]    22           60883.6268      60928.2177         0.073%         44.5910
[   52.50]    23           60883.6268      60928.2177         0.073%         44.5910
[   53.11]    24           60883.6268      60928.2177         0.073%         44.5910
[   53.75]    25           60883.6268      60928.2177         0.073%         44.5910
[   54.36]    26           60883.6268      60928.2177         0.073%         44.5910
[   54.97]    27           60883.6268      60928.2177         0.073%         44.5910
[   55.59]    28           60883.6268      60928.2177         0.073%         44.5910
[   56.19]    29           60883.6268      60928.2177         0.073%         44.5910
[   56.82]    30           60883.6268      60928.2177         0.073%         44.5910
[   57.43]    31           60883.6268      60928.2177         0.073%         44.5910
[   58.03]    32           60883.6268      60928.2177         0.073%         44.5910
[   58.74]    33           60883.6268      60928.2177         0.073%         44.5910
[   59.43]    34           60883.6268      60928.2177         0.073%         44.5910
[   60.16]    35           60883.6268      60928.2177         0.073%         44.5910
[   60.85]    36           60883.6268      60928.2177         0.073%         44.5910
[   61.55]    37           60883.6268      60928.2177         0.073%         44.5910
[   62.26]    38           60883.6268      60928.2177         0.073%         44.5910
[   62.97]    39           60883.6268      60928.2177         0.073%         44.5910
[   63.69]    40           60883.6268      60928.2177         0.073%         44.5910
[   64.39]    41           60883.6268      60928.2177         0.073%         44.5910
[   65.09]    42           60883.6268      60928.2177         0.073%         44.5910
[   65.78]    43           60883.6268      60928.2177         0.073%         44.5910
[   66.49]    44           60883.6268      60928.2177         0.073%         44.5910
[   67.21]    45           60883.6268      60928.2177         0.073%         44.5910
[   67.91]    46           60883.6268      60928.2177         0.073%         44.5910
[   68.60]    47           60883.6268      60928.2177         0.073%         44.5910
[   69.31]    48           60883.6268      60928.2177         0.073%         44.5910
[   70.02]    49           60883.6268      60928.2177         0.073%         44.5910
[   70.75]    50           60883.6268      60928.2177         0.073%         44.5910
[   71.44]    51           60883.6268      60928.2177         0.073%         44.5910
[   72.15]    52           60883.6268      60928.2177         0.073%         44.5910
[   72.84]    53           60883.6268      60928.2177         0.073%         44.5910
[   73.56]    54           60883.6268      60928.2177         0.073%         44.5910
[   74.29]    55           60883.6268      60928.2177         0.073%         44.5910
[   74.99]    56           60883.6268      60928.2177         0.073%         44.5910
[   75.70]    57           60883.6268      60928.2177         0.073%         44.5910
[   76.41]    58           60883.6268      60928.2177         0.073%         44.5910
[   77.12]    59           60883.6268      60928.2177         0.073%         44.5910
[   77.85]    60           60883.6268      60928.2177         0.073%         44.5910
[   78.57]    61           60883.6268      60928.2177         0.073%         44.5910
[   79.28]    62           60883.6268      60928.2177         0.073%         44.5910
[   79.98]    63           60883.6268      60928.2177         0.073%         44.5910
[   80.69]    64           60883.6268      60928.2177         0.073%         44.5910
[   81.42]    65           60883.6268      60928.2177         0.073%         44.5910
[   82.11]    66           60883.6268      60928.2177         0.073%         44.5910
[   82.84]    67           60883.6268      60928.2177         0.073%         44.5910
[   83.55]    68           60883.6268      60928.2177         0.073%         44.5910
[   84.28]    69           60883.6268      60928.2177         0.073%         44.5910
[   84.99]    70           60883.6268      60928.2177         0.073%         44.5910
[   85.69]    71           60883.6268      60928.2177         0.073%         44.5910
[   86.40]    72           60883.6268      60928.2177         0.073%         44.5910
[   87.09]    73           60883.6268      60928.2177         0.073%         44.5910
[   87.82]    74           60883.6268      60928.2177         0.073%         44.5910
[   88.51]    75           60883.6268      60928.2177         0.073%         44.5910
[   89.20]    76           60883.6268      60928.2177         0.073%         44.5910
[   89.90]    77           60883.6268      60928.2177         0.073%         44.5910
[   90.60]    78           60883.6268      60928.2177         0.073%         44.5910
[   91.33]    79           60883.6268      60928.2177         0.073%         44.5910
[   92.01]    80           60883.6268      60928.2177         0.073%         44.5910
[   92.70]    81           60883.6268      60928.2177         0.073%         44.5910
[   93.41]    82           60883.6268      60928.2177         0.073%         44.5910
[   94.12]    83           60883.6268      60928.2177         0.073%         44.5910
[   94.84]    84           60883.6268      60928.2177         0.073%         44.5910
[   95.55]    85           60883.6268      60928.2177         0.073%         44.5910
[   96.25]    86           60883.6268      60928.2177         0.073%         44.5910
[   96.94]    87           60883.6268      60928.2177         0.073%         44.5910
[   97.67]    88           60883.6268      60928.2177         0.073%         44.5910
[   98.38]    89           60883.6268      60928.2177         0.073%         44.5910
[   99.08]    90           60883.6268      60928.2177         0.073%         44.5910
[   99.79]    91           60883.6268      60928.2177         0.073%         44.5910
[  100.48]    92           60883.6268      60928.2177         0.073%         44.5910
[  101.22]    93           60883.6268      60928.2177         0.073%         44.5910
[  101.93]    94           60883.6268      60928.2177         0.073%         44.5910
[  102.64]    95           60883.6268      60928.2177         0.073%         44.5910
[  103.34]    96           60883.6268      60928.2177         0.073%         44.5910
[  104.04]    97           60883.6268      60928.2177         0.073%         44.5910
[  104.77]    98           60883.6268      60928.2177         0.073%         44.5910
[  105.48]    99           60883.6268      60928.2177         0.073%         44.5910
[  106.19]   100           60883.6268      60928.2177         0.073%         44.5910
[  106.19] Reached user-specified limit=100 on number of PH iterations
[  106.38] Hub algorithm PH complete, waiting for spoke finalization
[  106.38] Spoke XhatShuffleInnerBound finalized
[  112.86] Spoke LagrangianOuterBound finalized
[  112.86] Statistics at termination
[  112.86] Iter.           Best Bound  Best Incumbent      Rel. Gap        Abs. Gap
[  112.86]   100  L        60883.6268      60928.2177         0.073%         44.5910
[  112.86] Windows freed
