[    0.00] Initializing mpi-sppy
[    8.20] Initializing SPBase
[   13.28] Initializing PHBase
[   13.35] Starting spcomm.main()
[   13.52] Creating solvers
[   22.89] Entering solve loop in PHBase.Iter0
[   27.82] Iter.           Best Bound  Best Incumbent      Rel. Gap        Abs. Gap
[   27.82]     1  L X      64107.2553      64155.8333         0.076%         48.5780
[   29.85]     2           64107.2553      64155.8333         0.076%         48.5780
[   31.79]     3    X      64107.2553      64142.5438         0.055%         35.2884
[   33.68]     4           64107.2553      64142.5438         0.055%         35.2884
[   35.55]     5    X      64107.2553      64142.2576         0.055%         35.0023
[   37.44]     6           64107.2553      64142.2576         0.055%         35.0023
[   39.40]     7           64107.2553      64142.2576         0.055%         35.0023
[   40.20]     8           64107.2553      64142.2576         0.055%         35.0023
[   40.83]     9           64107.2553      64142.2576         0.055%         35.0023
[   41.42]    10           64107.2553      64142.2576         0.055%         35.0023
[   42.00]    11           64107.2553      64142.2576         0.055%         35.0023
[   42.58]    12           64107.2553      64142.2576         0.055%         35.0023
[   43.15]    13           64107.2553      64142.2576         0.055%         35.0023
[   43.75]    14           64107.2553      64142.2576         0.055%         35.0023
[   44.33]    15           64107.2553      64142.2576         0.055%         35.0023
[   44.91]    16           64107.2553      64142.2576         0.055%         35.0023
[   45.50]    17           64107.2553      64142.2576         0.055%         35.0023
[   46.08]    18           64107.2553      64142.2576         0.055%         35.0023
[   46.66]    19           64107.2553      64142.2576         0.055%         35.0023
[   47.33]    20           64107.2553      64142.2576         0.055%         35.0023
[   47.98]    21           64107.2553      64142.2576         0.055%         35.0023
[   48.66]    22           64107.2553      64142.2576         0.055%         35.0023
[   49.32]    23           64107.2553      64142.2576         0.055%         35.0023
[   49.98]    24           64107.2553      64142.2576         0.055%         35.0023
[   50.64]    25           64107.2553      64142.2576         0.055%         35.0023
[   51.35]    26           64107.2553      64142.2576         0.055%         35.0023
[   52.03]    27           64107.2553      64142.2576         0.055%         35.0023
[   52.69]    28           64107.2553      64142.2576         0.055%         35.0023
[   53.35]    29           64107.2553      64142.2576         0.055%         35.0023
[   54.06]    30           64107.2553      64142.2576         0.055%         35.0023
[   54.72]    31           64107.2553      64142.2576         0.055%         35.0023
[   55.38]    32           64107.2553      64142.2576         0.055%         35.0023
[   56.05]    33           64107.2553      64142.2576         0.055%         35.0023
[   56.71]    34           64107.2553      64142.2576         0.055%         35.0023
[   57.40]    35           64107.2553      64142.2576         0.055%         35.0023
[   58.08]    36           64107.2553      64142.2576         0.055%         35.0023
[   58.78]    37           64107.2553      64142.2576         0.055%         35.0023
[   59.48]    38           64107.2553      64142.2576         0.055%         35.0023
[   60.16]    39           64107.2553      64142.2576         0.055%         35.0023
[   60.82]    40           64107.2553      64142.2576         0.055%         35.0023
[   61.49]    41           64107.2553      64142.2576         0.055%         35.0023
[   62.17]    42           64107.2553      64142.2576         0.055%         35.0023
[   62.83]    43           64107.2553      64142.2576         0.055%         35.0023
[   63.51]    44           64107.2553      64142.2576         0.055%         35.0023
[   64.17]    45           64107.2553      64142.2576         0.055%         35.0023
[   64.83]    46           64107.2553      64142.2576         0.055%         35.0023
[   65.49]    47           64107.2553      64142.2576         0.055%         35.0023
[   66.18]    48           64107.2553      64142.2576         0.055%         35.0023
[   66.84]    49           64107.2553      64142.2576         0.055%         35.0023
[   67.52]    50           64107.2553      64142.2576         0.055%         35.0023
[   68.18]    51           64107.2553      64142.2576         0.055%         35.0023
[   68.88]    52           64107.2553      64142.2576         0.055%         35.0023
[   69.55]    53           64107.2553      64142.2576         0.055%         35.0023
[   70.23]    54           64107.2553      64142.2576         0.055%         35.0023
[   70.93]    55           64107.2553      64142.2576         0.055%         35.0023
[   71.61]    56           64107.2553      64142.2576         0.055%         35.0023
[   72.29]    57           64107.2553      64142.2576         0.055%         35.0023
[   72.95]    58           64107.2553      64142.2576         0.055%         35.0023
[   73.65]    59           64107.2553      64142.2576         0.055%         35.0023
[   74.31]    60           64107.2553      64142.2576         0.055%         35.0023
[   74.96]    61           64107.2553      64142.2576         0.055%         35.0023
[   75.63]    62           64107.2553      64142.2576         0.055%         35.0023
[   76.30]    63           64107.2553      64142.2576         0.055%         35.0023
[   76.98]    64           64107.2553      64142.2576         0.055%         35.0023
[   77.63]    65           64107.2553      64142.2576         0.055%         35.0023
[   78.33]    66           64107.2553      64142.2576         0.055%         35.0023
[   78.99]    67           64107.2553      64142.2576         0.055%         35.0023
[   79.66]    68           64107.2553      64142.2576         0.055%         35.0023
[   80.32]    69           64107.2553      64142.2576         0.055%         35.0023
[   81.01]    70           64107.2553      64142.2576         0.055%         35.0023
[   81.67]    71           64107.2553      64142.2576         0.055%         35.0023
[   82.32]    72           64107.2553      64142.2576         0.055%         35.0023
[   82.98]    73           64107.2553      64142.2576         0.055%         35.0023
[   83.69]    74           64107.2553      64142.2576         0.055%         35.0023
[   84.37]    75           64107.2553      64142.2576         0.055%         35.0023
[   85.03]    76           64107.2553      64142.2576         0.055%         35.0023
[   85.70]    77           64107.2553      64142.2576         0.055%         35.0023
[   86.38]    78           64107.2553      64142.2576         0.055%         35.0023
[   87.08]    79           64107.2553      64142.2576         0.055%         35.0023
[   87.76]    80           64107.2553      64142.2576         0.055%         35.0023
[   88.44]    81           64107.2553      64142.2576         0.055%         35.0023
[   89.10]    82           64107.2553      64142.2576         0.055%         35.0023
[   89.80]    83           64107.2553      64142.2576         0.055%         35.0023
[   90.46]    84           64107.2553      64142.2576         0.055%         35.0023
[   91.13]    85           64107.2553      64142.2576         0.055%         35.0023
[   91.80]    86           64107.2553      64142.2576         0.055%         35.0023
[   92.45]    87           64107.2553      64142.2576         0.055%         35.0023
[   93.15]    88           64107.2553      64142.2576         0.055%         35.0023
[   93.84]    89           64107.2553      64142.2576         0.055%         35.0023
[   94.51]    90           64107.2553      64142.2576         0.055%         35.0023
[   95.16]    91           64107.2553      64142.2576         0.055%         35.0023
[   95.85]    92           64107.2553      64142.2576         0.055%         35.0023
[   96.54]    93           64107.2553      64142.2576         0.055%         35.0023
[   97.20]    94           64107.2553      64142.2576         0.055%         35.0023
[   97.85]    95           64107.2553      64142.2576         0.055%         35.0023
[   98.56]    96           64107.2553      64142.2576         0.055%         35.0023
[   99.26]    97           64107.2553      64142.2576         0.055%         35.0023
[   99.94]    98           64107.2553      64142.2576         0.055%         35.0023
[  100.62]    99           64107.2553      64142.2576         0.055%         35.0023
[  101.28]   100           64107.2553      64142.2576         0.055%         35.0023
[  101.28] Reached user-specified limit=100 on number of PH iterations
[  101.46] Hub algorithm PH complete, waiting for spoke finalization
[  101.58] Spoke XhatShuffleInnerBound finalized
[  106.15] Spoke LagrangianOuterBound finalized
[  106.15] Statistics at termination
[  106.15] Iter.           Best Bound  Best Incumbent      Rel. Gap        Abs. Gap
[  106.15]   100           64107.2553      64142.2576         0.055%         35.0023
[  106.15] Windows freed
