[    0.00] Initializing mpi-sppy
[    7.03] Initializing SPBase
[   12.27] Initializing PHBase
[   12.36] Starting spcomm.main()
[   12.53] Creating solvers
[   21.82] Entering solve loop in PHBase.Iter0
[   28.84] Iter.           Best Bound  Best Incumbent      Rel. Gap        Abs. Gap
[   28.84]     1  L X      60577.8489   27495275.0966     45288.332%   27434697.2477
[   31.67]     2    X      60577.8489      60721.0305         0.236%        143.1816
[   34.16]     3    X      60577.8489      60697.9244         0.198%        120.0755
[   37.02]     4    X      60577.8489      60617.7132         0.066%         39.8643
[   39.38]     5           60577.8489      60617.7132         0.066%         39.8643
[   41.77]     6    X      60577.8489      60617.3592         0.065%         39.5103
[   44.00]     7           60577.8489      60617.3592         0.065%         39.5103
[   45.01]     8           60577.8489      60617.3592         0.065%         39.5103
[   45.77]     9           60577.8489      60617.3592         0.065%         39.5103
[   46.47]    10           60577.8489      60617.3592         0.065%         39.5103
[   47.14]    11           60577.8489      60617.3592         0.065%         39.5103
[   47.74]    12           60577.8489      60617.3592         0.065%         39.5103
[   48.37]    13           60577.8489      60617.3592         0.065%         39.5103
[   48.99]    14           60577.8489      60617.3592         0.065%         39.5103
[   49.62]    15           60577.8489      60617.3592         0.065%         39.5103
[   50.25]    16    X      60577.8489      60617.3361         0.065%         39.4872
[   50.87]    17           60577.8489      60617.3361         0.065%         39.4872
[   51.48]    18           60577.8489      60617.3361         0.065%         39.4872
[   52.09]    19           60577.8489      60617.3361         0.065%         39.4872
[   52.70]    20           60577.8489      60617.3361         0.065%         39.4872
[   53.32]    21           60577.8489      60617.3361         0.065%         39.4872
[   53.94]    22           60577.8489      60617.3361         0.065%         39.4872
[   54.55]    23           60577.8489      60617.3361         0.065%         39.4872
[   55.17]    24           60577.8489      60617.3361         0.065%         39.4872
[   55.80]    25           60577.8489      60617.3361         0.065%         39.4872
[   56.43]    26           60577.8489      60617.3361         0.065%         39.4872
[   57.16]    27           60577.8489      60617.3361         0.065%         39.4872
[   57.87]    28           60577.8489      60617.3361         0.065%         39.4872
[   58.56]    29           60577.8489      60617.3361         0.065%         39.4872
[   59.28]    30           60577.8489      60617.3361         0.065%         39.4872
[   59.98]    31           60577.8489      60617.3361         0.065%         39.4872
[   60.71]    32           60577.8489      60617.3361         0.065%         39.4872
[   61.42]    33           60577.8489      60617.3361         0.065%         39.4872
[   62.13]    34           60577.8489      60617.3361         0.065%         39.4872
[   62.86]    35           60577.8489      60617.3361         0.065%         39.4872
[   63.57]    36           60577.8489      60617.3361         0.065%         39.4872
[   64.31]    37           60577.8489      60617.3361         0.065%         39.4872
[   65.02]    38           60577.8489      60617.3361         0.065%         39.4872
[   65.72]    39           60577.8489      60617.3361         0.065%         39.4872
[   66.44]    40           60577.8489      60617.3361         0.065%         39.4872
[   67.17]    41           60577.8489      60617.3361         0.065%         39.4872
[   67.91]    42           60577.8489      60617.3361         0.065%         39.4872
[   68.62]    43           60577.8489      60617.3361         0.065%         39.4872
[   69.33]    44           60577.8489      60617.3361         0.065%         39.4872
[   70.05]    45           60577.8489      60617.3361         0.065%         39.4872
[   70.78]    46           60577.8489      60617.3361         0.065%         39.4872
[   71.51]    47           60577.8489      60617.3361         0.065%         39.4872
[   72.22]    48           60577.8489      60617.3361         0.065%         39.4872
[   72.95]    49           60577.8489      60617.3361         0.065%         39.4872
[   73.65]    50           60577.8489      60617.3361         0.065%         39.4872
[   74.38]    51           60577.8489      60617.3361         0.065%         39.4872
[   75.10]    52           60577.8489      60617.3361         0.065%         39.4872
[   75.81]    53           60577.8489      60617.3361         0.065%         39.4872
[   76.52]    54           60577.8489      60617.3361         0.065%         39.4872
[   77.23]    55           60577.8489      60617.3361         0.065%         39.4872
[   77.97]    56           60577.8489      60617.3361         0.065%         39.4872
[   78.69]    57           60577.8489      60617.3361         0.065%         39.4872
[   79.38]    58           60577.8489      60617.3361         0.065%         39.4872
[   80.10]    59           60577.8489      60617.3361         0.065%         39.4872
[   80.80]    60           60577.8489      60617.3361         0.065%         39.4872
[   81.53]    61           60577.8489      60617.3361         0.065%         39.4872
[   82.24]    62           60577.8489      60617.3361         0.065%         39.4872
[   82.93]    63           60577.8489      60617.3361         0.065%         39.4872
[   83.64]    64           60577.8489      60617.3361         0.065%         39.4872
[   84.34]    65           60577.8489      60617.3361         0.065%         39.4872
[   85.08]    66           60577.8489      60617.3361         0.065%         39.4872
[   85.78]    67           60577.8489      60617.3361         0.065%         39.4872
[   86.47]    68           60577.8489      60617.3361         0.065%         39.4872
[   87.19]    69           60577.8489      60617.3361         0.065%         39.4872
[   87.89]    70           60577.8489      60617.3361         0.065%         39.4872
[   88.62]    71           60577.8489      60617.3361         0.065%         39.4872
[   89.33]    72           60577.8489      60617.3361         0.065%         39.4872
[   90.02]    73           60577.8489      60617.3361         0.065%         39.4872
[   90.71]    74           60577.8489      60617.3361         0.065%         39.4872
[   91.42]    75           60577.8489      60617.3361         0.065%         39.4872
[   92.15]    76           60577.8489      60617.3361         0.065%         39.4872
[   92.86]    77           60577.8489      60617.3361         0.065%         39.4872
[   93.54]    78           60577.8489      60617.3361         0.065%         39.4872
[   94.26]    79           60577.8489      60617.3361         0.065%         39.4872
[   94.96]    80           60577.8489      60617.3361         0.065%         39.4872
[   95.69]    81           60577.8489      60617.3361         0.065%         39.4872
[   96.40]    82           60577.8489      60617.3361         0.065%         39.4872
[   97.09]    83           60577.8489      60617.3361         0.065%         39.4872
[   97.80]    84           60577.8489      60617.3361         0.065%         39.4872
[   98.49]    85           60577.8489      60617.3361         0.065%         39.4872
[   99.22]    86           60577.8489      60617.3361         0.065%         39.4872
[   99.92]    87           60577.8489      60617.3361         0.065%         39.4872
[  100.62]    88           60577.8489      60617.3361         0.065%         39.4872
[  101.32]    89           60577.8489      60617.3361         0.065%         39.4872
[  102.03]    90           60577.8489      60617.3361         0.065%         39.4872
[  102.77]    91           60577.8489      60617.3361         0.065%         39.4872
[  103.48]    92           60577.8489      60617.3361         0.065%         39.4872
[  104.18]    93           60577.8489      60617.3361         0.065%         39.4872
[  104.89]    94           60577.8489      60617.3361         0.065%         39.4872
[  105.61]    95           60577.8489      60617.3361         0.065%         39.4872
[  106.34]    96           60577.8489      60617.3361         0.065%         39.4872
[  107.05]    97           60577.8489      60617.3361         0.065%         39.4872
[  107.75]    98           60577.8489      60617.3361         0.065%         39.4872
[  108.47]    99           60577.8489      60617.3361         0.065%         39.4872
[  109.19]   100           60577.8489      60617.3361         0.065%         39.4872
[  109.19] Reached user-specified limit=100 on number of PH iterations
[  109.38] Hub algorithm PH complete, waiting for spoke finalization
[  109.44] Spoke XhatShuffleInnerBound finalized
[  114.46] Spoke LagrangianOuterBound finalized
[  114.46] Statistics at termination
[  114.46] Iter.           Best Bound  Best Incumbent      Rel. Gap        Abs. Gap
[  114.46]   100           60577.8489      60617.3361         0.065%         39.4872
[  114.46] Windows freed
